=== 7月实盘模拟: E_rnd0077 冠军策略 (完整配置) ===
期间: 2026-07-01 ~ 2026-07-22
初始资金: 10,000

加载历史数据...
[DATA] 加载 273 只基金净值数据
  [优化] chart排序完成(273只) + trading dates预排序(983天)

Period: 2026-07-01 ~ 2026-07-22
Days: 16
start_cash: 10,000
weights: Q17 C23 M29 Mo11 SM20
  progress: 2026-07-01 (1/16)
  SELL_REDUCE 007818 国泰中证全指通信设备ETF联接C 70%->24% amt=2621
  SELL_REDUCE 007818 国泰中证全指通信设备ETF联接C 50%->24% amt=2073
  SELL_REDUCE 007818 国泰中证全指通信设备ETF联接C 42%->24% amt=1728
  SELL_REDUCE 007818 国泰中证全指通信设备ETF联接C 40%->24% amt=1601
  SELL_REDUCE 007818 国泰中证全指通信设备ETF联接C 40%->24% amt=1601
  SELL_REDUCE 007818 国泰中证全指通信设备ETF联接C 40%->24% amt=1601
  SELL_REDUCE 007818 国泰中证全指通信设备ETF联接C 40%->24% amt=1601
  SELL_REDUCE 007818 国泰中证全指通信设备ETF联接C 40%->24% amt=1601
  SELL_REDUCE 007818 国泰中证全指通信设备ETF联接C 40%->24% amt=1601
  SELL_REDUCE 007818 国泰中证全指通信设备ETF联接C 40%->24% amt=1601
  SELL_REDUCE 007818 国泰中证全指通信设备ETF联接C 40%->24% amt=1601
  SELL_REDUCE 007818 国泰中证全指通信设备ETF联接C 40%->24% amt=1601
  SELL_REDUCE 007818 国泰中证全指通信设备ETF联接C 40%->24% amt=1601
  SELL_REDUCE 007818 国泰中证全指通信设备ETF联接C 40%->24% amt=1601
  SELL_REDUCE 007818 国泰中证全指通信设备ETF联接C 40%->24% amt=1601

==================================================
回测结果
==================================================
Initial: 10,000
Final: 9,996.86
Return: -0.03%
MaxDD: 0.00%
Trades: 13
Holdings: 13
Benchmark CSI300: +0.00%
BuyHold(011452): +0.00%
Scores: 385
Annualized: -0.49%
Volatility: 0.00%
Sharpe: 0.00
Calmar: 0.00
Fees: 3.14

==================================================
7月模拟结果:
==================================================
总收益: -0.03%
最大回撤: 0.00%
交易次数: 13
最终持仓: 13 只
基准(沪深300): +0.00%
超额收益: -0.03%
总费用: 3.14
