[     261ms] [LOG] window._READMISSION-- {setOption: , setElementHide: , setReceiveMissionModel: , setMissionId: , setMissionIdInner: } @ https://storage.jd.com/static-page/mission/forever/readmult/2.2.4/readPluginv2.2.4.js:1
[     595ms] [INFO] Images loaded lazily and replaced with placeholders. Load events are deferred. See https://go.microsoft.com/fwlink/?linkid=2048113 @ https://roma.jd.com/content/shipan-detail?targetUid=jimu_user_info-3546208:0
[     631ms] [WARNING] startExposure in web not supported @ https://roma.jd.com/content/shipan-detail/js/vendor_b5b5de29d5.js:46
[     771ms] [LOG] valid error @ https://roma.jd.com/content/shipan-detail/js/vendor_b5b5de29d5.js:0
[     789ms] [LOG] Download mq sdk failed ReferenceError: JOYER_ENV_ROMA_MQTT_APP_CODE is not defined
    at ge (https://roma.jd.com/content/shipan-detail/js/vendor_b5b5de29d5.js:20:138582)
    at https://roma.jd.com/content/shipan-detail/js/vendor_b5b5de29d5.js:20:141998 @ https://roma.jd.com/content/shipan-detail/js/vendor_b5b5de29d5.js:19
[     892ms] [LOG] ++++++v-bind解析异常 return arrowIcon ReferenceError: arrowIcon is not defined
    at eval (eval at _construct (https://roma.jd.com/content/shipan-detail/js/vendor_b5b5de29d5.js:15:162606), <anonymous>:3:1)
    at u (https://roma.jd.com/content/shipan-detail/js/vendor_b5b5de29d5.js:15:216304)
    at e.value (https://roma.jd.com/content/shipan-detail/js/vendor_b5b5de29d5.js:15:253224)
    at D (https://roma.jd.com/content/shipan-detail/js/vendor_b5b5de29d5.js:15:290536)
    at D (https://roma.jd.com/content/shipan-detail/js/vendor_b5b5de29d5.js:15:292268)
    at D (https://roma.jd.com/content/shipan-detail/js/vendor_b5b5de29d5.js:15:292268)
    at D (https://roma.jd.com/content/shipan-detail/js/vendor_b5b5de29d5.js:15:292268)
    at D (https://roma.jd.com/content/shipan-detail/js/vendor_b5b5de29d5.js:15:292268)
    at D (https://roma.jd.com/content/shipan-detail/js/vendor_b5b5de29d5.js:15:292268)
    at D (https://roma.jd.com/content/shipan-detail/js/vendor_b5b5de29d5.js:15:292268) @ https://roma.jd.com/content/shipan-detail/js/vendor_b5b5de29d5.js:14
[     910ms] [LOG] ++++++v-bind解析异常 return arrowIcon ReferenceError: arrowIcon is not defined
    at eval (eval at _construct (https://roma.jd.com/content/shipan-detail/js/vendor_b5b5de29d5.js:15:162606), <anonymous>:3:1)
    at u (https://roma.jd.com/content/shipan-detail/js/vendor_b5b5de29d5.js:15:216304)
    at e.value (https://roma.jd.com/content/shipan-detail/js/vendor_b5b5de29d5.js:15:253224)
    at D (https://roma.jd.com/content/shipan-detail/js/vendor_b5b5de29d5.js:15:290536)
    at D (https://roma.jd.com/content/shipan-detail/js/vendor_b5b5de29d5.js:15:292268)
    at D (https://roma.jd.com/content/shipan-detail/js/vendor_b5b5de29d5.js:15:292268)
    at D (https://roma.jd.com/content/shipan-detail/js/vendor_b5b5de29d5.js:15:292268)
    at D (https://roma.jd.com/content/shipan-detail/js/vendor_b5b5de29d5.js:15:292268)
    at D (https://roma.jd.com/content/shipan-detail/js/vendor_b5b5de29d5.js:15:292268)
    at D (https://roma.jd.com/content/shipan-detail/js/vendor_b5b5de29d5.js:15:292268) @ https://roma.jd.com/content/shipan-detail/js/vendor_b5b5de29d5.js:14
[     925ms] [LOG] ++++++v-bind解析异常 return arrowIcon ReferenceError: arrowIcon is not defined
    at eval (eval at _construct (https://roma.jd.com/content/shipan-detail/js/vendor_b5b5de29d5.js:15:162606), <anonymous>:3:1)
    at u (https://roma.jd.com/content/shipan-detail/js/vendor_b5b5de29d5.js:15:216304)
    at e.value (https://roma.jd.com/content/shipan-detail/js/vendor_b5b5de29d5.js:15:253224)
    at D (https://roma.jd.com/content/shipan-detail/js/vendor_b5b5de29d5.js:15:290536)
    at D (https://roma.jd.com/content/shipan-detail/js/vendor_b5b5de29d5.js:15:292268)
    at D (https://roma.jd.com/content/shipan-detail/js/vendor_b5b5de29d5.js:15:292268)
    at D (https://roma.jd.com/content/shipan-detail/js/vendor_b5b5de29d5.js:15:292268)
    at D (https://roma.jd.com/content/shipan-detail/js/vendor_b5b5de29d5.js:15:292268)
    at D (https://roma.jd.com/content/shipan-detail/js/vendor_b5b5de29d5.js:15:292268)
    at D (https://roma.jd.com/content/shipan-detail/js/vendor_b5b5de29d5.js:15:292268) @ https://roma.jd.com/content/shipan-detail/js/vendor_b5b5de29d5.js:14
[     938ms] [LOG] ++++++v-bind解析异常 return arrowIcon ReferenceError: arrowIcon is not defined
    at eval (eval at _construct (https://roma.jd.com/content/shipan-detail/js/vendor_b5b5de29d5.js:15:162606), <anonymous>:3:1)
    at u (https://roma.jd.com/content/shipan-detail/js/vendor_b5b5de29d5.js:15:216304)
    at e.value (https://roma.jd.com/content/shipan-detail/js/vendor_b5b5de29d5.js:15:253224)
    at D (https://roma.jd.com/content/shipan-detail/js/vendor_b5b5de29d5.js:15:290536)
    at D (https://roma.jd.com/content/shipan-detail/js/vendor_b5b5de29d5.js:15:292268)
    at D (https://roma.jd.com/content/shipan-detail/js/vendor_b5b5de29d5.js:15:292268)
    at D (https://roma.jd.com/content/shipan-detail/js/vendor_b5b5de29d5.js:15:292268)
    at D (https://roma.jd.com/content/shipan-detail/js/vendor_b5b5de29d5.js:15:292268)
    at D (https://roma.jd.com/content/shipan-detail/js/vendor_b5b5de29d5.js:15:292268)
    at D (https://roma.jd.com/content/shipan-detail/js/vendor_b5b5de29d5.js:15:292268) @ https://roma.jd.com/content/shipan-detail/js/vendor_b5b5de29d5.js:14
[     958ms] [LOG] ++++++v-bind解析异常 return arrowIcon ReferenceError: arrowIcon is not defined
    at eval (eval at _construct (https://roma.jd.com/content/shipan-detail/js/vendor_b5b5de29d5.js:15:162606), <anonymous>:3:1)
    at u (https://roma.jd.com/content/shipan-detail/js/vendor_b5b5de29d5.js:15:216304)
    at e.value (https://roma.jd.com/content/shipan-detail/js/vendor_b5b5de29d5.js:15:253224)
    at D (https://roma.jd.com/content/shipan-detail/js/vendor_b5b5de29d5.js:15:290536)
    at D (https://roma.jd.com/content/shipan-detail/js/vendor_b5b5de29d5.js:15:292268)
    at D (https://roma.jd.com/content/shipan-detail/js/vendor_b5b5de29d5.js:15:292268)
    at D (https://roma.jd.com/content/shipan-detail/js/vendor_b5b5de29d5.js:15:292268)
    at D (https://roma.jd.com/content/shipan-detail/js/vendor_b5b5de29d5.js:15:292268)
    at D (https://roma.jd.com/content/shipan-detail/js/vendor_b5b5de29d5.js:15:292268)
    at D (https://roma.jd.com/content/shipan-detail/js/vendor_b5b5de29d5.js:15:292268) @ https://roma.jd.com/content/shipan-detail/js/vendor_b5b5de29d5.js:14
[     972ms] [LOG] ++++++v-bind解析异常 return arrowIcon ReferenceError: arrowIcon is not defined
    at eval (eval at _construct (https://roma.jd.com/content/shipan-detail/js/vendor_b5b5de29d5.js:15:162606), <anonymous>:3:1)
    at u (https://roma.jd.com/content/shipan-detail/js/vendor_b5b5de29d5.js:15:216304)
    at e.value (https://roma.jd.com/content/shipan-detail/js/vendor_b5b5de29d5.js:15:253224)
    at D (https://roma.jd.com/content/shipan-detail/js/vendor_b5b5de29d5.js:15:290536)
    at D (https://roma.jd.com/content/shipan-detail/js/vendor_b5b5de29d5.js:15:292268)
    at D (https://roma.jd.com/content/shipan-detail/js/vendor_b5b5de29d5.js:15:292268)
    at D (https://roma.jd.com/content/shipan-detail/js/vendor_b5b5de29d5.js:15:292268)
    at D (https://roma.jd.com/content/shipan-detail/js/vendor_b5b5de29d5.js:15:292268)
    at D (https://roma.jd.com/content/shipan-detail/js/vendor_b5b5de29d5.js:15:292268)
    at D (https://roma.jd.com/content/shipan-detail/js/vendor_b5b5de29d5.js:15:292268) @ https://roma.jd.com/content/shipan-detail/js/vendor_b5b5de29d5.js:14
[     985ms] [LOG] ++++++v-bind解析异常 return arrowIcon ReferenceError: arrowIcon is not defined
    at eval (eval at _construct (https://roma.jd.com/content/shipan-detail/js/vendor_b5b5de29d5.js:15:162606), <anonymous>:3:1)
    at u (https://roma.jd.com/content/shipan-detail/js/vendor_b5b5de29d5.js:15:216304)
    at e.value (https://roma.jd.com/content/shipan-detail/js/vendor_b5b5de29d5.js:15:253224)
    at D (https://roma.jd.com/content/shipan-detail/js/vendor_b5b5de29d5.js:15:290536)
    at D (https://roma.jd.com/content/shipan-detail/js/vendor_b5b5de29d5.js:15:292268)
    at D (https://roma.jd.com/content/shipan-detail/js/vendor_b5b5de29d5.js:15:292268)
    at D (https://roma.jd.com/content/shipan-detail/js/vendor_b5b5de29d5.js:15:292268)
    at D (https://roma.jd.com/content/shipan-detail/js/vendor_b5b5de29d5.js:15:292268)
    at D (https://roma.jd.com/content/shipan-detail/js/vendor_b5b5de29d5.js:15:292268)
    at D (https://roma.jd.com/content/shipan-detail/js/vendor_b5b5de29d5.js:15:292268) @ https://roma.jd.com/content/shipan-detail/js/vendor_b5b5de29d5.js:14
[     997ms] [LOG] ++++++v-bind解析异常 return arrowIcon ReferenceError: arrowIcon is not defined
    at eval (eval at _construct (https://roma.jd.com/content/shipan-detail/js/vendor_b5b5de29d5.js:15:162606), <anonymous>:3:1)
    at u (https://roma.jd.com/content/shipan-detail/js/vendor_b5b5de29d5.js:15:216304)
    at e.value (https://roma.jd.com/content/shipan-detail/js/vendor_b5b5de29d5.js:15:253224)
    at D (https://roma.jd.com/content/shipan-detail/js/vendor_b5b5de29d5.js:15:290536)
    at D (https://roma.jd.com/content/shipan-detail/js/vendor_b5b5de29d5.js:15:292268)
    at D (https://roma.jd.com/content/shipan-detail/js/vendor_b5b5de29d5.js:15:292268)
    at D (https://roma.jd.com/content/shipan-detail/js/vendor_b5b5de29d5.js:15:292268)
    at D (https://roma.jd.com/content/shipan-detail/js/vendor_b5b5de29d5.js:15:292268)
    at D (https://roma.jd.com/content/shipan-detail/js/vendor_b5b5de29d5.js:15:292268)
    at D (https://roma.jd.com/content/shipan-detail/js/vendor_b5b5de29d5.js:15:292268) @ https://roma.jd.com/content/shipan-detail/js/vendor_b5b5de29d5.js:14
[    1010ms] [LOG] ++++++v-bind解析异常 return arrowIcon ReferenceError: arrowIcon is not defined
    at eval (eval at _construct (https://roma.jd.com/content/shipan-detail/js/vendor_b5b5de29d5.js:15:162606), <anonymous>:3:1)
    at u (https://roma.jd.com/content/shipan-detail/js/vendor_b5b5de29d5.js:15:216304)
    at e.value (https://roma.jd.com/content/shipan-detail/js/vendor_b5b5de29d5.js:15:253224)
    at D (https://roma.jd.com/content/shipan-detail/js/vendor_b5b5de29d5.js:15:290536)
    at D (https://roma.jd.com/content/shipan-detail/js/vendor_b5b5de29d5.js:15:292268)
    at D (https://roma.jd.com/content/shipan-detail/js/vendor_b5b5de29d5.js:15:292268)
    at D (https://roma.jd.com/content/shipan-detail/js/vendor_b5b5de29d5.js:15:292268)
    at D (https://roma.jd.com/content/shipan-detail/js/vendor_b5b5de29d5.js:15:292268)
    at D (https://roma.jd.com/content/shipan-detail/js/vendor_b5b5de29d5.js:15:292268)
    at D (https://roma.jd.com/content/shipan-detail/js/vendor_b5b5de29d5.js:15:292268) @ https://roma.jd.com/content/shipan-detail/js/vendor_b5b5de29d5.js:14
[    1025ms] [LOG] ++++++v-bind解析异常 return arrowIcon ReferenceError: arrowIcon is not defined
    at eval (eval at _construct (https://roma.jd.com/content/shipan-detail/js/vendor_b5b5de29d5.js:15:162606), <anonymous>:3:1)
    at u (https://roma.jd.com/content/shipan-detail/js/vendor_b5b5de29d5.js:15:216304)
    at e.value (https://roma.jd.com/content/shipan-detail/js/vendor_b5b5de29d5.js:15:253224)
    at D (https://roma.jd.com/content/shipan-detail/js/vendor_b5b5de29d5.js:15:290536)
    at D (https://roma.jd.com/content/shipan-detail/js/vendor_b5b5de29d5.js:15:292268)
    at D (https://roma.jd.com/content/shipan-detail/js/vendor_b5b5de29d5.js:15:292268)
    at D (https://roma.jd.com/content/shipan-detail/js/vendor_b5b5de29d5.js:15:292268)
    at D (https://roma.jd.com/content/shipan-detail/js/vendor_b5b5de29d5.js:15:292268)
    at D (https://roma.jd.com/content/shipan-detail/js/vendor_b5b5de29d5.js:15:292268)
    at D (https://roma.jd.com/content/shipan-detail/js/vendor_b5b5de29d5.js:15:292268) @ https://roma.jd.com/content/shipan-detail/js/vendor_b5b5de29d5.js:14
[    1220ms] [LOG] valid error @ https://roma.jd.com/content/shipan-detail/js/vendor_b5b5de29d5.js:0
[    1226ms] [LOG] valid error @ https://roma.jd.com/content/shipan-detail/js/vendor_b5b5de29d5.js:0
[    1231ms] [LOG] valid error @ https://roma.jd.com/content/shipan-detail/js/vendor_b5b5de29d5.js:0
[    1234ms] [LOG] valid error @ https://roma.jd.com/content/shipan-detail/js/vendor_b5b5de29d5.js:0
[    1240ms] [LOG] valid error @ https://roma.jd.com/content/shipan-detail/js/vendor_b5b5de29d5.js:0
[    1243ms] [LOG] valid error @ https://roma.jd.com/content/shipan-detail/js/vendor_b5b5de29d5.js:0
[    1247ms] [LOG] valid error @ https://roma.jd.com/content/shipan-detail/js/vendor_b5b5de29d5.js:0
[    1250ms] [LOG] valid error @ https://roma.jd.com/content/shipan-detail/js/vendor_b5b5de29d5.js:0
[    1254ms] [LOG] valid error @ https://roma.jd.com/content/shipan-detail/js/vendor_b5b5de29d5.js:0
[    1257ms] [LOG] valid error @ https://roma.jd.com/content/shipan-detail/js/vendor_b5b5de29d5.js:0
