[     197ms] [WARNING] A parser-blocking, cross site (i.e. different eTLD+1) script, https://storage.360buyimg.com/jssss/jdjr-pc-app/script/h5-adapter-parent.js?t=5946233, is invoked via document.write. The network request for this script MAY be blocked by the browser in this or a future page load due to poor network connectivity. If blocked in this page load, it will be confirmed in a subsequent console message. See https://www.chromestatus.com/feature/5718547946799104 for more details. @ https://jdjr.jd.com/:23
[     198ms] [WARNING] A parser-blocking, cross site (i.e. different eTLD+1) script, https://storage.360buyimg.com/jssss/jdjr-pc-app/script/h5-adapter-parent.js?t=5946233, is invoked via document.write. The network request for this script MAY be blocked by the browser in this or a future page load due to poor network connectivity. If blocked in this page load, it will be confirmed in a subsequent console message. See https://www.chromestatus.com/feature/5718547946799104 for more details. @ https://jdjr.jd.com/:23
[     277ms] [ERROR] Document policy violation: js-profiling is not allowed in this document. @ https://sgm-static.jd.com/sgm-web-4.1.3.js:0
[     357ms] [WARNING] isVersionSupported: 无法获取当前版本号 @ https://jdjr.jd.com/release/goldpc2/js/Index.6b9611af.js:0
[     365ms] [LOG] Vue app is being created @ https://jdjr.jd.com/release/goldpc2/js/Index.6b9611af.js:0
[     366ms] [LOG] %c========== 屏幕适配信息 ========== color: #ff4144; font-size: 16px; font-weight: bold; @ https://jdjr.jd.com/release/goldpc2/js/Index.6b9611af.js:0
[     366ms] [TABLE] {CSS宽度 (逻辑像素): 1359px, CSS高度 (逻辑像素): 1083px, 屏幕宽度: 2796px, 屏幕高度: 1290px, 可用宽度: 2796px, 可用高度: 1242px, 设备像素比 (DPR): 1, 物理宽度 (估算): 1359px, 物理高度 (估算): 1083px} @ https://jdjr.jd.com/release/goldpc2/js/Index.6b9611af.js:0
[     366ms] [LOG] %c📏 当前屏幕类型: 小屏（1280-1366px） color: #1db270; font-size: 14px; font-weight: bold; @ https://jdjr.jd.com/release/goldpc2/js/Index.6b9611af.js:0
[     366ms] [LOG] %c💡 适配设计稿使用: CSS像素（逻辑像素）= 1359px color: #1890ff; font-size: 14px; @ https://jdjr.jd.com/release/goldpc2/js/Index.6b9611af.js:0
[     366ms] [LOG] %c⚠️  物理像素仅供参考，不用于适配 color: #faad14; font-size: 12px; @ https://jdjr.jd.com/release/goldpc2/js/Index.6b9611af.js:0
[     367ms] [LOG] ==================================
 @ https://jdjr.jd.com/release/goldpc2/js/Index.6b9611af.js:0
[     373ms] [LOG] 分发渠道已初始化: 未知 @ https://jdjr.jd.com/release/goldpc2/js/Index.6b9611af.js:0
[     374ms] [LOG] Vue app is being created @ https://jdjr.jd.com/release/goldpc2/js/Index.6b9611af.js:0
[     408ms] [LOG] unLogin changed: true @ https://jdjr.jd.com/release/goldpc2/js/194.2fff5ad5.js:7
[     409ms] [WARNING] isVersionSupported: 无法获取当前版本号 @ https://jdjr.jd.com/release/goldpc2/js/Index.6b9611af.js:0
[     411ms] [WARNING] isVersionSupported: 无法获取当前版本号 @ https://jdjr.jd.com/release/goldpc2/js/Index.6b9611af.js:0
[     412ms] [WARNING] isVersionSupported: 无法获取当前版本号 @ https://jdjr.jd.com/release/goldpc2/js/Index.6b9611af.js:0
[     420ms] [WARNING] isVersionSupported: 无法获取当前版本号 @ https://jdjr.jd.com/release/goldpc2/js/Index.6b9611af.js:0
[     421ms] [LOG] [HomeDarkMode] 系统主题监听器已初始化 @ https://jdjr.jd.com/release/goldpc2/js/194.2fff5ad5.js:7
[     452ms] [LOG] generateClientId : ZX8WECFW8eDppYPFjPmFCC4JATSRnHJN @ https://jdjr.jd.com/release/goldpc2/js/Index.6b9611af.js:0
[     502ms] [LOG] Titlebar 已移动到 document.documentElement 下，避免受 body transform 影响 @ https://jdjr.jd.com/static/titlebar.js:207
[     502ms] [LOG] Titlebar 显示条件检查: {isApp: false, versionSupported: false, isOldHomePage: false, shouldShow: false} @ https://jdjr.jd.com/static/titlebar.js:65
[     502ms] [LOG] Titlebar 已隐藏（不满足显示条件） @ https://jdjr.jd.com/static/titlebar.js:253
[     503ms] [LOG] Titlebar 显示条件检查: {isApp: false, versionSupported: false, isOldHomePage: false, shouldShow: false} @ https://jdjr.jd.com/static/titlebar.js:65
[     508ms] [LOG] =========homePageHeadInfo========= {msg: 成功, fail: true, code: 0, data: Object, success: false} @ https://jdjr.jd.com/release/goldpc2/js/194.2fff5ad5.js:7
[     509ms] [LOG] unLogin changed: false @ https://jdjr.jd.com/release/goldpc2/js/194.2fff5ad5.js:7
[     509ms] [LOG] 用户已登录，种cookie @ https://jdjr.jd.com/release/goldpc2/js/194.2fff5ad5.js:7
[     517ms] [WARNING] isVersionSupported: 无法获取当前版本号 @ https://jdjr.jd.com/release/goldpc2/js/Index.6b9611af.js:0
[     518ms] [WARNING] isVersionSupported: 无法获取当前版本号 @ https://jdjr.jd.com/release/goldpc2/js/Index.6b9611af.js:0
[     518ms] [WARNING] isVersionSupported: 无法获取当前版本号 @ https://jdjr.jd.com/release/goldpc2/js/Index.6b9611af.js:0
[     523ms] [WARNING] Mixed Content: The page at 'https://jdjr.jd.com/' was loaded over HTTPS, but requested an insecure element 'http://storage.360buyimg.com/default.image/6a645f6465665f696d675f393836323131373632333134353935323236_big.jpg'. This request was automatically upgraded to HTTPS, For more information see https://blog.chromium.org/2019/10/no-more-mixed-messages-about-https.html @ https://jdjr.jd.com/:0
[     533ms] [WARNING] isVersionSupported: 无法获取当前版本号 @ https://jdjr.jd.com/release/goldpc2/js/Index.6b9611af.js:0
[     535ms] [WARNING] isVersionSupported: 无法获取当前版本号 @ https://jdjr.jd.com/release/goldpc2/js/Index.6b9611af.js:0
[     535ms] [WARNING] isVersionSupported: 无法获取当前版本号 @ https://jdjr.jd.com/release/goldpc2/js/Index.6b9611af.js:0
[     535ms] [WARNING] isVersionSupported: 无法获取当前版本号 @ https://jdjr.jd.com/release/goldpc2/js/Index.6b9611af.js:0
[     537ms] [WARNING] [H5Adapter] 页面上没有找到 iframe，主题切换未执行 @ https://storage.360buyimg.com/jssss/jdjr-pc-app/script/h5-adapter-parent.js?t=5946233:5
[     538ms] [WARNING] [H5Adapter] 页面上没有找到 iframe，主题切换未执行 @ https://storage.360buyimg.com/jssss/jdjr-pc-app/script/h5-adapter-parent.js?t=5946233:5
[     538ms] [WARNING] isVersionSupported: 无法获取当前版本号 @ https://jdjr.jd.com/release/goldpc2/js/Index.6b9611af.js:0
[     539ms] [WARNING] isVersionSupported: 无法获取当前版本号 @ https://jdjr.jd.com/release/goldpc2/js/Index.6b9611af.js:0
[     539ms] [WARNING] isVersionSupported: 无法获取当前版本号 @ https://jdjr.jd.com/release/goldpc2/js/Index.6b9611af.js:0
[     539ms] [WARNING] isVersionSupported: 无法获取当前版本号 @ https://jdjr.jd.com/release/goldpc2/js/Index.6b9611af.js:0
[     662ms] [LOG] 点击指数: {indexCode: SH-000001, indexName: 上证指数, indexData: undefined, onlyPostMessage: true} @ https://jdjr.jd.com/release/goldpc2/js/145.ea8796a4.js:0
[     663ms] [LOG] 打开指数详情: {indexCode: SH-000001, indexName: 上证指数, indexData: undefined, onlyPostMessage: true} @ https://jdjr.jd.com/release/goldpc2/js/145.ea8796a4.js:0
[     663ms] [LOG] 当前已是指数详情页或仅发送消息，通过 postMessage 更新数据 @ https://jdjr.jd.com/release/goldpc2/js/145.ea8796a4.js:0
[     663ms] [LOG] [FundDetailPanel] iframe 未就绪，消息已缓存等待 READY @ https://jdjr.jd.com/release/goldpc2/js/145.ea8796a4.js:0
[     673ms] [LOG] 打开指数详情: {} @ https://jdjr.jd.com/release/goldpc2/js/145.ea8796a4.js:0
[     683ms] [LOG] =========setCookies success========= @ https://jdjr.jd.com/release/goldpc2/js/194.2fff5ad5.js:7
[     740ms] [LOG] --页面加载成功-- @ https://jdjr.jd.com/release/goldpc2/js/Index.6b9611af.js:0
[     753ms] [LOG] 点击指数: {indexCode: SH-000001, indexName: 上证指数, indexData: Proxy(Object)} @ https://jdjr.jd.com/release/goldpc2/js/145.ea8796a4.js:0
[     753ms] [LOG] 打开指数详情: {indexCode: SH-000001, indexName: 上证指数, indexData: Proxy(Object)} @ https://jdjr.jd.com/release/goldpc2/js/145.ea8796a4.js:0
[     754ms] [LOG] 当前已是指数详情页或仅发送消息，通过 postMessage 更新数据 @ https://jdjr.jd.com/release/goldpc2/js/145.ea8796a4.js:0
[     754ms] [LOG] [FundDetailPanel] iframe 未就绪，消息已缓存等待 READY @ https://jdjr.jd.com/release/goldpc2/js/145.ea8796a4.js:0
[     776ms] [LOG] window.cryptico.setPublicKeyString @ https://jdjr.jd.com/release/goldpc2/js/chunk-vendors.f97314c6.js:34
[     803ms] [LOG] iframe 栈初始化成功, 标题: 指数详情 , 显示导航栏: false , showPCfund:  @ https://jdjr.jd.com/release/goldpc2/js/145.ea8796a4.js:0
[     810ms] [LOG] 打开指数详情: https://show.jd.com/m/XJ1jgYewzanMvpa4/?pageKey=XJ1jgYewzanMvpa4 @ https://jdjr.jd.com/release/goldpc2/js/145.ea8796a4.js:0
[     911ms] [WARNING] isVersionSupported: 无法获取当前版本号 @ https://jdjr.jd.com/release/goldpc2/js/Index.6b9611af.js:0
[     911ms] [WARNING] isVersionSupported: 无法获取当前版本号 @ https://jdjr.jd.com/release/goldpc2/js/Index.6b9611af.js:0
[     911ms] [WARNING] isVersionSupported: 无法获取当前版本号 @ https://jdjr.jd.com/release/goldpc2/js/Index.6b9611af.js:0
[     911ms] [WARNING] isVersionSupported: 无法获取当前版本号 @ https://jdjr.jd.com/release/goldpc2/js/Index.6b9611af.js:0
[     911ms] [WARNING] isVersionSupported: 无法获取当前版本号 @ https://jdjr.jd.com/release/goldpc2/js/Index.6b9611af.js:0
[     912ms] [WARNING] isVersionSupported: 无法获取当前版本号 @ https://jdjr.jd.com/release/goldpc2/js/Index.6b9611af.js:0
[     912ms] [WARNING] isVersionSupported: 无法获取当前版本号 @ https://jdjr.jd.com/release/goldpc2/js/Index.6b9611af.js:0
[     912ms] [WARNING] isVersionSupported: 无法获取当前版本号 @ https://jdjr.jd.com/release/goldpc2/js/Index.6b9611af.js:0
[     912ms] [WARNING] isVersionSupported: 无法获取当前版本号 @ https://jdjr.jd.com/release/goldpc2/js/Index.6b9611af.js:0
[     912ms] [WARNING] isVersionSupported: 无法获取当前版本号 @ https://jdjr.jd.com/release/goldpc2/js/Index.6b9611af.js:0
[     912ms] [WARNING] isVersionSupported: 无法获取当前版本号 @ https://jdjr.jd.com/release/goldpc2/js/Index.6b9611af.js:0
[     912ms] [WARNING] isVersionSupported: 无法获取当前版本号 @ https://jdjr.jd.com/release/goldpc2/js/Index.6b9611af.js:0
[     912ms] [WARNING] isVersionSupported: 无法获取当前版本号 @ https://jdjr.jd.com/release/goldpc2/js/Index.6b9611af.js:0
[     913ms] [WARNING] isVersionSupported: 无法获取当前版本号 @ https://jdjr.jd.com/release/goldpc2/js/Index.6b9611af.js:0
[     913ms] [WARNING] isVersionSupported: 无法获取当前版本号 @ https://jdjr.jd.com/release/goldpc2/js/Index.6b9611af.js:0
[     913ms] [WARNING] isVersionSupported: 无法获取当前版本号 @ https://jdjr.jd.com/release/goldpc2/js/Index.6b9611af.js:0
[     913ms] [WARNING] isVersionSupported: 无法获取当前版本号 @ https://jdjr.jd.com/release/goldpc2/js/Index.6b9611af.js:0
[     913ms] [WARNING] isVersionSupported: 无法获取当前版本号 @ https://jdjr.jd.com/release/goldpc2/js/Index.6b9611af.js:0
[     913ms] [WARNING] isVersionSupported: 无法获取当前版本号 @ https://jdjr.jd.com/release/goldpc2/js/Index.6b9611af.js:0
[     913ms] [WARNING] isVersionSupported: 无法获取当前版本号 @ https://jdjr.jd.com/release/goldpc2/js/Index.6b9611af.js:0
[     915ms] [LOG] 系统设置加载完成 {autoStart: false, keepRunning: true, isNew: true, mainWindow: Ctrl+Shift+Z, tray: Ctrl+Shift+D} @ https://jdjr.jd.com/release/goldpc2/js/194.2fff5ad5.js:7
[    1049ms] [WARNING] Failed to execute 'postMessage' on 'DOMWindow': The target origin provided ('https://qidian.jd.com') does not match the recipient window's origin ('https://jdjr.jd.com'). @ https://qdsdk.jd.com/2.0.0/qd.js:6
[    1049ms] [WARNING] Failed to execute 'postMessage' on 'DOMWindow': The target origin provided ('https://minner.jr.jd.com') does not match the recipient window's origin ('https://jdjr.jd.com'). @ https://qdsdk.jd.com/2.0.0/qd.js:6
[    1268ms] [LOG] initConnect======= onSuccess {msg: 订阅成功} @ https://jdjr.jd.com/release/goldpc2/js/Index.6b9611af.js:0
[    1269ms] [LOG] [SGM] [info] pc_mqtt_connected — MQTT连接成功 @ https://jdjr.jd.com/release/goldpc2/js/Index.6b9611af.js:0
[    1365ms] [LOG] [SGM] [info] pc_mqtt_msg_parsed — MQTT消息解析成功, topic=$login @ https://jdjr.jd.com/release/goldpc2/js/Index.6b9611af.js:0
[    1379ms] [LOG] %c[H5Adapter Child]%c 脚本已加载 color: #1890ff; font-weight: bold; color: inherit; 
- 版本: 0.1.1 
- 环境: 生产环境 (Production) 
- 渠道: pc 
- 构建时间: 2026/07/07 14:09:53 
- 当前页面: https://content.jr.jd.com/jrq/#/grouppc?id=2689640&channelfrom=pc&pcSource=newTabJrq&supportDarkMode=light&componentVersions=1&t=29731166 @ https://storage.360buyimg.com/jssss/jdjr-pc-app/script/h5-adapter-child.js:5
[    1402ms] [WARNING] A preload for 'https://gias.jd.com/js/m.js' is found, but is not used because the request credentials mode does not match. Consider taking a look at crossorigin attribute. @ https://content.jr.jd.com/jrq/#/grouppc?id=2689640&channelfrom=pc&pcSource=newTabJrq&supportDarkMode=light&componentVersions=1&t=29731166:0
[    1405ms] [WARNING] [H5Adapter] 未找到可用的主题实例，且 AutoTheme 不可用。主题切换未执行。 @ https://storage.360buyimg.com/jssss/jdjr-pc-app/script/h5-adapter-child.js:5
[    1559ms] [LOG] 🚀 ~ created ~ this.$route: 11 @ https://content.jr.jd.com/jrq/js/app.eff682e1.js:0
[    1807ms] [WARNING] A preload for 'https://bps.jd.com/js/ts.js' is found, but is not used because the request credentials mode does not match. Consider taking a look at crossorigin attribute. @ https://content.jr.jd.com/jrq/#/grouppc?id=2689640&channelfrom=pc&pcSource=newTabJrq&supportDarkMode=light&componentVersions=1&t=29731166:0
[    1825ms] [LOG] %c[H5Adapter Child]%c 脚本已加载 color: #1890ff; font-weight: bold; color: inherit; 
- 版本: 0.1.1 
- 环境: 生产环境 (Production) 
- 渠道: grouppc 
- 构建时间: 2026/07/07 14:09:53 
- 当前页面: https://show.jd.com/m/XJ1jgYewzanMvpa4/?pageKey=XJ1jgYewzanMvpa4&_t=1783870304727&parentOrigin=https%3A%2F%2Fjdjr.jd.com&channelfrom=grouppc&ua=jdjr-app @ https://storage.360buyimg.com/jssss/jdjr-pc-app/script/h5-adapter-child.js:5
[    2048ms] [WARNING] [H5Adapter] 未找到可用的主题实例，且 AutoTheme 不可用。主题切换未执行。 @ https://storage.360buyimg.com/jssss/jdjr-pc-app/script/h5-adapter-child.js:5
[    2071ms] [LOG] --------------> {templateType: undefined, templateInstanceKey: undefined, templateData: undefined, templateExtStyle: undefined, templateId: undefined} @ https://content.jr.jd.com/jrq/js/app.eff682e1.js:0
[    2080ms] [LOG] this.propData.templateData.userExtendInfo.livingStatus ====>  -1 @ https://content.jr.jd.com/jrq/js/app.eff682e1.js:0
[    2097ms] [LOG] --------------> {templateType: undefined, templateInstanceKey: undefined, templateData: undefined, templateExtStyle: undefined, templateId: undefined} @ https://content.jr.jd.com/jrq/js/app.eff682e1.js:0
[    2105ms] [LOG] this.propData.templateData.userExtendInfo.livingStatus ====>  0 @ https://content.jr.jd.com/jrq/js/app.eff682e1.js:0
[    2125ms] [LOG] --------------> {templateType: undefined, templateInstanceKey: undefined, templateData: undefined, templateExtStyle: undefined, templateId: undefined} @ https://content.jr.jd.com/jrq/js/app.eff682e1.js:0
[    2134ms] [LOG] this.propData.templateData.userExtendInfo.livingStatus ====>  -1 @ https://content.jr.jd.com/jrq/js/app.eff682e1.js:0
[    2147ms] [LOG] --------------> {templateType: undefined, templateInstanceKey: undefined, templateData: undefined, templateExtStyle: undefined, templateId: undefined} @ https://content.jr.jd.com/jrq/js/app.eff682e1.js:0
[    2155ms] [LOG] this.propData.templateData.userExtendInfo.livingStatus ====>  0 @ https://content.jr.jd.com/jrq/js/app.eff682e1.js:0
[    2170ms] [LOG] --------------> {templateType: undefined, templateInstanceKey: undefined, templateData: undefined, templateExtStyle: undefined, templateId: undefined} @ https://content.jr.jd.com/jrq/js/app.eff682e1.js:0
[    2179ms] [LOG] this.propData.templateData.userExtendInfo.livingStatus ====>  -1 @ https://content.jr.jd.com/jrq/js/app.eff682e1.js:0
[    2194ms] [LOG] --------------> {templateType: undefined, templateInstanceKey: undefined, templateData: undefined, templateExtStyle: undefined, templateId: undefined} @ https://content.jr.jd.com/jrq/js/app.eff682e1.js:0
[    2202ms] [LOG] this.propData.templateData.userExtendInfo.livingStatus ====>  -1 @ https://content.jr.jd.com/jrq/js/app.eff682e1.js:0
[    2218ms] [LOG] --------------> {templateType: undefined, templateInstanceKey: undefined, templateData: undefined, templateExtStyle: undefined, templateId: undefined} @ https://content.jr.jd.com/jrq/js/app.eff682e1.js:0
[    2227ms] [LOG] this.propData.templateData.userExtendInfo.livingStatus ====>  -1 @ https://content.jr.jd.com/jrq/js/app.eff682e1.js:0
[    2233ms] [LOG] this.getTheme----- --->  light @ https://content.jr.jd.com/jrq/js/app.eff682e1.js:0
[    2233ms] [LOG] this.getTheme----- --->  light @ https://content.jr.jd.com/jrq/js/app.eff682e1.js:0
[    2233ms] [LOG] this.getTheme----- --->  light @ https://content.jr.jd.com/jrq/js/app.eff682e1.js:0
[    2234ms] [LOG] this.getTheme----- --->  light @ https://content.jr.jd.com/jrq/js/app.eff682e1.js:0
[    2235ms] [LOG] this.getTheme----- --->  light @ https://content.jr.jd.com/jrq/js/app.eff682e1.js:0
[    2236ms] [LOG] this.getTheme----- --->  light @ https://content.jr.jd.com/jrq/js/app.eff682e1.js:0
[    2236ms] [LOG] this.getTheme----- --->  light @ https://content.jr.jd.com/jrq/js/app.eff682e1.js:0
[    2341ms] [INFO] 未找到骨架屏配置，如果已经配置骨架屏，请关注最新的Api文档 @ https://show.jd.com/m/XJ1jgYewzanMvpa4/?pageKey=XJ1jgYewzanMvpa4&_t=1783870304727&parentOrigin=https%3A%2F%2Fjdjr.jd.com&channelfrom=grouppc&ua=jdjr-app:0
[    2398ms] [ERROR] Permissions policy violation: accelerometer is not allowed in this document. @ https://storage.360buyimg.com/jssss/jdjr-pc-app/script/h5-adapter-child.js:5
[    2399ms] [WARNING] The deviceorientation events are blocked by permissions policy. See https://go.microsoft.com/fwlink/?linkid=2047894 @ https://storage.360buyimg.com/jssss/jdjr-pc-app/script/h5-adapter-child.js:5
[    2399ms] [ERROR] Permissions policy violation: accelerometer is not allowed in this document. @ https://storage.360buyimg.com/jssss/jdjr-pc-app/script/h5-adapter-child.js:5
[    2399ms] [WARNING] The devicemotion events are blocked by permissions policy. See https://go.microsoft.com/fwlink/?linkid=2047894 @ https://storage.360buyimg.com/jssss/jdjr-pc-app/script/h5-adapter-child.js:5
[    2412ms] [LOG] ------------------图片加载完成 @ https://content.jr.jd.com/jrq/js/app.eff682e1.js:0
[    2419ms] [LOG] ------------------图片加载完成 @ https://content.jr.jd.com/jrq/js/app.eff682e1.js:0
[    2421ms] [LOG] ------------------图片加载完成 @ https://content.jr.jd.com/jrq/js/app.eff682e1.js:0
[    2556ms] [WARNING] Failed to execute 'postMessage' on 'DOMWindow': The target origin provided ('https://qidian.jd.com') does not match the recipient window's origin ('https://jdjr.jd.com'). @ https://qdsdk.jd.com/2.0.0/qd.js:6
[    2556ms] [WARNING] Failed to execute 'postMessage' on 'DOMWindow': The target origin provided ('https://minner.jr.jd.com') does not match the recipient window's origin ('https://jdjr.jd.com'). @ https://qdsdk.jd.com/2.0.0/qd.js:6
[    2582ms] [LOG] [FundDetailPanel] iframe READY，重发缓存消息: SH-000001 @ https://jdjr.jd.com/release/goldpc2/js/145.ea8796a4.js:0
[    2798ms] [WARNING] <meta name="apple-mobile-web-app-capable" content="yes"> is deprecated. Please include <meta name="mobile-web-app-capable" content="yes"> @ https://jdjr.jd.com/:0
[    6901ms] [WARNING] The resource https://bps.jd.com/js/ts.js was preloaded using link preload but not used within a few seconds from the window's load event. Please make sure it has an appropriate `as` value and it is preloaded intentionally. @ https://content.jr.jd.com/jrq/#/grouppc?id=2689640&channelfrom=pc&pcSource=newTabJrq&supportDarkMode=light&componentVersions=1&t=29731166:0
[    6901ms] [WARNING] The resource https://gias.jd.com/js/m.js was preloaded using link preload but not used within a few seconds from the window's load event. Please make sure it has an appropriate `as` value and it is preloaded intentionally. @ https://content.jr.jd.com/jrq/#/grouppc?id=2689640&channelfrom=pc&pcSource=newTabJrq&supportDarkMode=light&componentVersions=1&t=29731166:0
[   12988ms] [WARNING] The resource https://bps.jd.com/js/ts.js was preloaded using link preload but not used within a few seconds from the window's load event. Please make sure it has an appropriate `as` value and it is preloaded intentionally. @ https://content.jr.jd.com/jrq/#/grouppc?id=2689640&channelfrom=pc&pcSource=newTabJrq&supportDarkMode=light&componentVersions=1&t=29731166:0
[   12988ms] [WARNING] The resource https://gias.jd.com/js/m.js was preloaded using link preload but not used within a few seconds from the window's load event. Please make sure it has an appropriate `as` value and it is preloaded intentionally. @ https://content.jr.jd.com/jrq/#/grouppc?id=2689640&channelfrom=pc&pcSource=newTabJrq&supportDarkMode=light&componentVersions=1&t=29731166:0
