[     192ms] [LOG] window._READMISSION-- {setOption: , setElementHide: , setReceiveMissionModel: , setMissionId: , setMissionIdInner: } @ https://storage.jd.com/static-page/mission/forever/readmult/2.2.4/readPluginv2.2.4.js:1
[     274ms] [INFO] Images loaded lazily and replaced with placeholders. Load events are deferred. See https://go.microsoft.com/fwlink/?linkid=2048113 @ https://roma.jd.com/content/shipan-detail?targetUid=jimu_user_info-3546208:0
[     298ms] [WARNING] startExposure in web not supported @ https://roma.jd.com/content/shipan-detail/js/vendor_b5b5de29d5.js:46
[     391ms] [LOG] valid error @ https://roma.jd.com/content/shipan-detail/js/vendor_b5b5de29d5.js:0
[     632ms] [LOG] Download mq sdk failed ReferenceError: JOYER_ENV_ROMA_MQTT_APP_CODE is not defined
    at ge (https://roma.jd.com/content/shipan-detail/js/vendor_b5b5de29d5.js:20:138582)
    at https://roma.jd.com/content/shipan-detail/js/vendor_b5b5de29d5.js:20:141998 @ https://roma.jd.com/content/shipan-detail/js/vendor_b5b5de29d5.js:19
[     791ms] [LOG] ++++++v-bind解析异常 return arrowIcon ReferenceError: arrowIcon is not defined
    at eval (eval at _construct (https://roma.jd.com/content/shipan-detail/js/vendor_b5b5de29d5.js:15:162606), <anonymous>:3:1)
    at u (https://roma.jd.com/content/shipan-detail/js/vendor_b5b5de29d5.js:15:216304)
    at e.value (https://roma.jd.com/content/shipan-detail/js/vendor_b5b5de29d5.js:15:253224)
    at D (https://roma.jd.com/content/shipan-detail/js/vendor_b5b5de29d5.js:15:290536)
    at D (https://roma.jd.com/content/shipan-detail/js/vendor_b5b5de29d5.js:15:292268)
    at D (https://roma.jd.com/content/shipan-detail/js/vendor_b5b5de29d5.js:15:292268)
    at D (https://roma.jd.com/content/shipan-detail/js/vendor_b5b5de29d5.js:15:292268)
    at D (https://roma.jd.com/content/shipan-detail/js/vendor_b5b5de29d5.js:15:292268)
    at D (https://roma.jd.com/content/shipan-detail/js/vendor_b5b5de29d5.js:15:292268)
    at D (https://roma.jd.com/content/shipan-detail/js/vendor_b5b5de29d5.js:15:292268) @ https://roma.jd.com/content/shipan-detail/js/vendor_b5b5de29d5.js:14
[     808ms] [LOG] ++++++v-bind解析异常 return arrowIcon ReferenceError: arrowIcon is not defined
    at eval (eval at _construct (https://roma.jd.com/content/shipan-detail/js/vendor_b5b5de29d5.js:15:162606), <anonymous>:3:1)
    at u (https://roma.jd.com/content/shipan-detail/js/vendor_b5b5de29d5.js:15:216304)
    at e.value (https://roma.jd.com/content/shipan-detail/js/vendor_b5b5de29d5.js:15:253224)
    at D (https://roma.jd.com/content/shipan-detail/js/vendor_b5b5de29d5.js:15:290536)
    at D (https://roma.jd.com/content/shipan-detail/js/vendor_b5b5de29d5.js:15:292268)
    at D (https://roma.jd.com/content/shipan-detail/js/vendor_b5b5de29d5.js:15:292268)
    at D (https://roma.jd.com/content/shipan-detail/js/vendor_b5b5de29d5.js:15:292268)
    at D (https://roma.jd.com/content/shipan-detail/js/vendor_b5b5de29d5.js:15:292268)
    at D (https://roma.jd.com/content/shipan-detail/js/vendor_b5b5de29d5.js:15:292268)
    at D (https://roma.jd.com/content/shipan-detail/js/vendor_b5b5de29d5.js:15:292268) @ https://roma.jd.com/content/shipan-detail/js/vendor_b5b5de29d5.js:14
[     822ms] [LOG] ++++++v-bind解析异常 return arrowIcon ReferenceError: arrowIcon is not defined
    at eval (eval at _construct (https://roma.jd.com/content/shipan-detail/js/vendor_b5b5de29d5.js:15:162606), <anonymous>:3:1)
    at u (https://roma.jd.com/content/shipan-detail/js/vendor_b5b5de29d5.js:15:216304)
    at e.value (https://roma.jd.com/content/shipan-detail/js/vendor_b5b5de29d5.js:15:253224)
    at D (https://roma.jd.com/content/shipan-detail/js/vendor_b5b5de29d5.js:15:290536)
    at D (https://roma.jd.com/content/shipan-detail/js/vendor_b5b5de29d5.js:15:292268)
    at D (https://roma.jd.com/content/shipan-detail/js/vendor_b5b5de29d5.js:15:292268)
    at D (https://roma.jd.com/content/shipan-detail/js/vendor_b5b5de29d5.js:15:292268)
    at D (https://roma.jd.com/content/shipan-detail/js/vendor_b5b5de29d5.js:15:292268)
    at D (https://roma.jd.com/content/shipan-detail/js/vendor_b5b5de29d5.js:15:292268)
    at D (https://roma.jd.com/content/shipan-detail/js/vendor_b5b5de29d5.js:15:292268) @ https://roma.jd.com/content/shipan-detail/js/vendor_b5b5de29d5.js:14
[     837ms] [LOG] ++++++v-bind解析异常 return arrowIcon ReferenceError: arrowIcon is not defined
    at eval (eval at _construct (https://roma.jd.com/content/shipan-detail/js/vendor_b5b5de29d5.js:15:162606), <anonymous>:3:1)
    at u (https://roma.jd.com/content/shipan-detail/js/vendor_b5b5de29d5.js:15:216304)
    at e.value (https://roma.jd.com/content/shipan-detail/js/vendor_b5b5de29d5.js:15:253224)
    at D (https://roma.jd.com/content/shipan-detail/js/vendor_b5b5de29d5.js:15:290536)
    at D (https://roma.jd.com/content/shipan-detail/js/vendor_b5b5de29d5.js:15:292268)
    at D (https://roma.jd.com/content/shipan-detail/js/vendor_b5b5de29d5.js:15:292268)
    at D (https://roma.jd.com/content/shipan-detail/js/vendor_b5b5de29d5.js:15:292268)
    at D (https://roma.jd.com/content/shipan-detail/js/vendor_b5b5de29d5.js:15:292268)
    at D (https://roma.jd.com/content/shipan-detail/js/vendor_b5b5de29d5.js:15:292268)
    at D (https://roma.jd.com/content/shipan-detail/js/vendor_b5b5de29d5.js:15:292268) @ https://roma.jd.com/content/shipan-detail/js/vendor_b5b5de29d5.js:14
[     854ms] [LOG] ++++++v-bind解析异常 return arrowIcon ReferenceError: arrowIcon is not defined
    at eval (eval at _construct (https://roma.jd.com/content/shipan-detail/js/vendor_b5b5de29d5.js:15:162606), <anonymous>:3:1)
    at u (https://roma.jd.com/content/shipan-detail/js/vendor_b5b5de29d5.js:15:216304)
    at e.value (https://roma.jd.com/content/shipan-detail/js/vendor_b5b5de29d5.js:15:253224)
    at D (https://roma.jd.com/content/shipan-detail/js/vendor_b5b5de29d5.js:15:290536)
    at D (https://roma.jd.com/content/shipan-detail/js/vendor_b5b5de29d5.js:15:292268)
    at D (https://roma.jd.com/content/shipan-detail/js/vendor_b5b5de29d5.js:15:292268)
    at D (https://roma.jd.com/content/shipan-detail/js/vendor_b5b5de29d5.js:15:292268)
    at D (https://roma.jd.com/content/shipan-detail/js/vendor_b5b5de29d5.js:15:292268)
    at D (https://roma.jd.com/content/shipan-detail/js/vendor_b5b5de29d5.js:15:292268)
    at D (https://roma.jd.com/content/shipan-detail/js/vendor_b5b5de29d5.js:15:292268) @ https://roma.jd.com/content/shipan-detail/js/vendor_b5b5de29d5.js:14
[     867ms] [LOG] ++++++v-bind解析异常 return arrowIcon ReferenceError: arrowIcon is not defined
    at eval (eval at _construct (https://roma.jd.com/content/shipan-detail/js/vendor_b5b5de29d5.js:15:162606), <anonymous>:3:1)
    at u (https://roma.jd.com/content/shipan-detail/js/vendor_b5b5de29d5.js:15:216304)
    at e.value (https://roma.jd.com/content/shipan-detail/js/vendor_b5b5de29d5.js:15:253224)
    at D (https://roma.jd.com/content/shipan-detail/js/vendor_b5b5de29d5.js:15:290536)
    at D (https://roma.jd.com/content/shipan-detail/js/vendor_b5b5de29d5.js:15:292268)
    at D (https://roma.jd.com/content/shipan-detail/js/vendor_b5b5de29d5.js:15:292268)
    at D (https://roma.jd.com/content/shipan-detail/js/vendor_b5b5de29d5.js:15:292268)
    at D (https://roma.jd.com/content/shipan-detail/js/vendor_b5b5de29d5.js:15:292268)
    at D (https://roma.jd.com/content/shipan-detail/js/vendor_b5b5de29d5.js:15:292268)
    at D (https://roma.jd.com/content/shipan-detail/js/vendor_b5b5de29d5.js:15:292268) @ https://roma.jd.com/content/shipan-detail/js/vendor_b5b5de29d5.js:14
[     881ms] [LOG] ++++++v-bind解析异常 return arrowIcon ReferenceError: arrowIcon is not defined
    at eval (eval at _construct (https://roma.jd.com/content/shipan-detail/js/vendor_b5b5de29d5.js:15:162606), <anonymous>:3:1)
    at u (https://roma.jd.com/content/shipan-detail/js/vendor_b5b5de29d5.js:15:216304)
    at e.value (https://roma.jd.com/content/shipan-detail/js/vendor_b5b5de29d5.js:15:253224)
    at D (https://roma.jd.com/content/shipan-detail/js/vendor_b5b5de29d5.js:15:290536)
    at D (https://roma.jd.com/content/shipan-detail/js/vendor_b5b5de29d5.js:15:292268)
    at D (https://roma.jd.com/content/shipan-detail/js/vendor_b5b5de29d5.js:15:292268)
    at D (https://roma.jd.com/content/shipan-detail/js/vendor_b5b5de29d5.js:15:292268)
    at D (https://roma.jd.com/content/shipan-detail/js/vendor_b5b5de29d5.js:15:292268)
    at D (https://roma.jd.com/content/shipan-detail/js/vendor_b5b5de29d5.js:15:292268)
    at D (https://roma.jd.com/content/shipan-detail/js/vendor_b5b5de29d5.js:15:292268) @ https://roma.jd.com/content/shipan-detail/js/vendor_b5b5de29d5.js:14
[     899ms] [LOG] ++++++v-bind解析异常 return arrowIcon ReferenceError: arrowIcon is not defined
    at eval (eval at _construct (https://roma.jd.com/content/shipan-detail/js/vendor_b5b5de29d5.js:15:162606), <anonymous>:3:1)
    at u (https://roma.jd.com/content/shipan-detail/js/vendor_b5b5de29d5.js:15:216304)
    at e.value (https://roma.jd.com/content/shipan-detail/js/vendor_b5b5de29d5.js:15:253224)
    at D (https://roma.jd.com/content/shipan-detail/js/vendor_b5b5de29d5.js:15:290536)
    at D (https://roma.jd.com/content/shipan-detail/js/vendor_b5b5de29d5.js:15:292268)
    at D (https://roma.jd.com/content/shipan-detail/js/vendor_b5b5de29d5.js:15:292268)
    at D (https://roma.jd.com/content/shipan-detail/js/vendor_b5b5de29d5.js:15:292268)
    at D (https://roma.jd.com/content/shipan-detail/js/vendor_b5b5de29d5.js:15:292268)
    at D (https://roma.jd.com/content/shipan-detail/js/vendor_b5b5de29d5.js:15:292268)
    at D (https://roma.jd.com/content/shipan-detail/js/vendor_b5b5de29d5.js:15:292268) @ https://roma.jd.com/content/shipan-detail/js/vendor_b5b5de29d5.js:14
[     912ms] [LOG] ++++++v-bind解析异常 return arrowIcon ReferenceError: arrowIcon is not defined
    at eval (eval at _construct (https://roma.jd.com/content/shipan-detail/js/vendor_b5b5de29d5.js:15:162606), <anonymous>:3:1)
    at u (https://roma.jd.com/content/shipan-detail/js/vendor_b5b5de29d5.js:15:216304)
    at e.value (https://roma.jd.com/content/shipan-detail/js/vendor_b5b5de29d5.js:15:253224)
    at D (https://roma.jd.com/content/shipan-detail/js/vendor_b5b5de29d5.js:15:290536)
    at D (https://roma.jd.com/content/shipan-detail/js/vendor_b5b5de29d5.js:15:292268)
    at D (https://roma.jd.com/content/shipan-detail/js/vendor_b5b5de29d5.js:15:292268)
    at D (https://roma.jd.com/content/shipan-detail/js/vendor_b5b5de29d5.js:15:292268)
    at D (https://roma.jd.com/content/shipan-detail/js/vendor_b5b5de29d5.js:15:292268)
    at D (https://roma.jd.com/content/shipan-detail/js/vendor_b5b5de29d5.js:15:292268)
    at D (https://roma.jd.com/content/shipan-detail/js/vendor_b5b5de29d5.js:15:292268) @ https://roma.jd.com/content/shipan-detail/js/vendor_b5b5de29d5.js:14
[     924ms] [LOG] ++++++v-bind解析异常 return arrowIcon ReferenceError: arrowIcon is not defined
    at eval (eval at _construct (https://roma.jd.com/content/shipan-detail/js/vendor_b5b5de29d5.js:15:162606), <anonymous>:3:1)
    at u (https://roma.jd.com/content/shipan-detail/js/vendor_b5b5de29d5.js:15:216304)
    at e.value (https://roma.jd.com/content/shipan-detail/js/vendor_b5b5de29d5.js:15:253224)
    at D (https://roma.jd.com/content/shipan-detail/js/vendor_b5b5de29d5.js:15:290536)
    at D (https://roma.jd.com/content/shipan-detail/js/vendor_b5b5de29d5.js:15:292268)
    at D (https://roma.jd.com/content/shipan-detail/js/vendor_b5b5de29d5.js:15:292268)
    at D (https://roma.jd.com/content/shipan-detail/js/vendor_b5b5de29d5.js:15:292268)
    at D (https://roma.jd.com/content/shipan-detail/js/vendor_b5b5de29d5.js:15:292268)
    at D (https://roma.jd.com/content/shipan-detail/js/vendor_b5b5de29d5.js:15:292268)
    at D (https://roma.jd.com/content/shipan-detail/js/vendor_b5b5de29d5.js:15:292268) @ https://roma.jd.com/content/shipan-detail/js/vendor_b5b5de29d5.js:14
[    1095ms] [LOG] valid error @ https://roma.jd.com/content/shipan-detail/js/vendor_b5b5de29d5.js:0
[    1098ms] [LOG] valid error @ https://roma.jd.com/content/shipan-detail/js/vendor_b5b5de29d5.js:0
[    1101ms] [LOG] valid error @ https://roma.jd.com/content/shipan-detail/js/vendor_b5b5de29d5.js:0
[    1105ms] [LOG] valid error @ https://roma.jd.com/content/shipan-detail/js/vendor_b5b5de29d5.js:0
[    1108ms] [LOG] valid error @ https://roma.jd.com/content/shipan-detail/js/vendor_b5b5de29d5.js:0
[    1111ms] [LOG] valid error @ https://roma.jd.com/content/shipan-detail/js/vendor_b5b5de29d5.js:0
[    1114ms] [LOG] valid error @ https://roma.jd.com/content/shipan-detail/js/vendor_b5b5de29d5.js:0
[    1117ms] [LOG] valid error @ https://roma.jd.com/content/shipan-detail/js/vendor_b5b5de29d5.js:0
[    1120ms] [LOG] valid error @ https://roma.jd.com/content/shipan-detail/js/vendor_b5b5de29d5.js:0
[    1124ms] [LOG] valid error @ https://roma.jd.com/content/shipan-detail/js/vendor_b5b5de29d5.js:0
