[     163ms] [WARNING] A parser-blocking, cross site (i.e. different eTLD+1) script, https://storage.360buyimg.com/jssss/jdjr-pc-app/script/h5-adapter-parent.js?t=5947064, is invoked via document.write. The network request for this script MAY be blocked by the browser in this or a future page load due to poor network connectivity. If blocked in this page load, it will be confirmed in a subsequent console message. See https://www.chromestatus.com/feature/5718547946799104 for more details. @ https://jdjr.jd.com/:23
[     164ms] [WARNING] A parser-blocking, cross site (i.e. different eTLD+1) script, https://storage.360buyimg.com/jssss/jdjr-pc-app/script/h5-adapter-parent.js?t=5947064, is invoked via document.write. The network request for this script MAY be blocked by the browser in this or a future page load due to poor network connectivity. If blocked in this page load, it will be confirmed in a subsequent console message. See https://www.chromestatus.com/feature/5718547946799104 for more details. @ https://jdjr.jd.com/:23
[     169ms] [ERROR] Document policy violation: js-profiling is not allowed in this document. @ https://sgm-static.jd.com/sgm-web-4.1.3.js:0
[     240ms] [WARNING] isVersionSupported: 无法获取当前版本号 @ https://jdjr.jd.com/release/goldpc2/js/Index.6b9611af.js:0
[     247ms] [LOG] Vue app is being created @ https://jdjr.jd.com/release/goldpc2/js/Index.6b9611af.js:0
[     247ms] [LOG] %c========== 屏幕适配信息 ========== color: #ff4144; font-size: 16px; font-weight: bold; @ https://jdjr.jd.com/release/goldpc2/js/Index.6b9611af.js:0
[     248ms] [TABLE] {CSS宽度 (逻辑像素): 1528px, CSS高度 (逻辑像素): 686px, 屏幕宽度: 1536px, 屏幕高度: 864px, 可用宽度: 1536px, 可用高度: 816px, 设备像素比 (DPR): 1.25, 物理宽度 (估算): 1910px, 物理高度 (估算): 858px} @ https://jdjr.jd.com/release/goldpc2/js/Index.6b9611af.js:0
[     248ms] [LOG] %c📏 当前屏幕类型: 中屏（1366-1600px） color: #1db270; font-size: 14px; font-weight: bold; @ https://jdjr.jd.com/release/goldpc2/js/Index.6b9611af.js:0
[     248ms] [LOG] %c💡 适配设计稿使用: CSS像素（逻辑像素）= 1528px color: #1890ff; font-size: 14px; @ https://jdjr.jd.com/release/goldpc2/js/Index.6b9611af.js:0
[     248ms] [LOG] %c⚠️  物理像素仅供参考，不用于适配 color: #faad14; font-size: 12px; @ https://jdjr.jd.com/release/goldpc2/js/Index.6b9611af.js:0
[     248ms] [LOG] ==================================
 @ https://jdjr.jd.com/release/goldpc2/js/Index.6b9611af.js:0
[     257ms] [LOG] 分发渠道已初始化: 未知 @ https://jdjr.jd.com/release/goldpc2/js/Index.6b9611af.js:0
[     257ms] [LOG] Vue app is being created @ https://jdjr.jd.com/release/goldpc2/js/Index.6b9611af.js:0
[     323ms] [LOG] unLogin changed: true @ https://jdjr.jd.com/release/goldpc2/js/194.2fff5ad5.js:7
[     336ms] [WARNING] isVersionSupported: 无法获取当前版本号 @ https://jdjr.jd.com/release/goldpc2/js/Index.6b9611af.js:0
[     342ms] [WARNING] isVersionSupported: 无法获取当前版本号 @ https://jdjr.jd.com/release/goldpc2/js/Index.6b9611af.js:0
[     343ms] [WARNING] isVersionSupported: 无法获取当前版本号 @ https://jdjr.jd.com/release/goldpc2/js/Index.6b9611af.js:0
[     368ms] [WARNING] isVersionSupported: 无法获取当前版本号 @ https://jdjr.jd.com/release/goldpc2/js/Index.6b9611af.js:0
[     369ms] [LOG] [HomeDarkMode] 系统主题监听器已初始化 @ https://jdjr.jd.com/release/goldpc2/js/194.2fff5ad5.js:7
[     581ms] [LOG] Titlebar 已移动到 document.documentElement 下，避免受 body transform 影响 @ https://jdjr.jd.com/static/titlebar.js:207
[     581ms] [LOG] Titlebar 显示条件检查: {isApp: false, versionSupported: false, isOldHomePage: false, shouldShow: false} @ https://jdjr.jd.com/static/titlebar.js:65
[     583ms] [LOG] Titlebar 已隐藏（不满足显示条件） @ https://jdjr.jd.com/static/titlebar.js:253
[     583ms] [LOG] Titlebar 显示条件检查: {isApp: false, versionSupported: false, isOldHomePage: false, shouldShow: false} @ https://jdjr.jd.com/static/titlebar.js:65
[     606ms] [WARNING] isVersionSupported: 无法获取当前版本号 @ https://jdjr.jd.com/release/goldpc2/js/Index.6b9611af.js:0
[     610ms] [WARNING] isVersionSupported: 无法获取当前版本号 @ https://jdjr.jd.com/release/goldpc2/js/Index.6b9611af.js:0
[     611ms] [WARNING] isVersionSupported: 无法获取当前版本号 @ https://jdjr.jd.com/release/goldpc2/js/Index.6b9611af.js:0
[     611ms] [WARNING] isVersionSupported: 无法获取当前版本号 @ https://jdjr.jd.com/release/goldpc2/js/Index.6b9611af.js:0
[     617ms] [WARNING] [H5Adapter] 页面上没有找到 iframe，主题切换未执行 @ https://storage.360buyimg.com/jssss/jdjr-pc-app/script/h5-adapter-parent.js?t=5947064:5
[     618ms] [WARNING] [H5Adapter] 页面上没有找到 iframe，主题切换未执行 @ https://storage.360buyimg.com/jssss/jdjr-pc-app/script/h5-adapter-parent.js?t=5947064:5
[     619ms] [WARNING] isVersionSupported: 无法获取当前版本号 @ https://jdjr.jd.com/release/goldpc2/js/Index.6b9611af.js:0
[     621ms] [WARNING] isVersionSupported: 无法获取当前版本号 @ https://jdjr.jd.com/release/goldpc2/js/Index.6b9611af.js:0
[     623ms] [WARNING] isVersionSupported: 无法获取当前版本号 @ https://jdjr.jd.com/release/goldpc2/js/Index.6b9611af.js:0
[     631ms] [WARNING] isVersionSupported: 无法获取当前版本号 @ https://jdjr.jd.com/release/goldpc2/js/Index.6b9611af.js:0
[     657ms] [LOG] =========homePageHeadInfo========= {msg: 成功, fail: true, code: 0, data: Object, success: false} @ https://jdjr.jd.com/release/goldpc2/js/194.2fff5ad5.js:7
[     660ms] [LOG] unLogin changed: false @ https://jdjr.jd.com/release/goldpc2/js/194.2fff5ad5.js:7
[     660ms] [LOG] 用户已登录，种cookie @ https://jdjr.jd.com/release/goldpc2/js/194.2fff5ad5.js:7
[     669ms] [WARNING] isVersionSupported: 无法获取当前版本号 @ https://jdjr.jd.com/release/goldpc2/js/Index.6b9611af.js:0
[     670ms] [WARNING] isVersionSupported: 无法获取当前版本号 @ https://jdjr.jd.com/release/goldpc2/js/Index.6b9611af.js:0
[     671ms] [WARNING] isVersionSupported: 无法获取当前版本号 @ https://jdjr.jd.com/release/goldpc2/js/Index.6b9611af.js:0
[     671ms] [WARNING] isVersionSupported: 无法获取当前版本号 @ https://jdjr.jd.com/release/goldpc2/js/Index.6b9611af.js:0
[     685ms] [WARNING] Mixed Content: The page at 'https://jdjr.jd.com/' was loaded over HTTPS, but requested an insecure element 'http://storage.360buyimg.com/default.image/6a645f6465665f696d675f393836323131373632333134353935323236_big.jpg'. This request was automatically upgraded to HTTPS, For more information see https://blog.chromium.org/2019/10/no-more-mixed-messages-about-https.html @ https://jdjr.jd.com/:0
[     721ms] [LOG] 点击指数: {indexCode: SH-000001, indexName: 上证指数, indexData: undefined, onlyPostMessage: true} @ https://jdjr.jd.com/release/goldpc2/js/145.ea8796a4.js:0
[     722ms] [LOG] 打开指数详情: {indexCode: SH-000001, indexName: 上证指数, indexData: undefined, onlyPostMessage: true} @ https://jdjr.jd.com/release/goldpc2/js/145.ea8796a4.js:0
[     724ms] [LOG] 当前已是指数详情页或仅发送消息，通过 postMessage 更新数据 @ https://jdjr.jd.com/release/goldpc2/js/145.ea8796a4.js:0
[     725ms] [LOG] [FundDetailPanel] iframe 未就绪，消息已缓存等待 READY @ https://jdjr.jd.com/release/goldpc2/js/145.ea8796a4.js:0
[     776ms] [LOG] 打开指数详情: {} @ https://jdjr.jd.com/release/goldpc2/js/145.ea8796a4.js:0
[     864ms] [LOG] =========setCookies success========= @ https://jdjr.jd.com/release/goldpc2/js/194.2fff5ad5.js:7
[     868ms] [WARNING] isVersionSupported: 无法获取当前版本号 @ https://jdjr.jd.com/release/goldpc2/js/Index.6b9611af.js:0
[     869ms] [WARNING] isVersionSupported: 无法获取当前版本号 @ https://jdjr.jd.com/release/goldpc2/js/Index.6b9611af.js:0
[     869ms] [WARNING] isVersionSupported: 无法获取当前版本号 @ https://jdjr.jd.com/release/goldpc2/js/Index.6b9611af.js:0
[     870ms] [WARNING] isVersionSupported: 无法获取当前版本号 @ https://jdjr.jd.com/release/goldpc2/js/Index.6b9611af.js:0
[     886ms] [LOG] --页面加载成功-- @ https://jdjr.jd.com/release/goldpc2/js/Index.6b9611af.js:0
[     903ms] [LOG] 点击指数: {indexCode: SH-000001, indexName: 上证指数, indexData: Proxy(Object)} @ https://jdjr.jd.com/release/goldpc2/js/145.ea8796a4.js:0
[     904ms] [LOG] 打开指数详情: {indexCode: SH-000001, indexName: 上证指数, indexData: Proxy(Object)} @ https://jdjr.jd.com/release/goldpc2/js/145.ea8796a4.js:0
[     904ms] [LOG] 当前已是指数详情页或仅发送消息，通过 postMessage 更新数据 @ https://jdjr.jd.com/release/goldpc2/js/145.ea8796a4.js:0
[     905ms] [LOG] [FundDetailPanel] iframe 未就绪，消息已缓存等待 READY @ https://jdjr.jd.com/release/goldpc2/js/145.ea8796a4.js:0
[     968ms] [LOG] iframe 栈初始化成功, 标题: 指数详情 , 显示导航栏: false , showPCfund: 1 @ https://jdjr.jd.com/release/goldpc2/js/145.ea8796a4.js:0
[     973ms] [LOG] 打开指数详情: https://show.jd.com/m/XJ1jgYewzanMvpa4/?pageKey=XJ1jgYewzanMvpa4 @ https://jdjr.jd.com/release/goldpc2/js/145.ea8796a4.js:0
[    1226ms] [WARNING] isVersionSupported: 无法获取当前版本号 @ https://jdjr.jd.com/release/goldpc2/js/Index.6b9611af.js:0
[    1226ms] [WARNING] isVersionSupported: 无法获取当前版本号 @ https://jdjr.jd.com/release/goldpc2/js/Index.6b9611af.js:0
[    1226ms] [WARNING] isVersionSupported: 无法获取当前版本号 @ https://jdjr.jd.com/release/goldpc2/js/Index.6b9611af.js:0
[    1227ms] [WARNING] isVersionSupported: 无法获取当前版本号 @ https://jdjr.jd.com/release/goldpc2/js/Index.6b9611af.js:0
[    1227ms] [WARNING] isVersionSupported: 无法获取当前版本号 @ https://jdjr.jd.com/release/goldpc2/js/Index.6b9611af.js:0
[    1227ms] [WARNING] isVersionSupported: 无法获取当前版本号 @ https://jdjr.jd.com/release/goldpc2/js/Index.6b9611af.js:0
[    1227ms] [WARNING] isVersionSupported: 无法获取当前版本号 @ https://jdjr.jd.com/release/goldpc2/js/Index.6b9611af.js:0
[    1227ms] [WARNING] isVersionSupported: 无法获取当前版本号 @ https://jdjr.jd.com/release/goldpc2/js/Index.6b9611af.js:0
[    1227ms] [WARNING] isVersionSupported: 无法获取当前版本号 @ https://jdjr.jd.com/release/goldpc2/js/Index.6b9611af.js:0
[    1228ms] [WARNING] isVersionSupported: 无法获取当前版本号 @ https://jdjr.jd.com/release/goldpc2/js/Index.6b9611af.js:0
[    1228ms] [WARNING] isVersionSupported: 无法获取当前版本号 @ https://jdjr.jd.com/release/goldpc2/js/Index.6b9611af.js:0
[    1228ms] [WARNING] isVersionSupported: 无法获取当前版本号 @ https://jdjr.jd.com/release/goldpc2/js/Index.6b9611af.js:0
[    1228ms] [WARNING] isVersionSupported: 无法获取当前版本号 @ https://jdjr.jd.com/release/goldpc2/js/Index.6b9611af.js:0
[    1228ms] [WARNING] isVersionSupported: 无法获取当前版本号 @ https://jdjr.jd.com/release/goldpc2/js/Index.6b9611af.js:0
[    1228ms] [WARNING] isVersionSupported: 无法获取当前版本号 @ https://jdjr.jd.com/release/goldpc2/js/Index.6b9611af.js:0
[    1228ms] [WARNING] isVersionSupported: 无法获取当前版本号 @ https://jdjr.jd.com/release/goldpc2/js/Index.6b9611af.js:0
[    1228ms] [WARNING] isVersionSupported: 无法获取当前版本号 @ https://jdjr.jd.com/release/goldpc2/js/Index.6b9611af.js:0
[    1229ms] [WARNING] isVersionSupported: 无法获取当前版本号 @ https://jdjr.jd.com/release/goldpc2/js/Index.6b9611af.js:0
[    1229ms] [WARNING] isVersionSupported: 无法获取当前版本号 @ https://jdjr.jd.com/release/goldpc2/js/Index.6b9611af.js:0
[    1230ms] [WARNING] isVersionSupported: 无法获取当前版本号 @ https://jdjr.jd.com/release/goldpc2/js/Index.6b9611af.js:0
[    1231ms] [LOG] 系统设置加载完成 {autoStart: false, keepRunning: true, isNew: true, mainWindow: Ctrl+Shift+Z, tray: Ctrl+Shift+D} @ https://jdjr.jd.com/release/goldpc2/js/194.2fff5ad5.js:7
[    1258ms] [LOG] %c[H5Adapter Child]%c 脚本已加载 color: #1890ff; font-weight: bold; color: inherit; 
- 版本: 0.1.1 
- 环境: 生产环境 (Production) 
- 渠道: grouppc 
- 构建时间: 2026/07/07 14:09:53 
- 当前页面: https://show.jd.com/m/XJ1jgYewzanMvpa4/?pageKey=XJ1jgYewzanMvpa4&_t=1784119781765&parentOrigin=https%3A%2F%2Fjdjr.jd.com&channelfrom=grouppc&showPCfund=1&ua=jdjr-app @ https://storage.360buyimg.com/jssss/jdjr-pc-app/script/h5-adapter-child.js:5
[    1281ms] TypeError: Cannot read properties of null (reading 'isConnected')
    at t.value (https://jdjr.jd.com/release/goldpc2/js/chunk-vendors.f97314c6.js:35:92108)
    at https://jdjr.jd.com/release/goldpc2/js/194.2fff5ad5.js:8:282325
[    1282ms] [WARNING] [H5Adapter] 未找到可用的主题实例，且 AutoTheme 不可用。主题切换未执行。 @ https://storage.360buyimg.com/jssss/jdjr-pc-app/script/h5-adapter-child.js:5
[    1317ms] [LOG] generateClientId : 3PbpsjZXPwBjYfNcbHFSw2e3DehXKKEH @ https://jdjr.jd.com/release/goldpc2/js/Index.6b9611af.js:0
[    2840ms] [INFO] 未找到骨架屏配置，如果已经配置骨架屏，请关注最新的Api文档 @ https://show.jd.com/m/XJ1jgYewzanMvpa4/?pageKey=XJ1jgYewzanMvpa4&_t=1784119781765&parentOrigin=https%3A%2F%2Fjdjr.jd.com&channelfrom=grouppc&showPCfund=1&ua=jdjr-app:0
[    3041ms] [LOG] window.cryptico.setPublicKeyString @ https://jdjr.jd.com/release/goldpc2/js/chunk-vendors.f97314c6.js:34
[    3292ms] [WARNING] Failed to execute 'postMessage' on 'DOMWindow': The target origin provided ('https://qidian.jd.com') does not match the recipient window's origin ('https://jdjr.jd.com'). @ https://qdsdk.jd.com/2.0.0/qd.js:6
[    3293ms] [WARNING] Failed to execute 'postMessage' on 'DOMWindow': The target origin provided ('https://minner.jr.jd.com') does not match the recipient window's origin ('https://jdjr.jd.com'). @ https://qdsdk.jd.com/2.0.0/qd.js:6
[    3321ms] [LOG] [FundDetailPanel] iframe READY，重发缓存消息: SH-000001 @ https://jdjr.jd.com/release/goldpc2/js/145.ea8796a4.js:0
[    3686ms] [WARNING] Failed to execute 'postMessage' on 'DOMWindow': The target origin provided ('https://qidian.jd.com') does not match the recipient window's origin ('https://jdjr.jd.com'). @ https://qdsdk.jd.com/2.0.0/qd.js:6
[    3687ms] [WARNING] Failed to execute 'postMessage' on 'DOMWindow': The target origin provided ('https://minner.jr.jd.com') does not match the recipient window's origin ('https://jdjr.jd.com'). @ https://qdsdk.jd.com/2.0.0/qd.js:6
[    3751ms] [LOG] initConnect======= onSuccess {msg: 订阅成功} @ https://jdjr.jd.com/release/goldpc2/js/Index.6b9611af.js:0
[    3752ms] [LOG] [SGM] [info] pc_mqtt_connected — MQTT连接成功 @ https://jdjr.jd.com/release/goldpc2/js/Index.6b9611af.js:0
[    4063ms] [LOG] %c[H5Adapter Child]%c 脚本已加载 color: #1890ff; font-weight: bold; color: inherit; 
- 版本: 0.1.1 
- 环境: 生产环境 (Production) 
- 渠道: pc 
- 构建时间: 2026/07/07 14:09:53 
- 当前页面: https://content.jr.jd.com/jrq/#/grouppc?id=2689640&channelfrom=pc&pcSource=newTabJrq&supportDarkMode=light&componentVersions=1&t=29735324 @ https://storage.360buyimg.com/jssss/jdjr-pc-app/script/h5-adapter-child.js:5
[    4076ms] [LOG] [SGM] [info] pc_mqtt_msg_parsed — MQTT消息解析成功, topic=$login @ https://jdjr.jd.com/release/goldpc2/js/Index.6b9611af.js:0
[    4087ms] [WARNING] A preload for 'https://gias.jd.com/js/m.js' is found, but is not used because the request credentials mode does not match. Consider taking a look at crossorigin attribute. @ https://content.jr.jd.com/jrq/#/grouppc?id=2689640&channelfrom=pc&pcSource=newTabJrq&supportDarkMode=light&componentVersions=1&t=29735324:0
[    4090ms] [WARNING] [H5Adapter] 未找到可用的主题实例，且 AutoTheme 不可用。主题切换未执行。 @ https://storage.360buyimg.com/jssss/jdjr-pc-app/script/h5-adapter-child.js:5
[    4567ms] [LOG] 🚀 ~ created ~ this.$route: 11 @ https://content.jr.jd.com/jrq/js/app.4d2157ae.js:0
[    4611ms] [WARNING] A preload for 'https://bps.jd.com/js/ts.js' is found, but is not used because the request credentials mode does not match. Consider taking a look at crossorigin attribute. @ https://content.jr.jd.com/jrq/#/grouppc?id=2689640&channelfrom=pc&pcSource=newTabJrq&supportDarkMode=light&componentVersions=1&t=29735324:0
[    4730ms] [WARNING] <meta name="apple-mobile-web-app-capable" content="yes"> is deprecated. Please include <meta name="mobile-web-app-capable" content="yes"> @ https://jdjr.jd.com/:0
[    5034ms] [ERROR] Permissions policy violation: accelerometer is not allowed in this document. @ https://storage.360buyimg.com/jssss/jdjr-pc-app/script/h5-adapter-child.js:5
[    5035ms] [WARNING] The deviceorientation events are blocked by permissions policy. See https://go.microsoft.com/fwlink/?linkid=2047894 @ https://storage.360buyimg.com/jssss/jdjr-pc-app/script/h5-adapter-child.js:5
[    5036ms] [ERROR] Permissions policy violation: accelerometer is not allowed in this document. @ https://storage.360buyimg.com/jssss/jdjr-pc-app/script/h5-adapter-child.js:5
[    5036ms] [WARNING] The devicemotion events are blocked by permissions policy. See https://go.microsoft.com/fwlink/?linkid=2047894 @ https://storage.360buyimg.com/jssss/jdjr-pc-app/script/h5-adapter-child.js:5
[    5173ms] [LOG] --------------> {templateType: undefined, templateInstanceKey: undefined, templateData: undefined, templateExtStyle: undefined, templateId: undefined} @ https://content.jr.jd.com/jrq/js/app.4d2157ae.js:0
[    5195ms] [LOG] this.propData.templateData.userExtendInfo.livingStatus ====>  -1 @ https://content.jr.jd.com/jrq/js/app.4d2157ae.js:0
[    5224ms] [LOG] --------------> {templateType: undefined, templateInstanceKey: undefined, templateData: undefined, templateExtStyle: undefined, templateId: undefined} @ https://content.jr.jd.com/jrq/js/app.4d2157ae.js:0
[    5235ms] [LOG] this.propData.templateData.userExtendInfo.livingStatus ====>  -1 @ https://content.jr.jd.com/jrq/js/app.4d2157ae.js:0
[    5242ms] [LOG] --------------> {templateType: undefined, templateInstanceKey: undefined, templateData: undefined, templateExtStyle: undefined, templateId: undefined} @ https://content.jr.jd.com/jrq/js/app.4d2157ae.js:0
[    5252ms] [LOG] this.propData.templateData.userExtendInfo.livingStatus ====>  -1 @ https://content.jr.jd.com/jrq/js/app.4d2157ae.js:0
[    5271ms] [LOG] --------------> {templateType: undefined, templateInstanceKey: undefined, templateData: undefined, templateExtStyle: undefined, templateId: undefined} @ https://content.jr.jd.com/jrq/js/app.4d2157ae.js:0
[    5285ms] [LOG] this.propData.templateData.userExtendInfo.livingStatus ====>  -1 @ https://content.jr.jd.com/jrq/js/app.4d2157ae.js:0
[    5296ms] [LOG] --------------> {templateType: undefined, templateInstanceKey: undefined, templateData: undefined, templateExtStyle: undefined, templateId: undefined} @ https://content.jr.jd.com/jrq/js/app.4d2157ae.js:0
[    5314ms] [LOG] this.propData.templateData.userExtendInfo.livingStatus ====>  -1 @ https://content.jr.jd.com/jrq/js/app.4d2157ae.js:0
[    5345ms] [LOG] --------------> {templateType: undefined, templateInstanceKey: undefined, templateData: undefined, templateExtStyle: undefined, templateId: undefined} @ https://content.jr.jd.com/jrq/js/app.4d2157ae.js:0
[    5361ms] [LOG] this.propData.templateData.userExtendInfo.livingStatus ====>  -1 @ https://content.jr.jd.com/jrq/js/app.4d2157ae.js:0
[    5372ms] [LOG] --------------> {templateType: undefined, templateInstanceKey: undefined, templateData: undefined, templateExtStyle: undefined, templateId: undefined} @ https://content.jr.jd.com/jrq/js/app.4d2157ae.js:0
[    5388ms] [LOG] this.propData.templateData.userExtendInfo.livingStatus ====>  -1 @ https://content.jr.jd.com/jrq/js/app.4d2157ae.js:0
[    5413ms] [LOG] this.getTheme----- --->  light @ https://content.jr.jd.com/jrq/js/app.4d2157ae.js:0
[    5413ms] [LOG] this.getTheme----- --->  light @ https://content.jr.jd.com/jrq/js/app.4d2157ae.js:0
[    5414ms] [LOG] this.getTheme----- --->  light @ https://content.jr.jd.com/jrq/js/app.4d2157ae.js:0
[    5416ms] [LOG] this.getTheme----- --->  light @ https://content.jr.jd.com/jrq/js/app.4d2157ae.js:0
[    5417ms] [LOG] this.getTheme----- --->  light @ https://content.jr.jd.com/jrq/js/app.4d2157ae.js:0
[    5418ms] [LOG] this.getTheme----- --->  light @ https://content.jr.jd.com/jrq/js/app.4d2157ae.js:0
[    5420ms] [LOG] this.getTheme----- --->  light @ https://content.jr.jd.com/jrq/js/app.4d2157ae.js:0
[    5629ms] [LOG] ------------------图片加载完成 @ https://content.jr.jd.com/jrq/js/app.4d2157ae.js:0
[   11892ms] [WARNING] The resource https://bps.jd.com/js/ts.js was preloaded using link preload but not used within a few seconds from the window's load event. Please make sure it has an appropriate `as` value and it is preloaded intentionally. @ https://content.jr.jd.com/jrq/#/grouppc?id=2689640&channelfrom=pc&pcSource=newTabJrq&supportDarkMode=light&componentVersions=1&t=29735324:0
[   11892ms] [WARNING] The resource https://gias.jd.com/js/m.js was preloaded using link preload but not used within a few seconds from the window's load event. Please make sure it has an appropriate `as` value and it is preloaded intentionally. @ https://content.jr.jd.com/jrq/#/grouppc?id=2689640&channelfrom=pc&pcSource=newTabJrq&supportDarkMode=light&componentVersions=1&t=29735324:0
[   15997ms] [WARNING] The resource https://bps.jd.com/js/ts.js was preloaded using link preload but not used within a few seconds from the window's load event. Please make sure it has an appropriate `as` value and it is preloaded intentionally. @ https://content.jr.jd.com/jrq/#/grouppc?id=2689640&channelfrom=pc&pcSource=newTabJrq&supportDarkMode=light&componentVersions=1&t=29735324:0
[   15998ms] [WARNING] The resource https://gias.jd.com/js/m.js was preloaded using link preload but not used within a few seconds from the window's load event. Please make sure it has an appropriate `as` value and it is preloaded intentionally. @ https://content.jr.jd.com/jrq/#/grouppc?id=2689640&channelfrom=pc&pcSource=newTabJrq&supportDarkMode=light&componentVersions=1&t=29735324:0
[   24131ms] [WARNING] The resource https://bps.jd.com/js/ts.js was preloaded using link preload but not used within a few seconds from the window's load event. Please make sure it has an appropriate `as` value and it is preloaded intentionally. @ https://content.jr.jd.com/jrq/#/grouppc?id=2689640&channelfrom=pc&pcSource=newTabJrq&supportDarkMode=light&componentVersions=1&t=29735324:0
[   24132ms] [WARNING] The resource https://gias.jd.com/js/m.js was preloaded using link preload but not used within a few seconds from the window's load event. Please make sure it has an appropriate `as` value and it is preloaded intentionally. @ https://content.jr.jd.com/jrq/#/grouppc?id=2689640&channelfrom=pc&pcSource=newTabJrq&supportDarkMode=light&componentVersions=1&t=29735324:0
