[     138ms] [LOG] window._READMISSION-- {setOption: , setElementHide: , setReceiveMissionModel: , setMissionId: , setMissionIdInner: } @ https://storage.jd.com/static-page/mission/forever/readmult/2.2.4/readPluginv2.2.4.js:1
[     252ms] [INFO] Images loaded lazily and replaced with placeholders. Load events are deferred. See https://go.microsoft.com/fwlink/?linkid=2048113 @ https://roma.jd.com/content/shipan-detail?targetUid=jimu_user_info-3546208:0
[     297ms] [WARNING] startExposure in web not supported @ https://roma.jd.com/content/shipan-detail/js/vendor_b5b5de29d5.js:46
[     390ms] [LOG] valid error @ https://roma.jd.com/content/shipan-detail/js/vendor_b5b5de29d5.js:0
[     632ms] [LOG] ++++++v-bind解析异常 return arrowIcon ReferenceError: arrowIcon is not defined
    at eval (eval at _construct (https://roma.jd.com/content/shipan-detail/js/vendor_b5b5de29d5.js:15:162606), <anonymous>:3:1)
    at u (https://roma.jd.com/content/shipan-detail/js/vendor_b5b5de29d5.js:15:216304)
    at e.value (https://roma.jd.com/content/shipan-detail/js/vendor_b5b5de29d5.js:15:253224)
    at D (https://roma.jd.com/content/shipan-detail/js/vendor_b5b5de29d5.js:15:290536)
    at D (https://roma.jd.com/content/shipan-detail/js/vendor_b5b5de29d5.js:15:292268)
    at D (https://roma.jd.com/content/shipan-detail/js/vendor_b5b5de29d5.js:15:292268)
    at D (https://roma.jd.com/content/shipan-detail/js/vendor_b5b5de29d5.js:15:292268)
    at D (https://roma.jd.com/content/shipan-detail/js/vendor_b5b5de29d5.js:15:292268)
    at D (https://roma.jd.com/content/shipan-detail/js/vendor_b5b5de29d5.js:15:292268)
    at D (https://roma.jd.com/content/shipan-detail/js/vendor_b5b5de29d5.js:15:292268) @ https://roma.jd.com/content/shipan-detail/js/vendor_b5b5de29d5.js:14
[     647ms] [LOG] ++++++v-bind解析异常 return arrowIcon ReferenceError: arrowIcon is not defined
    at eval (eval at _construct (https://roma.jd.com/content/shipan-detail/js/vendor_b5b5de29d5.js:15:162606), <anonymous>:3:1)
    at u (https://roma.jd.com/content/shipan-detail/js/vendor_b5b5de29d5.js:15:216304)
    at e.value (https://roma.jd.com/content/shipan-detail/js/vendor_b5b5de29d5.js:15:253224)
    at D (https://roma.jd.com/content/shipan-detail/js/vendor_b5b5de29d5.js:15:290536)
    at D (https://roma.jd.com/content/shipan-detail/js/vendor_b5b5de29d5.js:15:292268)
    at D (https://roma.jd.com/content/shipan-detail/js/vendor_b5b5de29d5.js:15:292268)
    at D (https://roma.jd.com/content/shipan-detail/js/vendor_b5b5de29d5.js:15:292268)
    at D (https://roma.jd.com/content/shipan-detail/js/vendor_b5b5de29d5.js:15:292268)
    at D (https://roma.jd.com/content/shipan-detail/js/vendor_b5b5de29d5.js:15:292268)
    at D (https://roma.jd.com/content/shipan-detail/js/vendor_b5b5de29d5.js:15:292268) @ https://roma.jd.com/content/shipan-detail/js/vendor_b5b5de29d5.js:14
[     657ms] [LOG] ++++++v-bind解析异常 return arrowIcon ReferenceError: arrowIcon is not defined
    at eval (eval at _construct (https://roma.jd.com/content/shipan-detail/js/vendor_b5b5de29d5.js:15:162606), <anonymous>:3:1)
    at u (https://roma.jd.com/content/shipan-detail/js/vendor_b5b5de29d5.js:15:216304)
    at e.value (https://roma.jd.com/content/shipan-detail/js/vendor_b5b5de29d5.js:15:253224)
    at D (https://roma.jd.com/content/shipan-detail/js/vendor_b5b5de29d5.js:15:290536)
    at D (https://roma.jd.com/content/shipan-detail/js/vendor_b5b5de29d5.js:15:292268)
    at D (https://roma.jd.com/content/shipan-detail/js/vendor_b5b5de29d5.js:15:292268)
    at D (https://roma.jd.com/content/shipan-detail/js/vendor_b5b5de29d5.js:15:292268)
    at D (https://roma.jd.com/content/shipan-detail/js/vendor_b5b5de29d5.js:15:292268)
    at D (https://roma.jd.com/content/shipan-detail/js/vendor_b5b5de29d5.js:15:292268)
    at D (https://roma.jd.com/content/shipan-detail/js/vendor_b5b5de29d5.js:15:292268) @ https://roma.jd.com/content/shipan-detail/js/vendor_b5b5de29d5.js:14
[     667ms] [LOG] ++++++v-bind解析异常 return arrowIcon ReferenceError: arrowIcon is not defined
    at eval (eval at _construct (https://roma.jd.com/content/shipan-detail/js/vendor_b5b5de29d5.js:15:162606), <anonymous>:3:1)
    at u (https://roma.jd.com/content/shipan-detail/js/vendor_b5b5de29d5.js:15:216304)
    at e.value (https://roma.jd.com/content/shipan-detail/js/vendor_b5b5de29d5.js:15:253224)
    at D (https://roma.jd.com/content/shipan-detail/js/vendor_b5b5de29d5.js:15:290536)
    at D (https://roma.jd.com/content/shipan-detail/js/vendor_b5b5de29d5.js:15:292268)
    at D (https://roma.jd.com/content/shipan-detail/js/vendor_b5b5de29d5.js:15:292268)
    at D (https://roma.jd.com/content/shipan-detail/js/vendor_b5b5de29d5.js:15:292268)
    at D (https://roma.jd.com/content/shipan-detail/js/vendor_b5b5de29d5.js:15:292268)
    at D (https://roma.jd.com/content/shipan-detail/js/vendor_b5b5de29d5.js:15:292268)
    at D (https://roma.jd.com/content/shipan-detail/js/vendor_b5b5de29d5.js:15:292268) @ https://roma.jd.com/content/shipan-detail/js/vendor_b5b5de29d5.js:14
[     679ms] [LOG] ++++++v-bind解析异常 return arrowIcon ReferenceError: arrowIcon is not defined
    at eval (eval at _construct (https://roma.jd.com/content/shipan-detail/js/vendor_b5b5de29d5.js:15:162606), <anonymous>:3:1)
    at u (https://roma.jd.com/content/shipan-detail/js/vendor_b5b5de29d5.js:15:216304)
    at e.value (https://roma.jd.com/content/shipan-detail/js/vendor_b5b5de29d5.js:15:253224)
    at D (https://roma.jd.com/content/shipan-detail/js/vendor_b5b5de29d5.js:15:290536)
    at D (https://roma.jd.com/content/shipan-detail/js/vendor_b5b5de29d5.js:15:292268)
    at D (https://roma.jd.com/content/shipan-detail/js/vendor_b5b5de29d5.js:15:292268)
    at D (https://roma.jd.com/content/shipan-detail/js/vendor_b5b5de29d5.js:15:292268)
    at D (https://roma.jd.com/content/shipan-detail/js/vendor_b5b5de29d5.js:15:292268)
    at D (https://roma.jd.com/content/shipan-detail/js/vendor_b5b5de29d5.js:15:292268)
    at D (https://roma.jd.com/content/shipan-detail/js/vendor_b5b5de29d5.js:15:292268) @ https://roma.jd.com/content/shipan-detail/js/vendor_b5b5de29d5.js:14
[     690ms] [LOG] ++++++v-bind解析异常 return arrowIcon ReferenceError: arrowIcon is not defined
    at eval (eval at _construct (https://roma.jd.com/content/shipan-detail/js/vendor_b5b5de29d5.js:15:162606), <anonymous>:3:1)
    at u (https://roma.jd.com/content/shipan-detail/js/vendor_b5b5de29d5.js:15:216304)
    at e.value (https://roma.jd.com/content/shipan-detail/js/vendor_b5b5de29d5.js:15:253224)
    at D (https://roma.jd.com/content/shipan-detail/js/vendor_b5b5de29d5.js:15:290536)
    at D (https://roma.jd.com/content/shipan-detail/js/vendor_b5b5de29d5.js:15:292268)
    at D (https://roma.jd.com/content/shipan-detail/js/vendor_b5b5de29d5.js:15:292268)
    at D (https://roma.jd.com/content/shipan-detail/js/vendor_b5b5de29d5.js:15:292268)
    at D (https://roma.jd.com/content/shipan-detail/js/vendor_b5b5de29d5.js:15:292268)
    at D (https://roma.jd.com/content/shipan-detail/js/vendor_b5b5de29d5.js:15:292268)
    at D (https://roma.jd.com/content/shipan-detail/js/vendor_b5b5de29d5.js:15:292268) @ https://roma.jd.com/content/shipan-detail/js/vendor_b5b5de29d5.js:14
[     701ms] [LOG] ++++++v-bind解析异常 return arrowIcon ReferenceError: arrowIcon is not defined
    at eval (eval at _construct (https://roma.jd.com/content/shipan-detail/js/vendor_b5b5de29d5.js:15:162606), <anonymous>:3:1)
    at u (https://roma.jd.com/content/shipan-detail/js/vendor_b5b5de29d5.js:15:216304)
    at e.value (https://roma.jd.com/content/shipan-detail/js/vendor_b5b5de29d5.js:15:253224)
    at D (https://roma.jd.com/content/shipan-detail/js/vendor_b5b5de29d5.js:15:290536)
    at D (https://roma.jd.com/content/shipan-detail/js/vendor_b5b5de29d5.js:15:292268)
    at D (https://roma.jd.com/content/shipan-detail/js/vendor_b5b5de29d5.js:15:292268)
    at D (https://roma.jd.com/content/shipan-detail/js/vendor_b5b5de29d5.js:15:292268)
    at D (https://roma.jd.com/content/shipan-detail/js/vendor_b5b5de29d5.js:15:292268)
    at D (https://roma.jd.com/content/shipan-detail/js/vendor_b5b5de29d5.js:15:292268)
    at D (https://roma.jd.com/content/shipan-detail/js/vendor_b5b5de29d5.js:15:292268) @ https://roma.jd.com/content/shipan-detail/js/vendor_b5b5de29d5.js:14
[     711ms] [LOG] ++++++v-bind解析异常 return arrowIcon ReferenceError: arrowIcon is not defined
    at eval (eval at _construct (https://roma.jd.com/content/shipan-detail/js/vendor_b5b5de29d5.js:15:162606), <anonymous>:3:1)
    at u (https://roma.jd.com/content/shipan-detail/js/vendor_b5b5de29d5.js:15:216304)
    at e.value (https://roma.jd.com/content/shipan-detail/js/vendor_b5b5de29d5.js:15:253224)
    at D (https://roma.jd.com/content/shipan-detail/js/vendor_b5b5de29d5.js:15:290536)
    at D (https://roma.jd.com/content/shipan-detail/js/vendor_b5b5de29d5.js:15:292268)
    at D (https://roma.jd.com/content/shipan-detail/js/vendor_b5b5de29d5.js:15:292268)
    at D (https://roma.jd.com/content/shipan-detail/js/vendor_b5b5de29d5.js:15:292268)
    at D (https://roma.jd.com/content/shipan-detail/js/vendor_b5b5de29d5.js:15:292268)
    at D (https://roma.jd.com/content/shipan-detail/js/vendor_b5b5de29d5.js:15:292268)
    at D (https://roma.jd.com/content/shipan-detail/js/vendor_b5b5de29d5.js:15:292268) @ https://roma.jd.com/content/shipan-detail/js/vendor_b5b5de29d5.js:14
[     719ms] [LOG] ++++++v-bind解析异常 return arrowIcon ReferenceError: arrowIcon is not defined
    at eval (eval at _construct (https://roma.jd.com/content/shipan-detail/js/vendor_b5b5de29d5.js:15:162606), <anonymous>:3:1)
    at u (https://roma.jd.com/content/shipan-detail/js/vendor_b5b5de29d5.js:15:216304)
    at e.value (https://roma.jd.com/content/shipan-detail/js/vendor_b5b5de29d5.js:15:253224)
    at D (https://roma.jd.com/content/shipan-detail/js/vendor_b5b5de29d5.js:15:290536)
    at D (https://roma.jd.com/content/shipan-detail/js/vendor_b5b5de29d5.js:15:292268)
    at D (https://roma.jd.com/content/shipan-detail/js/vendor_b5b5de29d5.js:15:292268)
    at D (https://roma.jd.com/content/shipan-detail/js/vendor_b5b5de29d5.js:15:292268)
    at D (https://roma.jd.com/content/shipan-detail/js/vendor_b5b5de29d5.js:15:292268)
    at D (https://roma.jd.com/content/shipan-detail/js/vendor_b5b5de29d5.js:15:292268)
    at D (https://roma.jd.com/content/shipan-detail/js/vendor_b5b5de29d5.js:15:292268) @ https://roma.jd.com/content/shipan-detail/js/vendor_b5b5de29d5.js:14
[     728ms] [LOG] ++++++v-bind解析异常 return arrowIcon ReferenceError: arrowIcon is not defined
    at eval (eval at _construct (https://roma.jd.com/content/shipan-detail/js/vendor_b5b5de29d5.js:15:162606), <anonymous>:3:1)
    at u (https://roma.jd.com/content/shipan-detail/js/vendor_b5b5de29d5.js:15:216304)
    at e.value (https://roma.jd.com/content/shipan-detail/js/vendor_b5b5de29d5.js:15:253224)
    at D (https://roma.jd.com/content/shipan-detail/js/vendor_b5b5de29d5.js:15:290536)
    at D (https://roma.jd.com/content/shipan-detail/js/vendor_b5b5de29d5.js:15:292268)
    at D (https://roma.jd.com/content/shipan-detail/js/vendor_b5b5de29d5.js:15:292268)
    at D (https://roma.jd.com/content/shipan-detail/js/vendor_b5b5de29d5.js:15:292268)
    at D (https://roma.jd.com/content/shipan-detail/js/vendor_b5b5de29d5.js:15:292268)
    at D (https://roma.jd.com/content/shipan-detail/js/vendor_b5b5de29d5.js:15:292268)
    at D (https://roma.jd.com/content/shipan-detail/js/vendor_b5b5de29d5.js:15:292268) @ https://roma.jd.com/content/shipan-detail/js/vendor_b5b5de29d5.js:14
[     833ms] [LOG] Download mq sdk failed ReferenceError: JOYER_ENV_ROMA_MQTT_APP_CODE is not defined
    at ge (https://roma.jd.com/content/shipan-detail/js/vendor_b5b5de29d5.js:20:138582)
    at https://roma.jd.com/content/shipan-detail/js/vendor_b5b5de29d5.js:20:141998 @ https://roma.jd.com/content/shipan-detail/js/vendor_b5b5de29d5.js:19
[     946ms] [LOG] valid error @ https://roma.jd.com/content/shipan-detail/js/vendor_b5b5de29d5.js:0
[     951ms] [LOG] valid error @ https://roma.jd.com/content/shipan-detail/js/vendor_b5b5de29d5.js:0
[     955ms] [LOG] valid error @ https://roma.jd.com/content/shipan-detail/js/vendor_b5b5de29d5.js:0
[     958ms] [LOG] valid error @ https://roma.jd.com/content/shipan-detail/js/vendor_b5b5de29d5.js:0
[     962ms] [LOG] valid error @ https://roma.jd.com/content/shipan-detail/js/vendor_b5b5de29d5.js:0
[     965ms] [LOG] valid error @ https://roma.jd.com/content/shipan-detail/js/vendor_b5b5de29d5.js:0
[     968ms] [LOG] valid error @ https://roma.jd.com/content/shipan-detail/js/vendor_b5b5de29d5.js:0
[     971ms] [LOG] valid error @ https://roma.jd.com/content/shipan-detail/js/vendor_b5b5de29d5.js:0
[     974ms] [LOG] valid error @ https://roma.jd.com/content/shipan-detail/js/vendor_b5b5de29d5.js:0
[     978ms] [LOG] valid error @ https://roma.jd.com/content/shipan-detail/js/vendor_b5b5de29d5.js:0
