[     331ms] [WARNING] %c 请接入奇点时设置pageId参数（未设置可能导致浏览数据统计不到），下一个版本如果未设置，将不再上报页面浏览数据，请尽快完成，感谢您的配合！如何设置，可以在这里查看：https://joyspace.jd.com/pages/puZEQL6Ct1T50FVq8NMH color:#ff9800 @ https://qdsdk.jd.com/2.0.0/qd.js:6
[     355ms] [WARNING] %c 奇点自定义方法 window.__qd__.event 最新版只支持传入对象或钩子函数(需返回对象)，
后续版本会去掉之前传字符串写法，请做好升级适配。 color:#ff9800 @ https://qdsdk.jd.com/2.0.0/qd.js:6
[     567ms] [WARNING] <meta name="apple-mobile-web-app-capable" content="yes"> is deprecated. Please include <meta name="mobile-web-app-capable" content="yes"> @ https://m.jr.jd.com/udownload/index.html:0
[     591ms] [LOG] 精简包地址：  @ https://m.jr.jd.com/udownload/static/js/index.76d6620cafde6cdc007b.js:0
[   21510ms] [ERROR] Failed to load resource: the server responded with a status of 404 () @ https://ms.jr.jd.com/gw/generic/jj/h5/m/getFundDetail?reqData=%7B%22fundCode%22%3A%22016416%22%7D:0
[   21625ms] [ERROR] Failed to load resource: the server responded with a status of 404 () @ https://ms.jr.jd.com/gw/generic/jj/h5/m/getFundDetail?reqData=%7B%22fundCode%22%3A%22005660%22%7D:0
[   21907ms] [ERROR] Failed to load resource: the server responded with a status of 404 () @ https://ms.jr.jd.com/gw/generic/jj/h5/m/getFundDetail?reqData=%7B%22fundCode%22%3A%22012240%22%7D:0
[   21982ms] [ERROR] Failed to load resource: the server responded with a status of 404 () @ https://ms.jr.jd.com/gw/generic/jj/h5/m/getFundDetail?reqData=%7B%22fundCode%22%3A%22018736%22%7D:0
[   22042ms] [ERROR] Failed to load resource: the server responded with a status of 404 () @ https://ms.jr.jd.com/gw/generic/jj/h5/m/getTradeRule?reqData=%7B%22fundCode%22%3A%22016416%22%7D:0
[   22139ms] [ERROR] Failed to load resource: the server responded with a status of 404 () @ https://ms.jr.jd.com/gw/generic/jj/h5/m/getTradeRule?reqData=%7B%22fundCode%22%3A%22005660%22%7D:0
[   22218ms] [ERROR] Failed to load resource: the server responded with a status of 404 () @ https://ms.jr.jd.com/gw/generic/jj/h5/m/getNetValue?reqData=%7B%22fundCode%22%3A%22016416%22%2C%22pageSize%22%3A30%7D:0
[   22285ms] [ERROR] Failed to load resource: the server responded with a status of 404 () @ https://ms.jr.jd.com/gw/generic/jj/h5/m/getNetValue?reqData=%7B%22fundCode%22%3A%22005660%22%2C%22pageSize%22%3A30%7D:0
[   22624ms] [ERROR] Failed to load resource: the server responded with a status of 404 () @ https://ms.jr.jd.com/gw2/generic/jj/h5/m/queryRankingList?reqData=%7B%22rankingType%22%3A%22RAT_1Y%22%2C%22pageId%22%3A1%2C%22pageSize%22%3A20%2C%22deviceType%22%3A%22h5%22%7D:0
[   22702ms] [ERROR] Failed to load resource: the server responded with a status of 404 () @ https://ms.jr.jd.com/gw2/generic/jj/h5/m/queryRankingList?reqData=%7B%22rankingType%22%3A%22RAT_3Y%22%2C%22pageId%22%3A1%2C%22pageSize%22%3A20%2C%22deviceType%22%3A%22h5%22%7D:0
[   22758ms] [ERROR] Failed to load resource: the server responded with a status of 404 () @ https://ms.jr.jd.com/gw2/generic/jj/h5/m/queryRankingList?reqData=%7B%22rankingType%22%3A%22RAT_5Y%22%2C%22pageId%22%3A1%2C%22pageSize%22%3A20%2C%22deviceType%22%3A%22h5%22%7D:0
[   22830ms] [ERROR] Failed to load resource: the server responded with a status of 404 () @ https://ms.jr.jd.com/gw2/generic/jj/h5/m/queryRankingList?reqData=%7B%22rankingType%22%3A%22RR1%22%2C%22pageId%22%3A1%2C%22pageSize%22%3A20%2C%22deviceType%22%3A%22h5%22%7D:0
[   22903ms] [ERROR] Failed to load resource: the server responded with a status of 404 () @ https://ms.jr.jd.com/gw2/generic/jj/h5/m/queryRankingList?reqData=%7B%22rankingType%22%3A%22RETURNRATE_1W%22%2C%22pageId%22%3A1%2C%22pageSize%22%3A20%2C%22deviceType%22%3A%22h5%22%7D:0
[   22984ms] [ERROR] Failed to load resource: the server responded with a status of 404 () @ https://ms.jr.jd.com/gw2/generic/jj/h5/m/queryThemeRanking?reqData=%7B%22themeType%22%3A%22TOPIC%22%2C%22pageId%22%3A1%2C%22pageSize%22%3A20%7D:0
[   23057ms] [ERROR] Failed to load resource: the server responded with a status of 404 () @ https://ms.jr.jd.com/gw2/generic/jj/h5/m/queryThemeRanking?reqData=%7B%22themeType%22%3A%22INDUSTRY%22%2C%22pageId%22%3A1%2C%22pageSize%22%3A20%7D:0
[   23204ms] [ERROR] Failed to load resource: the server responded with a status of 404 () @ https://ms.jr.jd.com/gw2/generic/jj/h5/m/queryThemeRanking?reqData=%7B%22themeType%22%3A%22SECTOR%22%2C%22pageId%22%3A1%2C%22pageSize%22%3A20%7D:0
[   23289ms] [ERROR] Failed to load resource: the server responded with a status of 404 () @ https://ms.jr.jd.com/gw2/generic/jj/h5/m/queryThemeRanking?reqData=%7B%22themeType%22%3A%22STYLE%22%2C%22pageId%22%3A1%2C%22pageSize%22%3A20%7D:0
[   23375ms] [ERROR] Failed to load resource: the server responded with a status of 404 () @ https://ms.jr.jd.com/gw2/generic/jj/h5/m/getIndustryValuation?reqData=%7B%22industryType%22%3A%22SW1%22%7D:0
[   23455ms] [ERROR] Failed to load resource: the server responded with a status of 404 () @ https://ms.jr.jd.com/gw2/generic/jj/h5/m/getIndustryValuation?reqData=%7B%22industryType%22%3A%22BK%22%7D:0
[   23544ms] [ERROR] Failed to load resource: the server responded with a status of 404 () @ https://ms.jr.jd.com/gw2/generic/jj/h5/m/getIndustryValuation?reqData=%7B%22industryType%22%3A%22CSRC%22%7D:0
[   23642ms] [ERROR] Failed to load resource: the server responded with a status of 404 () @ https://ms.jr.jd.com/gw2/generic/jj/h5/m/getIndustryValuation?reqData=%7B%22industryType%22%3A%22CITIC%22%7D:0
[   23694ms] [ERROR] Failed to load resource: the server responded with a status of 404 () @ https://ms.jr.jd.com/gw/generic/jj/h5/m/getManagerInfo?reqData=%7B%22fundCode%22%3A%22016416%22%7D:0
[   23777ms] [ERROR] Failed to load resource: the server responded with a status of 404 () @ https://ms.jr.jd.com/gw/generic/jj/h5/m/getManagerInfo?reqData=%7B%22fundCode%22%3A%22005660%22%7D:0
[   23908ms] [ERROR] Failed to load resource: the server responded with a status of 404 () @ https://ms.jr.jd.com/gw/generic/jj/h5/m/getManagerFunds?reqData=%7B%22managerId%22%3A%22%22%7D:0
[   23984ms] [ERROR] Failed to load resource: the server responded with a status of 404 () @ https://ms.jr.jd.com/gw/generic/jj/h5/m/getFundAnnouncement?reqData=%7B%22fundCode%22%3A%22016416%22%2C%22pageId%22%3A1%2C%22pageSize%22%3A20%7D:0
[   24069ms] [ERROR] Failed to load resource: the server responded with a status of 404 () @ https://ms.jr.jd.com/gw/generic/jj/h5/m/getFundAnnouncement?reqData=%7B%22fundCode%22%3A%22005660%22%2C%22pageId%22%3A1%2C%22pageSize%22%3A20%7D:0
[   24217ms] [ERROR] Failed to load resource: the server responded with a status of 404 () @ https://ms.jr.jd.com/gw2/generic/jj/h5/m/getNewsList?reqData=%7B%22category%22%3A%22FUND%22%2C%22pageId%22%3A1%2C%22pageSize%22%3A20%7D:0
[   24295ms] [ERROR] Failed to load resource: the server responded with a status of 404 () @ https://ms.jr.jd.com/gw2/generic/jj/h5/m/getNewsList?reqData=%7B%22category%22%3A%22STOCK%22%2C%22pageId%22%3A1%2C%22pageSize%22%3A20%7D:0
[   24395ms] [ERROR] Failed to load resource: the server responded with a status of 404 () @ https://ms.jr.jd.com/gw2/generic/jj/h5/m/getNewsList?reqData=%7B%22category%22%3A%22MACRO%22%2C%22pageId%22%3A1%2C%22pageSize%22%3A20%7D:0
[   24475ms] [ERROR] Failed to load resource: the server responded with a status of 404 () @ https://ms.jr.jd.com/gw2/generic/jj/h5/m/getNewsList?reqData=%7B%22category%22%3A%22FUND_NEWS%22%2C%22pageId%22%3A1%2C%22pageSize%22%3A20%7D:0
[   24549ms] [ERROR] Failed to load resource: the server responded with a status of 404 () @ https://ms.jr.jd.com/gw/generic/jj/h5/m/getFundPortfolio?reqData=%7B%22fundCode%22%3A%22016416%22%7D:0
[   24637ms] [ERROR] Failed to load resource: the server responded with a status of 404 () @ https://ms.jr.jd.com/gw/generic/jj/h5/m/getFundPortfolio?reqData=%7B%22fundCode%22%3A%22005660%22%7D:0
[   24716ms] [ERROR] Failed to load resource: the server responded with a status of 404 () @ https://ms.jr.jd.com/gw/generic/jj/h5/m/queryFundStockPortfolio?reqData=%7B%22fundCode%22%3A%22016416%22%7D:0
[   24794ms] [ERROR] Failed to load resource: the server responded with a status of 404 () @ https://ms.jr.jd.com/gw/generic/jj/h5/m/queryFundStockPortfolio?reqData=%7B%22fundCode%22%3A%22005660%22%7D:0
[   24874ms] [ERROR] Failed to load resource: the server responded with a status of 404 () @ https://ms.jr.jd.com/gw/generic/jj/h5/m/getFundPerformance?reqData=%7B%22fundCode%22%3A%22016416%22%7D:0
[   24971ms] [ERROR] Failed to load resource: the server responded with a status of 404 () @ https://ms.jr.jd.com/gw/generic/jj/h5/m/getFundPerformance?reqData=%7B%22fundCode%22%3A%22005660%22%7D:0
[   25122ms] [ERROR] Failed to load resource: the server responded with a status of 404 () @ https://ms.jr.jd.com/gw/generic/jj/h5/m/getFundScale?reqData=%7B%22fundCode%22%3A%22016416%22%7D:0
[   25229ms] [ERROR] Failed to load resource: the server responded with a status of 404 () @ https://ms.jr.jd.com/gw/generic/jj/h5/m/getFundScale?reqData=%7B%22fundCode%22%3A%22005660%22%7D:0
[   25303ms] [ERROR] Failed to load resource: the server responded with a status of 404 () @ https://ms.jr.jd.com/gw/generic/jj/h5/m/getFundProfile?reqData=%7B%22fundCode%22%3A%22016416%22%7D:0
[   25388ms] [ERROR] Failed to load resource: the server responded with a status of 404 () @ https://ms.jr.jd.com/gw/generic/jj/h5/m/getFundProfile?reqData=%7B%22fundCode%22%3A%22005660%22%7D:0
