[     286ms] [WARNING] %c 请接入奇点时设置pageId参数（未设置可能导致浏览数据统计不到），下一个版本如果未设置，将不再上报页面浏览数据，请尽快完成，感谢您的配合！如何设置，可以在这里查看：https://joyspace.jd.com/pages/puZEQL6Ct1T50FVq8NMH color:#ff9800 @ https://qdsdk.jd.com/2.0.0/qd.js:6
[     324ms] [WARNING] %c 奇点自定义方法 window.__qd__.event 最新版只支持传入对象或钩子函数(需返回对象)，
后续版本会去掉之前传字符串写法，请做好升级适配。 color:#ff9800 @ https://qdsdk.jd.com/2.0.0/qd.js:6
[   94125ms] [WARNING] A parser-blocking, cross site (i.e. different eTLD+1) script, https://storage.360buyimg.com/jssss/jdjr-pc-app/script/h5-adapter-parent.js?t=5946230, is invoked via document.write. The network request for this script MAY be blocked by the browser in this or a future page load due to poor network connectivity. If blocked in this page load, it will be confirmed in a subsequent console message. See https://www.chromestatus.com/feature/5718547946799104 for more details. @ https://jdjr.jd.com/:23
[   94125ms] [WARNING] A parser-blocking, cross site (i.e. different eTLD+1) script, https://storage.360buyimg.com/jssss/jdjr-pc-app/script/h5-adapter-parent.js?t=5946230, is invoked via document.write. The network request for this script MAY be blocked by the browser in this or a future page load due to poor network connectivity. If blocked in this page load, it will be confirmed in a subsequent console message. See https://www.chromestatus.com/feature/5718547946799104 for more details. @ https://jdjr.jd.com/:23
[   94191ms] [ERROR] Document policy violation: js-profiling is not allowed in this document. @ https://sgm-static.jd.com/sgm-web-4.1.3.js:0
[   94387ms] [WARNING] isVersionSupported: 无法获取当前版本号 @ https://jdjr.jd.com/release/goldpc2/js/Index.6b9611af.js:0
[   94413ms] [LOG] Vue app is being created @ https://jdjr.jd.com/release/goldpc2/js/Index.6b9611af.js:0
[   94414ms] [LOG] %c========== 屏幕适配信息 ========== color: #ff4144; font-size: 16px; font-weight: bold; @ https://jdjr.jd.com/release/goldpc2/js/Index.6b9611af.js:0
[   94414ms] [TABLE] {CSS宽度 (逻辑像素): 1359px, CSS高度 (逻辑像素): 1083px, 屏幕宽度: 2796px, 屏幕高度: 1290px, 可用宽度: 2796px, 可用高度: 1242px, 设备像素比 (DPR): 1, 物理宽度 (估算): 1359px, 物理高度 (估算): 1083px} @ https://jdjr.jd.com/release/goldpc2/js/Index.6b9611af.js:0
[   94415ms] [LOG] %c📏 当前屏幕类型: 小屏（1280-1366px） color: #1db270; font-size: 14px; font-weight: bold; @ https://jdjr.jd.com/release/goldpc2/js/Index.6b9611af.js:0
[   94415ms] [LOG] %c💡 适配设计稿使用: CSS像素（逻辑像素）= 1359px color: #1890ff; font-size: 14px; @ https://jdjr.jd.com/release/goldpc2/js/Index.6b9611af.js:0
[   94415ms] [LOG] %c⚠️  物理像素仅供参考，不用于适配 color: #faad14; font-size: 12px; @ https://jdjr.jd.com/release/goldpc2/js/Index.6b9611af.js:0
[   94415ms] [LOG] ==================================
 @ https://jdjr.jd.com/release/goldpc2/js/Index.6b9611af.js:0
[   94440ms] [LOG] 分发渠道已初始化: 未知 @ https://jdjr.jd.com/release/goldpc2/js/Index.6b9611af.js:0
[   94441ms] [LOG] Vue app is being created @ https://jdjr.jd.com/release/goldpc2/js/Index.6b9611af.js:0
[   94590ms] [LOG] unLogin changed: true @ https://jdjr.jd.com/release/goldpc2/js/194.2fff5ad5.js:7
[   94593ms] [WARNING] isVersionSupported: 无法获取当前版本号 @ https://jdjr.jd.com/release/goldpc2/js/Index.6b9611af.js:0
[   94596ms] [WARNING] isVersionSupported: 无法获取当前版本号 @ https://jdjr.jd.com/release/goldpc2/js/Index.6b9611af.js:0
[   94596ms] [WARNING] isVersionSupported: 无法获取当前版本号 @ https://jdjr.jd.com/release/goldpc2/js/Index.6b9611af.js:0
[   94615ms] [WARNING] isVersionSupported: 无法获取当前版本号 @ https://jdjr.jd.com/release/goldpc2/js/Index.6b9611af.js:0
[   94616ms] [LOG] [HomeDarkMode] 系统主题监听器已初始化 @ https://jdjr.jd.com/release/goldpc2/js/194.2fff5ad5.js:7
[   94650ms] [LOG] Titlebar 已移动到 document.documentElement 下，避免受 body transform 影响 @ https://jdjr.jd.com/static/titlebar.js:207
[   94651ms] [LOG] Titlebar 显示条件检查: {isApp: false, versionSupported: false, isOldHomePage: false, shouldShow: false} @ https://jdjr.jd.com/static/titlebar.js:65
[   94651ms] [LOG] Titlebar 已隐藏（不满足显示条件） @ https://jdjr.jd.com/static/titlebar.js:253
[   94652ms] [LOG] Titlebar 显示条件检查: {isApp: false, versionSupported: false, isOldHomePage: false, shouldShow: false} @ https://jdjr.jd.com/static/titlebar.js:65
[   94690ms] [LOG] generateClientId : FajkmbSK3EBHTfmetfWWyW2WzBC4by32 @ https://jdjr.jd.com/release/goldpc2/js/Index.6b9611af.js:0
[   94748ms] [WARNING] <meta name="apple-mobile-web-app-capable" content="yes"> is deprecated. Please include <meta name="mobile-web-app-capable" content="yes"> @ https://jdjr.jd.com/:0
[   94782ms] [LOG] window.cryptico.setPublicKeyString @ https://jdjr.jd.com/release/goldpc2/js/chunk-vendors.f97314c6.js:34
[   94882ms] [LOG] =========homePageHeadInfo========= {msg: 成功, fail: true, code: 0, data: Object, success: false} @ https://jdjr.jd.com/release/goldpc2/js/194.2fff5ad5.js:7
[   94883ms] [LOG] unLogin changed: false @ https://jdjr.jd.com/release/goldpc2/js/194.2fff5ad5.js:7
[   94883ms] [LOG] 用户已登录，种cookie @ https://jdjr.jd.com/release/goldpc2/js/194.2fff5ad5.js:7
[   94891ms] [WARNING] isVersionSupported: 无法获取当前版本号 @ https://jdjr.jd.com/release/goldpc2/js/Index.6b9611af.js:0
[   94892ms] [WARNING] isVersionSupported: 无法获取当前版本号 @ https://jdjr.jd.com/release/goldpc2/js/Index.6b9611af.js:0
[   94892ms] [WARNING] isVersionSupported: 无法获取当前版本号 @ https://jdjr.jd.com/release/goldpc2/js/Index.6b9611af.js:0
[   94897ms] [WARNING] Mixed Content: The page at 'https://jdjr.jd.com/' was loaded over HTTPS, but requested an insecure element 'http://storage.360buyimg.com/default.image/6a645f6465665f696d675f393836323131373632333134353935323236_big.jpg'. This request was automatically upgraded to HTTPS, For more information see https://blog.chromium.org/2019/10/no-more-mixed-messages-about-https.html @ https://jdjr.jd.com/:0
[   94921ms] [WARNING] isVersionSupported: 无法获取当前版本号 @ https://jdjr.jd.com/release/goldpc2/js/Index.6b9611af.js:0
[   94922ms] [WARNING] isVersionSupported: 无法获取当前版本号 @ https://jdjr.jd.com/release/goldpc2/js/Index.6b9611af.js:0
[   94922ms] [WARNING] isVersionSupported: 无法获取当前版本号 @ https://jdjr.jd.com/release/goldpc2/js/Index.6b9611af.js:0
[   94923ms] [WARNING] isVersionSupported: 无法获取当前版本号 @ https://jdjr.jd.com/release/goldpc2/js/Index.6b9611af.js:0
[   94926ms] [WARNING] [H5Adapter] 页面上没有找到 iframe，主题切换未执行 @ https://storage.360buyimg.com/jssss/jdjr-pc-app/script/h5-adapter-parent.js?t=5946230:5
[   94927ms] [WARNING] [H5Adapter] 页面上没有找到 iframe，主题切换未执行 @ https://storage.360buyimg.com/jssss/jdjr-pc-app/script/h5-adapter-parent.js?t=5946230:5
[   94927ms] [WARNING] isVersionSupported: 无法获取当前版本号 @ https://jdjr.jd.com/release/goldpc2/js/Index.6b9611af.js:0
[   94928ms] [WARNING] isVersionSupported: 无法获取当前版本号 @ https://jdjr.jd.com/release/goldpc2/js/Index.6b9611af.js:0
[   94928ms] [WARNING] isVersionSupported: 无法获取当前版本号 @ https://jdjr.jd.com/release/goldpc2/js/Index.6b9611af.js:0
[   94929ms] [WARNING] isVersionSupported: 无法获取当前版本号 @ https://jdjr.jd.com/release/goldpc2/js/Index.6b9611af.js:0
[   95010ms] [LOG] =========setCookies success========= @ https://jdjr.jd.com/release/goldpc2/js/194.2fff5ad5.js:7
[   95103ms] [WARNING] isVersionSupported: 无法获取当前版本号 @ https://jdjr.jd.com/release/goldpc2/js/Index.6b9611af.js:0
[   95103ms] [WARNING] isVersionSupported: 无法获取当前版本号 @ https://jdjr.jd.com/release/goldpc2/js/Index.6b9611af.js:0
[   95103ms] [WARNING] isVersionSupported: 无法获取当前版本号 @ https://jdjr.jd.com/release/goldpc2/js/Index.6b9611af.js:0
[   95104ms] [WARNING] isVersionSupported: 无法获取当前版本号 @ https://jdjr.jd.com/release/goldpc2/js/Index.6b9611af.js:0
[   95104ms] [WARNING] isVersionSupported: 无法获取当前版本号 @ https://jdjr.jd.com/release/goldpc2/js/Index.6b9611af.js:0
[   95104ms] [WARNING] isVersionSupported: 无法获取当前版本号 @ https://jdjr.jd.com/release/goldpc2/js/Index.6b9611af.js:0
[   95104ms] [WARNING] isVersionSupported: 无法获取当前版本号 @ https://jdjr.jd.com/release/goldpc2/js/Index.6b9611af.js:0
[   95104ms] [WARNING] isVersionSupported: 无法获取当前版本号 @ https://jdjr.jd.com/release/goldpc2/js/Index.6b9611af.js:0
[   95104ms] [WARNING] isVersionSupported: 无法获取当前版本号 @ https://jdjr.jd.com/release/goldpc2/js/Index.6b9611af.js:0
[   95104ms] [WARNING] isVersionSupported: 无法获取当前版本号 @ https://jdjr.jd.com/release/goldpc2/js/Index.6b9611af.js:0
[   95104ms] [WARNING] isVersionSupported: 无法获取当前版本号 @ https://jdjr.jd.com/release/goldpc2/js/Index.6b9611af.js:0
[   95104ms] [WARNING] isVersionSupported: 无法获取当前版本号 @ https://jdjr.jd.com/release/goldpc2/js/Index.6b9611af.js:0
[   95105ms] [WARNING] isVersionSupported: 无法获取当前版本号 @ https://jdjr.jd.com/release/goldpc2/js/Index.6b9611af.js:0
[   95105ms] [WARNING] isVersionSupported: 无法获取当前版本号 @ https://jdjr.jd.com/release/goldpc2/js/Index.6b9611af.js:0
[   95105ms] [WARNING] isVersionSupported: 无法获取当前版本号 @ https://jdjr.jd.com/release/goldpc2/js/Index.6b9611af.js:0
[   95105ms] [WARNING] isVersionSupported: 无法获取当前版本号 @ https://jdjr.jd.com/release/goldpc2/js/Index.6b9611af.js:0
[   95105ms] [WARNING] isVersionSupported: 无法获取当前版本号 @ https://jdjr.jd.com/release/goldpc2/js/Index.6b9611af.js:0
[   95105ms] [WARNING] isVersionSupported: 无法获取当前版本号 @ https://jdjr.jd.com/release/goldpc2/js/Index.6b9611af.js:0
[   95105ms] [WARNING] isVersionSupported: 无法获取当前版本号 @ https://jdjr.jd.com/release/goldpc2/js/Index.6b9611af.js:0
[   95105ms] [WARNING] isVersionSupported: 无法获取当前版本号 @ https://jdjr.jd.com/release/goldpc2/js/Index.6b9611af.js:0
[   95106ms] [LOG] 系统设置加载完成 {autoStart: false, keepRunning: true, isNew: true, mainWindow: Ctrl+Shift+Z, tray: Ctrl+Shift+D} @ https://jdjr.jd.com/release/goldpc2/js/194.2fff5ad5.js:7
[   95169ms] [LOG] initConnect======= onSuccess {msg: 订阅成功} @ https://jdjr.jd.com/release/goldpc2/js/Index.6b9611af.js:0
[   95169ms] [LOG] [SGM] [info] pc_mqtt_connected — MQTT连接成功 @ https://jdjr.jd.com/release/goldpc2/js/Index.6b9611af.js:0
[   95185ms] [LOG] [SGM] [info] pc_mqtt_msg_parsed — MQTT消息解析成功, topic=$login @ https://jdjr.jd.com/release/goldpc2/js/Index.6b9611af.js:0
[   97154ms] [WARNING] isVersionSupported: 无法获取当前版本号 @ https://jdjr.jd.com/release/goldpc2/js/Index.6b9611af.js:0
[   97155ms] [WARNING] isVersionSupported: 无法获取当前版本号 @ https://jdjr.jd.com/release/goldpc2/js/Index.6b9611af.js:0
[   97155ms] [WARNING] isVersionSupported: 无法获取当前版本号 @ https://jdjr.jd.com/release/goldpc2/js/Index.6b9611af.js:0
[   97155ms] [WARNING] isVersionSupported: 无法获取当前版本号 @ https://jdjr.jd.com/release/goldpc2/js/Index.6b9611af.js:0
[   97162ms] [WARNING] [H5Adapter] 页面上没有找到 iframe，主题切换未执行 @ https://storage.360buyimg.com/jssss/jdjr-pc-app/script/h5-adapter-parent.js?t=5946230:5
[   97214ms] [LOG] =========setCookies success========= @ https://jdjr.jd.com/release/goldpc2/js/194.2fff5ad5.js:7
[   97778ms] [LOG] %c[H5Adapter Child]%c 脚本已加载 color: #1890ff; font-weight: bold; color: inherit; 
- 版本: 0.1.1 
- 环境: 生产环境 (Production) 
- 渠道: grouppc 
- 构建时间: 2026/07/07 14:09:53 
- 当前页面: https://show.jd.com/m/r0OvBYW582nz3gyG/?pageKey=r0OvBYW582nz3gyG&_t=1783869510726&parentOrigin=https%3A%2F%2Fjdjr.jd.com&channelfrom=grouppc&ua=jdjr-app+jdjr-pc @ https://storage.360buyimg.com/jssss/jdjr-pc-app/script/h5-adapter-child.js:5
[   97784ms] [WARNING] [H5Adapter] 未找到可用的主题实例，且 AutoTheme 不可用。主题切换未执行。 @ https://storage.360buyimg.com/jssss/jdjr-pc-app/script/h5-adapter-child.js:5
[   98182ms] [INFO] 未找到骨架屏配置，如果已经配置骨架屏，请关注最新的Api文档 @ https://show.jd.com/m/r0OvBYW582nz3gyG/?pageKey=r0OvBYW582nz3gyG&_t=1783869510726&parentOrigin=https%3A%2F%2Fjdjr.jd.com&channelfrom=grouppc&ua=jdjr-app+jdjr-pc:0
[   98367ms] [WARNING] Failed to execute 'postMessage' on 'DOMWindow': The target origin provided ('https://qidian.jd.com') does not match the recipient window's origin ('https://jdjr.jd.com'). @ https://qdsdk.jd.com/2.0.0/qd.js:6
[   98367ms] [WARNING] Failed to execute 'postMessage' on 'DOMWindow': The target origin provided ('https://minner.jr.jd.com') does not match the recipient window's origin ('https://jdjr.jd.com'). @ https://qdsdk.jd.com/2.0.0/qd.js:6
[   98751ms] [WARNING] isVersionSupported: 无法获取当前版本号 @ https://jdjr.jd.com/release/goldpc2/js/Index.6b9611af.js:0
[   98752ms] [WARNING] isVersionSupported: 无法获取当前版本号 @ https://jdjr.jd.com/release/goldpc2/js/Index.6b9611af.js:0
[   98752ms] [WARNING] isVersionSupported: 无法获取当前版本号 @ https://jdjr.jd.com/release/goldpc2/js/Index.6b9611af.js:0
[   98752ms] [WARNING] isVersionSupported: 无法获取当前版本号 @ https://jdjr.jd.com/release/goldpc2/js/Index.6b9611af.js:0
[   98781ms] [WARNING] [H5Adapter] 页面上没有找到 iframe，主题切换未执行 @ https://storage.360buyimg.com/jssss/jdjr-pc-app/script/h5-adapter-parent.js?t=5946230:5
[   98805ms] [LOG] 点击指数: {indexCode: SH-000001, indexName: 上证指数, indexData: undefined, onlyPostMessage: true} @ https://jdjr.jd.com/release/goldpc2/js/145.ea8796a4.js:0
[   98806ms] [LOG] 打开指数详情: {indexCode: SH-000001, indexName: 上证指数, indexData: undefined, onlyPostMessage: true} @ https://jdjr.jd.com/release/goldpc2/js/145.ea8796a4.js:0
[   98806ms] [LOG] 当前已是指数详情页或仅发送消息，通过 postMessage 更新数据 @ https://jdjr.jd.com/release/goldpc2/js/145.ea8796a4.js:0
[   98806ms] [LOG] [FundDetailPanel] iframe 未就绪，消息已缓存等待 READY @ https://jdjr.jd.com/release/goldpc2/js/145.ea8796a4.js:0
[   98818ms] [LOG] 打开指数详情: {} @ https://jdjr.jd.com/release/goldpc2/js/145.ea8796a4.js:0
[   98846ms] [LOG] =========setCookies success========= @ https://jdjr.jd.com/release/goldpc2/js/194.2fff5ad5.js:7
[   98879ms] [LOG] --页面加载成功-- @ https://jdjr.jd.com/release/goldpc2/js/Index.6b9611af.js:0
[   98891ms] [LOG] 点击指数: {indexCode: SH-000001, indexName: 上证指数, indexData: Proxy(Object)} @ https://jdjr.jd.com/release/goldpc2/js/145.ea8796a4.js:0
[   98891ms] [LOG] 打开指数详情: {indexCode: SH-000001, indexName: 上证指数, indexData: Proxy(Object)} @ https://jdjr.jd.com/release/goldpc2/js/145.ea8796a4.js:0
[   98891ms] [LOG] 当前已是指数详情页或仅发送消息，通过 postMessage 更新数据 @ https://jdjr.jd.com/release/goldpc2/js/145.ea8796a4.js:0
[   98891ms] [LOG] [FundDetailPanel] iframe 未就绪，消息已缓存等待 READY @ https://jdjr.jd.com/release/goldpc2/js/145.ea8796a4.js:0
[   98920ms] [LOG] iframe 栈初始化成功, 标题: 指数详情 , 显示导航栏: false , showPCfund:  @ https://jdjr.jd.com/release/goldpc2/js/145.ea8796a4.js:0
[   98924ms] [LOG] 打开指数详情: https://show.jd.com/m/XJ1jgYewzanMvpa4/?pageKey=XJ1jgYewzanMvpa4 @ https://jdjr.jd.com/release/goldpc2/js/145.ea8796a4.js:0
[   99225ms] [WARNING] Failed to execute 'postMessage' on 'DOMWindow': The target origin provided ('https://qidian.jd.com') does not match the recipient window's origin ('https://jdjr.jd.com'). @ https://qdsdk.jd.com/2.0.0/qd.js:6
[   99225ms] [WARNING] Failed to execute 'postMessage' on 'DOMWindow': The target origin provided ('https://minner.jr.jd.com') does not match the recipient window's origin ('https://jdjr.jd.com'). @ https://qdsdk.jd.com/2.0.0/qd.js:6
[   99853ms] [LOG] %c[H5Adapter Child]%c 脚本已加载 color: #1890ff; font-weight: bold; color: inherit; 
- 版本: 0.1.1 
- 环境: 生产环境 (Production) 
- 渠道: grouppc 
- 构建时间: 2026/07/07 14:09:53 
- 当前页面: https://show.jd.com/m/XJ1jgYewzanMvpa4/?pageKey=XJ1jgYewzanMvpa4&_t=1783869512080&parentOrigin=https%3A%2F%2Fjdjr.jd.com&channelfrom=grouppc&ua=jdjr-app @ https://storage.360buyimg.com/jssss/jdjr-pc-app/script/h5-adapter-child.js:5
[   99860ms] [WARNING] A preload for 'https://gias.jd.com/js/m.js' is found, but is not used because the request credentials mode does not match. Consider taking a look at crossorigin attribute. @ https://content.jr.jd.com/jrq/#/grouppc?id=2689640&channelfrom=pc&pcSource=newTabJrq&supportDarkMode=light&componentVersions=1&t=29731153:0
[   99875ms] [LOG] %c[H5Adapter Child]%c 脚本已加载 color: #1890ff; font-weight: bold; color: inherit; 
- 版本: 0.1.1 
- 环境: 生产环境 (Production) 
- 渠道: pc 
- 构建时间: 2026/07/07 14:09:53 
- 当前页面: https://content.jr.jd.com/jrq/#/grouppc?id=2689640&channelfrom=pc&pcSource=newTabJrq&supportDarkMode=light&componentVersions=1&t=29731153 @ https://storage.360buyimg.com/jssss/jdjr-pc-app/script/h5-adapter-child.js:5
[   99882ms] [WARNING] [H5Adapter] 未找到可用的主题实例，且 AutoTheme 不可用。主题切换未执行。 @ https://storage.360buyimg.com/jssss/jdjr-pc-app/script/h5-adapter-child.js:5
[  100533ms] [WARNING] [H5Adapter] 未找到可用的主题实例，且 AutoTheme 不可用。主题切换未执行。 @ https://storage.360buyimg.com/jssss/jdjr-pc-app/script/h5-adapter-child.js:5
[  100564ms] [LOG] 🚀 ~ created ~ this.$route: 1 @ https://content.jr.jd.com/jrq/js/app.eff682e1.js:0
[  100587ms] [INFO] 未找到骨架屏配置，如果已经配置骨架屏，请关注最新的Api文档 @ https://show.jd.com/m/XJ1jgYewzanMvpa4/?pageKey=XJ1jgYewzanMvpa4&_t=1783869512080&parentOrigin=https%3A%2F%2Fjdjr.jd.com&channelfrom=grouppc&ua=jdjr-app:0
[  100690ms] [WARNING] A preload for 'https://bps.jd.com/js/ts.js' is found, but is not used because the request credentials mode does not match. Consider taking a look at crossorigin attribute. @ https://content.jr.jd.com/jrq/#/grouppc?id=2689640&channelfrom=pc&pcSource=newTabJrq&supportDarkMode=light&componentVersions=1&t=29731153:0
[  100835ms] [WARNING] Failed to execute 'postMessage' on 'DOMWindow': The target origin provided ('https://qidian.jd.com') does not match the recipient window's origin ('https://jdjr.jd.com'). @ https://qdsdk.jd.com/2.0.0/qd.js:6
[  100835ms] [WARNING] Failed to execute 'postMessage' on 'DOMWindow': The target origin provided ('https://minner.jr.jd.com') does not match the recipient window's origin ('https://jdjr.jd.com'). @ https://qdsdk.jd.com/2.0.0/qd.js:6
[  100884ms] [LOG] --------------> {templateType: undefined, templateInstanceKey: undefined, templateExtStyle: undefined, templateData: undefined, buildCode: undefined} @ https://content.jr.jd.com/jrq/js/app.eff682e1.js:0
[  100897ms] [LOG] this.propData.templateData.userExtendInfo.livingStatus ====>  -1 @ https://content.jr.jd.com/jrq/js/app.eff682e1.js:0
[  100928ms] [LOG] --------------> {templateType: undefined, templateInstanceKey: undefined, templateExtStyle: undefined, templateData: undefined, buildCode: undefined} @ https://content.jr.jd.com/jrq/js/app.eff682e1.js:0
[  100936ms] [LOG] this.propData.templateData.userExtendInfo.livingStatus ====>  0 @ https://content.jr.jd.com/jrq/js/app.eff682e1.js:0
[  100962ms] [LOG] --------------> {templateType: undefined, templateInstanceKey: undefined, templateExtStyle: undefined, templateData: undefined, buildCode: undefined} @ https://content.jr.jd.com/jrq/js/app.eff682e1.js:0
[  100972ms] [LOG] this.propData.templateData.userExtendInfo.livingStatus ====>  0 @ https://content.jr.jd.com/jrq/js/app.eff682e1.js:0
[  100988ms] [LOG] --------------> {templateType: undefined, templateInstanceKey: undefined, templateExtStyle: undefined, templateData: undefined, buildCode: undefined} @ https://content.jr.jd.com/jrq/js/app.eff682e1.js:0
[  100996ms] [LOG] this.propData.templateData.userExtendInfo.livingStatus ====>  0 @ https://content.jr.jd.com/jrq/js/app.eff682e1.js:0
[  101021ms] [LOG] --------------> {templateType: undefined, templateInstanceKey: undefined, templateExtStyle: undefined, templateData: undefined, buildCode: undefined} @ https://content.jr.jd.com/jrq/js/app.eff682e1.js:0
[  101029ms] [LOG] this.propData.templateData.userExtendInfo.livingStatus ====>  0 @ https://content.jr.jd.com/jrq/js/app.eff682e1.js:0
[  101052ms] [LOG] --------------> {templateType: undefined, templateInstanceKey: undefined, templateExtStyle: undefined, templateData: undefined, buildCode: undefined} @ https://content.jr.jd.com/jrq/js/app.eff682e1.js:0
[  101061ms] [LOG] this.propData.templateData.userExtendInfo.livingStatus ====>  -1 @ https://content.jr.jd.com/jrq/js/app.eff682e1.js:0
[  101086ms] [LOG] this.getTheme----- --->  light @ https://content.jr.jd.com/jrq/js/app.eff682e1.js:0
[  101087ms] [LOG] this.getTheme----- --->  light @ https://content.jr.jd.com/jrq/js/app.eff682e1.js:0
[  101087ms] [LOG] this.getTheme----- --->  light @ https://content.jr.jd.com/jrq/js/app.eff682e1.js:0
[  101087ms] [LOG] this.getTheme----- --->  light @ https://content.jr.jd.com/jrq/js/app.eff682e1.js:0
[  101088ms] [LOG] this.getTheme----- --->  light @ https://content.jr.jd.com/jrq/js/app.eff682e1.js:0
[  101089ms] [LOG] this.getTheme----- --->  light @ https://content.jr.jd.com/jrq/js/app.eff682e1.js:0
[  101299ms] [LOG] [FundDetailPanel] iframe READY，重发缓存消息: SH-000001 @ https://jdjr.jd.com/release/goldpc2/js/145.ea8796a4.js:0
[  101393ms] [ERROR] Permissions policy violation: accelerometer is not allowed in this document. @ https://storage.360buyimg.com/jssss/jdjr-pc-app/script/h5-adapter-child.js:5
[  101393ms] [WARNING] The deviceorientation events are blocked by permissions policy. See https://go.microsoft.com/fwlink/?linkid=2047894 @ https://storage.360buyimg.com/jssss/jdjr-pc-app/script/h5-adapter-child.js:5
[  101393ms] [ERROR] Permissions policy violation: accelerometer is not allowed in this document. @ https://storage.360buyimg.com/jssss/jdjr-pc-app/script/h5-adapter-child.js:5
[  101393ms] [WARNING] The devicemotion events are blocked by permissions policy. See https://go.microsoft.com/fwlink/?linkid=2047894 @ https://storage.360buyimg.com/jssss/jdjr-pc-app/script/h5-adapter-child.js:5
[  101704ms] [LOG] ------------------图片加载完成 @ https://content.jr.jd.com/jrq/js/app.eff682e1.js:0
[  106794ms] [WARNING] The resource https://bps.jd.com/js/ts.js was preloaded using link preload but not used within a few seconds from the window's load event. Please make sure it has an appropriate `as` value and it is preloaded intentionally. @ https://content.jr.jd.com/jrq/#/grouppc?id=2689640&channelfrom=pc&pcSource=newTabJrq&supportDarkMode=light&componentVersions=1&t=29731153:0
[  106795ms] [WARNING] The resource https://gias.jd.com/js/m.js was preloaded using link preload but not used within a few seconds from the window's load event. Please make sure it has an appropriate `as` value and it is preloaded intentionally. @ https://content.jr.jd.com/jrq/#/grouppc?id=2689640&channelfrom=pc&pcSource=newTabJrq&supportDarkMode=light&componentVersions=1&t=29731153:0
[  110845ms] [WARNING] The resource https://bps.jd.com/js/ts.js was preloaded using link preload but not used within a few seconds from the window's load event. Please make sure it has an appropriate `as` value and it is preloaded intentionally. @ https://content.jr.jd.com/jrq/#/grouppc?id=2689640&channelfrom=pc&pcSource=newTabJrq&supportDarkMode=light&componentVersions=1&t=29731153:0
[  110845ms] [WARNING] The resource https://gias.jd.com/js/m.js was preloaded using link preload but not used within a few seconds from the window's load event. Please make sure it has an appropriate `as` value and it is preloaded intentionally. @ https://content.jr.jd.com/jrq/#/grouppc?id=2689640&channelfrom=pc&pcSource=newTabJrq&supportDarkMode=light&componentVersions=1&t=29731153:0
[  120970ms] [WARNING] The resource https://bps.jd.com/js/ts.js was preloaded using link preload but not used within a few seconds from the window's load event. Please make sure it has an appropriate `as` value and it is preloaded intentionally. @ https://content.jr.jd.com/jrq/#/grouppc?id=2689640&channelfrom=pc&pcSource=newTabJrq&supportDarkMode=light&componentVersions=1&t=29731153:0
[  120971ms] [WARNING] The resource https://gias.jd.com/js/m.js was preloaded using link preload but not used within a few seconds from the window's load event. Please make sure it has an appropriate `as` value and it is preloaded intentionally. @ https://content.jr.jd.com/jrq/#/grouppc?id=2689640&channelfrom=pc&pcSource=newTabJrq&supportDarkMode=light&componentVersions=1&t=29731153:0
[  332877ms] [LOG] 点击不同tab @ https://content.jr.jd.com/jrq/js/app.eff682e1.js:0
[  332890ms] [LOG] 🚀 ~ created ~ this.$route: 11 @ https://content.jr.jd.com/jrq/js/app.eff682e1.js:0
[  332947ms] [LOG] 🚀 ~ handleTabCookie ~ res: {msg: 成功, code: 0, success: true, systime: 1783869473040, decode: 0} @ https://content.jr.jd.com/jrq/js/app.eff682e1.js:0
[  333326ms] [LOG] --------------> {templateType: undefined, templateInstanceKey: undefined, templateData: undefined, templateExtStyle: undefined, templateId: undefined} @ https://content.jr.jd.com/jrq/js/app.eff682e1.js:0
[  333336ms] [LOG] this.propData.templateData.userExtendInfo.livingStatus ====>  -1 @ https://content.jr.jd.com/jrq/js/app.eff682e1.js:0
[  333353ms] [LOG] --------------> {templateType: undefined, templateInstanceKey: undefined, templateData: undefined, templateExtStyle: undefined, templateId: undefined} @ https://content.jr.jd.com/jrq/js/app.eff682e1.js:0
[  333361ms] [LOG] this.propData.templateData.userExtendInfo.livingStatus ====>  0 @ https://content.jr.jd.com/jrq/js/app.eff682e1.js:0
[  333376ms] [LOG] --------------> {templateType: undefined, templateInstanceKey: undefined, templateData: undefined, templateExtStyle: undefined, templateId: undefined} @ https://content.jr.jd.com/jrq/js/app.eff682e1.js:0
[  333383ms] [LOG] this.propData.templateData.userExtendInfo.livingStatus ====>  -1 @ https://content.jr.jd.com/jrq/js/app.eff682e1.js:0
[  333395ms] [LOG] --------------> {templateType: undefined, templateInstanceKey: undefined, templateData: undefined, templateExtStyle: undefined, templateId: undefined} @ https://content.jr.jd.com/jrq/js/app.eff682e1.js:0
[  333404ms] [LOG] this.propData.templateData.userExtendInfo.livingStatus ====>  0 @ https://content.jr.jd.com/jrq/js/app.eff682e1.js:0
[  333419ms] [LOG] --------------> {templateType: undefined, templateInstanceKey: undefined, templateData: undefined, templateExtStyle: undefined, templateId: undefined} @ https://content.jr.jd.com/jrq/js/app.eff682e1.js:0
[  333428ms] [LOG] this.propData.templateData.userExtendInfo.livingStatus ====>  -1 @ https://content.jr.jd.com/jrq/js/app.eff682e1.js:0
[  333441ms] [LOG] --------------> {templateType: undefined, templateInstanceKey: undefined, templateData: undefined, templateExtStyle: undefined, templateId: undefined} @ https://content.jr.jd.com/jrq/js/app.eff682e1.js:0
[  333450ms] [LOG] this.propData.templateData.userExtendInfo.livingStatus ====>  -1 @ https://content.jr.jd.com/jrq/js/app.eff682e1.js:0
[  333462ms] [LOG] --------------> {templateType: undefined, templateInstanceKey: undefined, templateData: undefined, templateExtStyle: undefined, templateId: undefined} @ https://content.jr.jd.com/jrq/js/app.eff682e1.js:0
[  333470ms] [LOG] this.propData.templateData.userExtendInfo.livingStatus ====>  -1 @ https://content.jr.jd.com/jrq/js/app.eff682e1.js:0
[  333475ms] [LOG] this.getTheme----- --->  light @ https://content.jr.jd.com/jrq/js/app.eff682e1.js:0
[  333475ms] [LOG] this.getTheme----- --->  light @ https://content.jr.jd.com/jrq/js/app.eff682e1.js:0
[  333476ms] [LOG] this.getTheme----- --->  light @ https://content.jr.jd.com/jrq/js/app.eff682e1.js:0
[  333476ms] [LOG] this.getTheme----- --->  light @ https://content.jr.jd.com/jrq/js/app.eff682e1.js:0
[  333476ms] [LOG] this.getTheme----- --->  light @ https://content.jr.jd.com/jrq/js/app.eff682e1.js:0
[  333477ms] [LOG] this.getTheme----- --->  light @ https://content.jr.jd.com/jrq/js/app.eff682e1.js:0
[  333477ms] [LOG] this.getTheme----- --->  light @ https://content.jr.jd.com/jrq/js/app.eff682e1.js:0
[  333610ms] [LOG] ------------------图片加载完成 @ https://content.jr.jd.com/jrq/js/app.eff682e1.js:0
[  333612ms] [LOG] ------------------图片加载完成 @ https://content.jr.jd.com/jrq/js/app.eff682e1.js:0
[  333614ms] [LOG] ------------------图片加载完成 @ https://content.jr.jd.com/jrq/js/app.eff682e1.js:0
[  338007ms] [WARNING] The resource https://bps.jd.com/js/ts.js was preloaded using link preload but not used within a few seconds from the window's load event. Please make sure it has an appropriate `as` value and it is preloaded intentionally. @ https://content.jr.jd.com/jrq/#/grouppc?id=2689640&channelfrom=pc&pcSource=newTabJrq&supportDarkMode=light&componentVersions=1&t=29731153:0
[  338007ms] [WARNING] The resource https://gias.jd.com/js/m.js was preloaded using link preload but not used within a few seconds from the window's load event. Please make sure it has an appropriate `as` value and it is preloaded intentionally. @ https://content.jr.jd.com/jrq/#/grouppc?id=2689640&channelfrom=pc&pcSource=newTabJrq&supportDarkMode=light&componentVersions=1&t=29731153:0
[  369449ms] [LOG] 🚀 ~ handleJump ~ jumpData: {jumpType: undefined, jumpUrl: undefined, __ob__: t} @ https://content.jr.jd.com/jrq/js/app.eff682e1.js:0
[  369450ms] [LOG] 🚀 ~ jumpData: {jumpType: undefined, jumpUrl: undefined, __ob__: t} @ https://content.jr.jd.com/jrq/js/app.eff682e1.js:0
[  369450ms] [LOG] 🚀 ~ JUMP ~ pcUrl: https://roma.jd.com/content/personal?romaFileName=pageCommunityPersonal&contentId=jimu_user_info-3546208&channelfrom=grouppc @ https://content.jr.jd.com/jrq/js/app.eff682e1.js:0
[  369460ms] [LOG] jrqHandleMessage MessageEvent @ https://jdjr.jd.com/release/goldpc2/js/438.2f4b7250.js:0
[  369460ms] [LOG] openCommentDetail https://roma.jd.com/content/personal?romaFileName=pageCommunityPersonal&contentId=jimu_user_info-3546208&channelfrom=grouppc @ https://jdjr.jd.com/release/goldpc2/js/438.2f4b7250.js:0
[  369805ms] [LOG] production @ https://mse.jd.com/downloadcpt/2.0.0/jrBackFlow.js:1
[  369821ms] [LOG] window._READMISSION-- {setOption: , setElementHide: , setReceiveMissionModel: , setMissionId: , setMissionIdInner: } @ https://storage.jd.com/static-page/mission/forever/readmult/2.2.4/readPluginv2.2.4.js:1
[  369862ms] [LOG] %c[H5Adapter Child]%c 脚本已加载 color: #1890ff; font-weight: bold; color: inherit; 
- 版本: 0.1.1 
- 环境: 生产环境 (Production) 
- 渠道: grouppc 
- 构建时间: 2026/07/07 14:09:53 
- 当前页面: https://roma.jd.com/content/personal?romaFileName=pageCommunityPersonal&contentId=jimu_user_info-3546208&channelfrom=grouppc&_t=1783869782621&parentOrigin=https%3A%2F%2Fjdjr.jd.com&supportDarkMode=light&componentVersions=1&ua=jdjr-app @ https://storage.360buyimg.com/jssss/jdjr-pc-app/script/h5-adapter-child.js:5
[  370081ms] [WARNING] [H5Adapter] 未找到可用的主题实例，且 AutoTheme 不可用。主题切换未执行。 @ https://storage.360buyimg.com/jssss/jdjr-pc-app/script/h5-adapter-child.js:5
[  370276ms] [WARNING] [transCoreJS] using unregistered module "sgm" @ https://roma.jd.com/content/personal/js/vendor_7e196fbd5e.js:46
[  370286ms] [WARNING] [transCoreJS] using unregistered module "config" @ https://roma.jd.com/content/personal/js/vendor_7e196fbd5e.js:46
[  370287ms] [WARNING] [transCoreJS] using unregistered module "miniWidget" @ https://roma.jd.com/content/personal/js/vendor_7e196fbd5e.js:46
[  370290ms] [LOG] ------- url == {"romaFileName":"pageCommunityPersonal","contentId":"jimu_user_info-3546208","channelfrom":"grouppc","_t":"1783869782621","parentOrigin":"https://jdjr.jd.com","supportDarkMode":"light","componentVersions":"1","ua":"jdjr-app"} @ https://roma.jd.com/content/personal/js/main_337cd883f7.js:0
[  370326ms] [WARNING] [transCoreJS] using unregistered module "jrImageShow" @ https://roma.jd.com/content/personal/js/vendor_7e196fbd5e.js:46
[  370434ms] [WARNING] [transCoreJS] using unregistered module "config" @ https://roma.jd.com/content/personal/js/vendor_7e196fbd5e.js:46
[  370435ms] [WARNING] [transCoreJS] using unregistered module "miniWidget" @ https://roma.jd.com/content/personal/js/vendor_7e196fbd5e.js:46
[  370466ms] [INFO] Images loaded lazily and replaced with placeholders. Load events are deferred. See https://go.microsoft.com/fwlink/?linkid=2048113 @ https://jdjr.jd.com/:0
[  370493ms] [WARNING] startExposure in web not supported @ https://roma.jd.com/content/personal/js/vendor_7e196fbd5e.js:0
[  370699ms] [LOG] loadDependencies result: {"state":1,"successList":["packCommunityTemplate7"],"failList":[],"missingList":[]} @ https://roma.jd.com/content/personal/js/main_337cd883f7.js:0
[  370810ms] [WARNING] Failed to execute 'postMessage' on 'DOMWindow': The target origin provided ('https://qidian.jd.com') does not match the recipient window's origin ('https://jdjr.jd.com'). @ https://qdsdk.jd.com/2.0.0/qd.js?rel=105:6
[  370810ms] [WARNING] Failed to execute 'postMessage' on 'DOMWindow': The target origin provided ('https://minner.jr.jd.com') does not match the recipient window's origin ('https://jdjr.jd.com'). @ https://qdsdk.jd.com/2.0.0/qd.js?rel=105:6
[  371092ms] [WARNING] [transCoreJS] using unregistered module "videoAutoPlay" @ https://roma.jd.com/content/personal/js/vendor_7e196fbd5e.js:46
[  371110ms] [WARNING] [transCoreJS] using unregistered module "videoAutoPlay" @ https://roma.jd.com/content/personal/js/vendor_7e196fbd5e.js:46
[  371117ms] [WARNING] [transCoreJS] using unregistered module "videoAutoPlay" @ https://roma.jd.com/content/personal/js/vendor_7e196fbd5e.js:46
[  371124ms] [WARNING] [transCoreJS] using unregistered module "videoAutoPlay" @ https://roma.jd.com/content/personal/js/vendor_7e196fbd5e.js:46
[  371138ms] [LOG] 加载时机:主页面 网络数据 加载成功  @ https://roma.jd.com/content/personal/js/main_337cd883f7.js:0
[  371139ms] [LOG] jrTransUI_pageCommunityPersonal 主页面加载完成 @ https://roma.jd.com/content/personal/js/main_337cd883f7.js:0
[  371162ms] [LOG] captain log @ https://roma.jd.com/content/personal/js/main_337cd883f7.js:0
[  371341ms] [LOG] community-log:viewAppear community_feed_multi_sub 3973 @ https://roma.jd.com/content/personal/js/main_337cd883f7.js:0
[  371501ms] [LOG] =feedIsEndtrue @ https://roma.jd.com/content/personal/js/main_337cd883f7.js:0
[  371563ms] [WARNING] clearExposureCache in web not supported @ https://roma.jd.com/content/personal/js/vendor_7e196fbd5e.js:0
[  371774ms] [LOG] guido plugin gold datainfo={"eid":"66985","sysCode":"jrapp","tagId":64,"contentData":{"linksArray":[],"originalTime":"","videoInfo":{"duration":24,"autoPlayTrack":{"paramJson":"{\"busid\":\"573\",\"contentid\":\"1104944192230460416\",\"skuid\":\"1104944192230460416\",\"staid\":\"64\",\"type\":\"短视频\"}","bid":"QH86|48119"},"playImgUrl":"https://img12.360buyimg.com/jrpmobile/jfs/t1/84898/26/29454/1474/62b1366cE6d115599/934cad27130d3dda.png","pictureUrl":"https://community-data.s3-cache-accelerate.cn-north-1.jdcloud-oss.com/jrapp/1104944192230460416/0dec3d46475d41dba58dfdd5a0452847.PNG?width=590&height=1280","width":"590","durationStr":"00:24","playUrl":"https://community-data.s3-cache-accelerate.cn-north-1.jdcloud-oss.com/jrapp/1104944192230460416/0de5d52ff6444d9bb331fa5cd374f1b9.MP4","height":"1280"},"contentId":"1104944192230460416","topUrl":"","ccTitleTrackData":{"paramJson":"{\"staid\":64,\"contentId\":\"1104944192230460416\",\"contentType\":\"短视频\",\"keyWord\":\"\"}","paid":"QH86","bid":"QH86|xqxxl_contentInfo_title","spj":"{\"staid\":64,\"contentId\":\"1104944192230460416\",\"contentType\":\"短视频\"}","ctp":"jrTransUI_pageCommunityPersonal","cid":"xqxxl"},"ccContentTrackData":{"paramJson":"{\"staid\":64,\"contentId\":\"1104944192230460416\",\"contentType\":\"短视频\",\"keyWord\":\"\"}","paid":"QH86","bid":"QH86|xqxxl_contentInfo_card","spj":"{\"staid\":64,\"contentId\":\"1104944192230460416\",\"contentType\":\"短视频\"}","ctp":"jrTransUI_pageCommunityPersonal","cid":"xqxxl"},"secureStatus":1,"contentTitle":{"bgColor":"#FFFFFF","text":"7月7日直播片段（六）：双创50","lines":"3","textColor":"#333333"},"categoryTree":{},"contentType":7},"titleData":{"title1":{"text":"蓝鲸跃财","textColor":"#333333"},"title2":{"bgColor":"","text":"13小时前","textColor":"#999999"},"title3":{"jumpData":{},"text":"","textColor":"#BA632D","trackData":{"eventid":"799e4d77a1316735fd2477569e8424db","paid":"OU3X","cls":"OU3X|38987*66985*799e4d77a1316735fd2477569e8424db"}},"badgeList":[{"textData":{"text":"13小时前"},"ccTrackData":{"paramJson":"{\"staid\":64,\"uid\":\"jimu_user_info-3546208\",\"contentId\":\"1104944192230460416\",\"contentType\":\"短视频\",\"keyWord\":\"\"}","paid":"QH86","bid":"QH86|xqxxl_userInfo_label","spj":"{\"staid\":64,\"uid\":\"jimu_user_info-3546208\",\"contentId\":\"1104944192230460416\",\"contentType\":\"短视频\"}","ctp":"jrTransUI_pageCommunityPersonal","cid":"xqxxl"},"type":1}],"title4":{},"icon3":{},"title5":{},"icon1":{"titleTags":[],"jumpData":{},"trackData":{}},"title6":{},"icon2":{"jumpData":{},"trackData":{}},"title7":{}},"iosversion":"","pitOrderNum":"","templateConfig":{"paddingBottom":10,"bgColor":"","paddingRight":12,"paddingLeft":12,"cornerRadius":4},"sourceInfo":{"forward":{},"ccTitleTrackData":{"paramJson":"{\"staid\":64,\"productId\":\"2689640\",\"contentId\":\"1104944192230460416\",\"contentType\":\"短视频\",\"productType\":\"圈子胶囊\",\"keyWord\":\"\"}","paid":"QH86","bid":"QH86|xqxxl_contentCapsule_title","spj":"{\"staid\":64,\"productId\":\"2689640\",\"contentId\":\"1104944192230460416\",\"contentType\":\"短视频\",\"productType\":\"圈子胶囊\"}","ctp":"jrTransUI_pageCommunityPersonal","cid":"xqxxl"},"icon":"https://img13.360buyimg.com/img/jfs/t1/244722/12/11922/444/667392e0Fb856939a/452cbd38e8d18c5a.png","contentId":"2689640","trackData":{"paramJson":"{\"busid\":\"573\",\"contentid\":\"基金圈&&2689640\",\"skuid\":\"基金圈&&2689640\",\"staid\":\"64\",\"type\":\"短视频&&1104944192230460416\"}","bid":"OU3X_14251"},"content":"基金圈"},"avatarData":{"avatarPendant":{"jumpData":{}},"gradeImgUrl":"https://img12.360buyimg.com/jrpmobile/jfs/t1/100397/15/45928/1335/65c1fc5aF73cd4cb2/d27af0940f8d2904.png","ccTrackData":{"paramJson":"{\"staid\":64,\"uid\":\"jimu_user_info-3546208\",\"userStatus\":\"\",\"contentId\":\"1104944192230460416\",\"contentType\":\"短视频\",\"keyWord\":\"\"}","paid":"QH86","bid":"QH86|xqxxl_userInfo_avatar","spj":"{\"staid\":64,\"uid\":\"jimu_user_info-3546208\",\"contentId\":\"1104944192230460416\",\"contentType\":\"短视频\"}","ctp":"jrTransUI_pageCommunityPersonal","cid":"xqxxl"},"avatarType":"1","title":{},"trackData":{"paramJson":"{\"busid\":\"573\",\"circleid\":\"null\",\"contentid\":\"1104944192230460416\",\"skuid\":\"1104944192230460416\",\"staid\":\"64\",\"type\":\"短视频\",\"userStatus\":\"\"}","bid":"QH86|48111"},"avatarImgUrl":"https://kjimg10.360buyimg.com/jrpmobile/jfs/t1/267206/33/19938/8695/67af6986Fe09e69de/375bbcd0db8d5287.jpg?width=200&height=200"},"ccTrackData":{"paramJson":"{\"staid\":64,\"contentId\":\"1104944192230460416\",\"contentType\":\"短视频\",\"keyWord\":\"\"}","paid":"QH86","bid":"QH86|xqxxl_templateAll","spj":"{\"staid\":64,\"contentId\":\"1104944192230460416\",\"contentType\":\"短视频\"}","ctp":"jrTransUI_pageCommunityPersonal","cid":"xqxxl"},"onlineTime":"","generalComments":[],"attentionData":{"attentionTitle2":{"title":{"bgColor":"#FFFFFF","text":"已关注","textColor":"#999999"},"trackData":{"matid":"","paramJson":"{\"sysCode\":\"mc-mkt-cms\",\"posid\":\"*38987*66985\",\"pagid\":\"0\",\"matid\":\"**\",\"lg2PageId\":\"3973\",\"ordid\":\"*0*0-0\"}","paid":"OU3X","cls":"OU3X|38987*66985*1d8fa75d58d45ab53414074265f33361","bid":"73973","ctp":"70000"}},"attentionInputData":{"sourceId":"1104944192230460416","bizType":"17","sourceType":"7","followChannel":"","content":"jimu_user_info-3546208"},"followOperate":"-1","attentionTitle1":{"ccTrackData":{"paramJson":"{\"staid\":64,\"contentId\":\"1104944192230460416\",\"contentType\":\"短视频\",\"keyWord\":\"\"}","paid":"QH86","bid":"QH86|xqxxl_cardInteract_follow","spj":"{\"staid\":64,\"contentId\":\"1104944192230460416\",\"contentType\":\"短视频\"}","ctp":"jrTransUI_pageCommunityPersonal","cid":"xqxxl"},"title":{"bgColor":"#EF4034","text":"关注","textColor":"#FFFFFF"},"trackData":{"matid":"","paramJson":"{\"sysCode\":\"mc-mkt-cms\",\"posid\":\"*38987*66985\",\"pagid\":\"0\",\"matid\":\"**\",\"lg2PageId\":\"3973\",\"ordid\":\"*0*0-0\"}","paid":"OU3X","cls":"OU3X|38987*66985*a6ee056572cebf51a234ec4353e5431b","bid":"73973","ctp":"70000"}}},"interactData":{"comentData":{"imgUrl":"https://kjimg10.360buyimg.com/mcmktresadmin/jfs/t1/301131/24/19968/1162/68663f8eF137bb478/7630ef770d6af3f1.png?width=48&height=48&_fs=1162","ccTrackData":{"paramJson":"{\"staid\":64,\"number\":1,\"contentId\":\"1104944192230460416\",\"textType\":\"评论\",\"contentType\":\"短视频\",\"keyWord\":\"\"}","paid":"QH86","bid":"QH86|xqxxl_contentInteract_interact","spj":"{\"staid\":64,\"contentId\":\"1104944192230460416\",\"textType\":\"评论\",\"contentType\":\"短视频\"}","ctp":"jrTransUI_pageCommunityPersonal","cid":"xqxxl"},"jumpData":{"jumpType":"7","jumpUrl":"https://content.jr.jd.com/shareProject/shortVideo/transverse/index.html?contentId=1104944192230460416"},"imgUrlDark":"https://kjimg10.360buyimg.com/mcmktresadmin/jfs/t1/309169/23/14229/1112/6866404dFf5ad365f/27bc4e32f04e6686.png?width=48&height=48&_fs=1112","title":{"text":"1","textColor":"#666666"},"trackData":{"paramJson":"{\"busid\":\"573\",\"staid\":\"64\",\"commentNumb\":1,\"contentid\":\"1104944192230460416\",\"circleid\":\"null\",\"type\":\"短视频\",\"skuid\":\"1104944192230460416\"}","bid":"OU3X_14249"}},"praiseData":{"ccTrackData":{"paramJson":"{\"staid\":64,\"number\":45,\"contentId\":\"1104944192230460416\",\"extParams\":\"\",\"textType\":\"点赞\",\"contentType\":\"短视频\",\"keyWord\":\"\"}","paid":"QH86","bid":"QH86|xqxxl_contentInteract_interact","spj":"{\"staid\":64,\"contentId\":\"1104944192230460416\",\"textType\":\"点赞\",\"contentType\":\"短视频\"}","ctp":"jrTransUI_pageCommunityPersonal","cid":"xqxxl"},"imgUrlPraise":"https://kjimg10.360buyimg.com/mcmktresadmin/jfs/t1/309307/15/14327/638/68663f8eF878624f2/dea538f74e1920d7.png?width=48&height=48&_fs=638","imgUrlDark":"https://kjimg10.360buyimg.com/mcmktresadmin/jfs/t1/297161/5/19988/852/6866404dF3fb5e31e/4b6fae26af76a2fa.png?width=48&height=48&_fs=852","ccCancelTrackData":{"paramJson":"{\"staid\":64,\"number\":45,\"contentId\":\"1104944192230460416\",\"extParams\":\"\",\"textType\":\"取消点赞\",\"contentType\":\"短视频\",\"keyWord\":\"\"}","paid":"QH86","bid":"QH86|xqxxl_contentInteract_interact","spj":"{\"staid\":64,\"contentId\":\"1104944192230460416\",\"textType\":\"取消点赞\",\"contentType\":\"短视频\"}","ctp":"jrTransUI_pageCommunityPersonal","cid":"xqxxl"},"laudOperate":0,"praiseInputData":{"authorPin":"jimu_user_info-3546208","typeId":"12","pageId":"1104944192230460416"},"title":{"textLikeColor":"#666666","text":"45","textColor":"#666666"},"trackDataCancel":{"paramJson":"{\"busid\":\"573\",\"contentid\":\"1104944192230460416\",\"skuid\":\"1104944192230460416\",\"staid\":\"64\",\"type\":\"短视频\"}","bid":"OU3X_14248"},"trackData":{"paramJson":"{\"busid\":\"573\",\"contentid\":\"1104944192230460416\",\"skuid\":\"1104944192230460416\",\"staid\":\"64\",\"type\":\"短视频\"}","bid":"OU3X_14247"},"imgUrlCancel":"https://kjimg10.360buyimg.com/mcmktresadmin/jfs/t1/316222/21/13689/874/68663f8eF3ce39632/bd7347701af6d76c.png?width=48&height=48&_fs=874"}},"qualityContentData":{"icon":"https://kjimg11.360buyimg.com/jrpmobile/jfs/t1/221765/6/6675/1392/61c061ebEa7d5c087/3f75e2dd150ecac3.png","title":{"text":"精选内容"}},"harmonyVersion":"","browseCount":"0浏览","trackData":{"paramJson":"{\"busid\":\"573\",\"circleid\":\"null\",\"contentid\":\"1104944192230460416\",\"skuid\":\"1104944192230460416\",\"staid\":\"64\",\"type\":\"短视频\",\"userStatus\":\"\"}","bid":"QH86|49000","ctp":"jrTransUI_pageCommunityPersonal"},"userExtendInfo":{},"androidVersion":"","pitNum":"","padVersion":"","jumpData":{"jumpType":"7","jumpUrl":"https://content.jr.jd.com/shareProject/shortVideo/transverse/index.html?contentId=1104944192230460416"},"busOrgCode":"","com_ins":{"fontStyle":3}} @ https://roma.jd.com/content/personal/js/vendor_7e196fbd5e.js:46
[  371777ms] [WARNING] [transCoreJS] using unregistered module "jrCCJumpVideoModule" @ https://roma.jd.com/content/personal/js/vendor_7e196fbd5e.js:46
[  371798ms] [LOG] guido plugin gold datainfo={"eid":"66985","sysCode":"jrapp","tagId":64,"contentData":{"linksArray":[],"originalTime":"","videoInfo":{"duration":24,"autoPlayTrack":{"paramJson":"{\"busid\":\"573\",\"contentid\":\"1104944192230460416\",\"skuid\":\"1104944192230460416\",\"staid\":\"64\",\"type\":\"短视频\"}","bid":"QH86|48119"},"playImgUrl":"https://img12.360buyimg.com/jrpmobile/jfs/t1/84898/26/29454/1474/62b1366cE6d115599/934cad27130d3dda.png","pictureUrl":"https://community-data.s3-cache-accelerate.cn-north-1.jdcloud-oss.com/jrapp/1104944192230460416/0dec3d46475d41dba58dfdd5a0452847.PNG?width=590&height=1280","width":"590","durationStr":"00:24","playUrl":"https://community-data.s3-cache-accelerate.cn-north-1.jdcloud-oss.com/jrapp/1104944192230460416/0de5d52ff6444d9bb331fa5cd374f1b9.MP4","height":"1280"},"contentId":"1104944192230460416","topUrl":"","ccTitleTrackData":{"paramJson":"{\"staid\":64,\"contentId\":\"1104944192230460416\",\"contentType\":\"短视频\",\"keyWord\":\"\"}","paid":"QH86","bid":"QH86|xqxxl_contentInfo_title","spj":"{\"staid\":64,\"contentId\":\"1104944192230460416\",\"contentType\":\"短视频\"}","ctp":"jrTransUI_pageCommunityPersonal","cid":"xqxxl"},"ccContentTrackData":{"paramJson":"{\"staid\":64,\"contentId\":\"1104944192230460416\",\"contentType\":\"短视频\",\"keyWord\":\"\"}","paid":"QH86","bid":"QH86|xqxxl_contentInfo_card","spj":"{\"staid\":64,\"contentId\":\"1104944192230460416\",\"contentType\":\"短视频\"}","ctp":"jrTransUI_pageCommunityPersonal","cid":"xqxxl"},"secureStatus":1,"contentTitle":{"bgColor":"#FFFFFF","text":"7月7日直播片段（六）：双创50","lines":"3","textColor":"#333333"},"categoryTree":{},"contentType":7},"titleData":{"title1":{"text":"蓝鲸跃财","textColor":"#333333"},"title2":{"bgColor":"","text":"13小时前","textColor":"#999999"},"title3":{"jumpData":{},"text":"","textColor":"#BA632D","trackData":{"eventid":"799e4d77a1316735fd2477569e8424db","paid":"OU3X","cls":"OU3X|38987*66985*799e4d77a1316735fd2477569e8424db"}},"badgeList":[{"textData":{"text":"13小时前"},"ccTrackData":{"paramJson":"{\"staid\":64,\"uid\":\"jimu_user_info-3546208\",\"contentId\":\"1104944192230460416\",\"contentType\":\"短视频\",\"keyWord\":\"\"}","paid":"QH86","bid":"QH86|xqxxl_userInfo_label","spj":"{\"staid\":64,\"uid\":\"jimu_user_info-3546208\",\"contentId\":\"1104944192230460416\",\"contentType\":\"短视频\"}","ctp":"jrTransUI_pageCommunityPersonal","cid":"xqxxl"},"type":1}],"title4":{},"icon3":{},"title5":{},"icon1":{"titleTags":[],"jumpData":{},"trackData":{}},"title6":{},"icon2":{"jumpData":{},"trackData":{}},"title7":{}},"iosversion":"","pitOrderNum":"","templateConfig":{"paddingBottom":10,"bgColor":"","paddingRight":12,"paddingLeft":12,"cornerRadius":4},"sourceInfo":{"forward":{},"ccTitleTrackData":{"paramJson":"{\"staid\":64,\"productId\":\"2689640\",\"contentId\":\"1104944192230460416\",\"contentType\":\"短视频\",\"productType\":\"圈子胶囊\",\"keyWord\":\"\"}","paid":"QH86","bid":"QH86|xqxxl_contentCapsule_title","spj":"{\"staid\":64,\"productId\":\"2689640\",\"contentId\":\"1104944192230460416\",\"contentType\":\"短视频\",\"productType\":\"圈子胶囊\"}","ctp":"jrTransUI_pageCommunityPersonal","cid":"xqxxl"},"icon":"https://img13.360buyimg.com/img/jfs/t1/244722/12/11922/444/667392e0Fb856939a/452cbd38e8d18c5a.png","contentId":"2689640","trackData":{"paramJson":"{\"busid\":\"573\",\"contentid\":\"基金圈&&2689640\",\"skuid\":\"基金圈&&2689640\",\"staid\":\"64\",\"type\":\"短视频&&1104944192230460416\"}","bid":"OU3X_14251"},"content":"基金圈"},"avatarData":{"avatarPendant":{"jumpData":{}},"gradeImgUrl":"https://img12.360buyimg.com/jrpmobile/jfs/t1/100397/15/45928/1335/65c1fc5aF73cd4cb2/d27af0940f8d2904.png","ccTrackData":{"paramJson":"{\"staid\":64,\"uid\":\"jimu_user_info-3546208\",\"userStatus\":\"\",\"contentId\":\"1104944192230460416\",\"contentType\":\"短视频\",\"keyWord\":\"\"}","paid":"QH86","bid":"QH86|xqxxl_userInfo_avatar","spj":"{\"staid\":64,\"uid\":\"jimu_user_info-3546208\",\"contentId\":\"1104944192230460416\",\"contentType\":\"短视频\"}","ctp":"jrTransUI_pageCommunityPersonal","cid":"xqxxl"},"avatarType":"1","title":{},"trackData":{"paramJson":"{\"busid\":\"573\",\"circleid\":\"null\",\"contentid\":\"1104944192230460416\",\"skuid\":\"1104944192230460416\",\"staid\":\"64\",\"type\":\"短视频\",\"userStatus\":\"\"}","bid":"QH86|48111"},"avatarImgUrl":"https://kjimg10.360buyimg.com/jrpmobile/jfs/t1/267206/33/19938/8695/67af6986Fe09e69de/375bbcd0db8d5287.jpg?width=200&height=200"},"ccTrackData":{"paramJson":"{\"staid\":64,\"contentId\":\"1104944192230460416\",\"contentType\":\"短视频\",\"keyWord\":\"\"}","paid":"QH86","bid":"QH86|xqxxl_templateAll","spj":"{\"staid\":64,\"contentId\":\"1104944192230460416\",\"contentType\":\"短视频\"}","ctp":"jrTransUI_pageCommunityPersonal","cid":"xqxxl"},"onlineTime":"","generalComments":[],"attentionData":{"attentionTitle2":{"title":{"bgColor":"#FFFFFF","text":"已关注","textColor":"#999999"},"trackData":{"matid":"","paramJson":"{\"sysCode\":\"mc-mkt-cms\",\"posid\":\"*38987*66985\",\"pagid\":\"0\",\"matid\":\"**\",\"lg2PageId\":\"3973\",\"ordid\":\"*0*0-0\"}","paid":"OU3X","cls":"OU3X|38987*66985*1d8fa75d58d45ab53414074265f33361","bid":"73973","ctp":"70000"}},"attentionInputData":{"sourceId":"1104944192230460416","bizType":"17","sourceType":"7","followChannel":"","content":"jimu_user_info-3546208"},"followOperate":"-1","attentionTitle1":{"ccTrackData":{"paramJson":"{\"staid\":64,\"contentId\":\"1104944192230460416\",\"contentType\":\"短视频\",\"keyWord\":\"\"}","paid":"QH86","bid":"QH86|xqxxl_cardInteract_follow","spj":"{\"staid\":64,\"contentId\":\"1104944192230460416\",\"contentType\":\"短视频\"}","ctp":"jrTransUI_pageCommunityPersonal","cid":"xqxxl"},"title":{"bgColor":"#EF4034","text":"关注","textColor":"#FFFFFF"},"trackData":{"matid":"","paramJson":"{\"sysCode\":\"mc-mkt-cms\",\"posid\":\"*38987*66985\",\"pagid\":\"0\",\"matid\":\"**\",\"lg2PageId\":\"3973\",\"ordid\":\"*0*0-0\"}","paid":"OU3X","cls":"OU3X|38987*66985*a6ee056572cebf51a234ec4353e5431b","bid":"73973","ctp":"70000"}}},"interactData":{"comentData":{"imgUrl":"https://kjimg10.360buyimg.com/mcmktresadmin/jfs/t1/301131/24/19968/1162/68663f8eF137bb478/7630ef770d6af3f1.png?width=48&height=48&_fs=1162","ccTrackData":{"paramJson":"{\"staid\":64,\"number\":1,\"contentId\":\"1104944192230460416\",\"textType\":\"评论\",\"contentType\":\"短视频\",\"keyWord\":\"\"}","paid":"QH86","bid":"QH86|xqxxl_contentInteract_interact","spj":"{\"staid\":64,\"contentId\":\"1104944192230460416\",\"textType\":\"评论\",\"contentType\":\"短视频\"}","ctp":"jrTransUI_pageCommunityPersonal","cid":"xqxxl"},"jumpData":null,"imgUrlDark":"https://kjimg10.360buyimg.com/mcmktresadmin/jfs/t1/309169/23/14229/1112/6866404dFf5ad365f/27bc4e32f04e6686.png?width=48&height=48&_fs=1112","title":{"text":"1","textColor":"#666666"},"trackData":{"paramJson":"{\"busid\":\"573\",\"staid\":\"64\",\"commentNumb\":1,\"contentid\":\"1104944192230460416\",\"circleid\":\"null\",\"type\":\"短视频\",\"skuid\":\"1104944192230460416\"}","bid":"OU3X_14249"}},"praiseData":{"ccTrackData":{"paramJson":"{\"staid\":64,\"number\":45,\"contentId\":\"1104944192230460416\",\"extParams\":\"\",\"textType\":\"点赞\",\"contentType\":\"短视频\",\"keyWord\":\"\"}","paid":"QH86","bid":"QH86|xqxxl_contentInteract_interact","spj":"{\"staid\":64,\"contentId\":\"1104944192230460416\",\"textType\":\"点赞\",\"contentType\":\"短视频\"}","ctp":"jrTransUI_pageCommunityPersonal","cid":"xqxxl"},"imgUrlPraise":"https://kjimg10.360buyimg.com/mcmktresadmin/jfs/t1/309307/15/14327/638/68663f8eF878624f2/dea538f74e1920d7.png?width=48&height=48&_fs=638","imgUrlDark":"https://kjimg10.360buyimg.com/mcmktresadmin/jfs/t1/297161/5/19988/852/6866404dF3fb5e31e/4b6fae26af76a2fa.png?width=48&height=48&_fs=852","ccCancelTrackData":{"paramJson":"{\"staid\":64,\"number\":45,\"contentId\":\"1104944192230460416\",\"extParams\":\"\",\"textType\":\"取消点赞\",\"contentType\":\"短视频\",\"keyWord\":\"\"}","paid":"QH86","bid":"QH86|xqxxl_contentInteract_interact","spj":"{\"staid\":64,\"contentId\":\"1104944192230460416\",\"textType\":\"取消点赞\",\"contentType\":\"短视频\"}","ctp":"jrTransUI_pageCommunityPersonal","cid":"xqxxl"},"laudOperate":0,"praiseInputData":{"authorPin":"jimu_user_info-3546208","typeId":"12","pageId":"1104944192230460416"},"title":{"textLikeColor":"#666666","text":"45","textColor":"#666666"},"trackDataCancel":{"paramJson":"{\"busid\":\"573\",\"contentid\":\"1104944192230460416\",\"skuid\":\"1104944192230460416\",\"staid\":\"64\",\"type\":\"短视频\"}","bid":"OU3X_14248"},"trackData":{"paramJson":"{\"busid\":\"573\",\"contentid\":\"1104944192230460416\",\"skuid\":\"1104944192230460416\",\"staid\":\"64\",\"type\":\"短视频\"}","bid":"OU3X_14247"},"imgUrlCancel":"https://kjimg10.360buyimg.com/mcmktresadmin/jfs/t1/316222/21/13689/874/68663f8eF3ce39632/bd7347701af6d76c.png?width=48&height=48&_fs=874"}},"qualityContentData":{"icon":"https://kjimg11.360buyimg.com/jrpmobile/jfs/t1/221765/6/6675/1392/61c061ebEa7d5c087/3f75e2dd150ecac3.png","title":{"text":"精选内容"}},"harmonyVersion":"","browseCount":"0浏览","trackData":{"paramJson":"{\"busid\":\"573\",\"circleid\":\"null\",\"contentid\":\"1104944192230460416\",\"skuid\":\"1104944192230460416\",\"staid\":\"64\",\"type\":\"短视频\",\"userStatus\":\"\"}","bid":"QH86|49000","ctp":"jrTransUI_pageCommunityPersonal"},"userExtendInfo":{},"androidVersion":"","pitNum":"","padVersion":"","jumpData":null,"busOrgCode":"","com_ins":{"fontStyle":3}} @ https://roma.jd.com/content/personal/js/vendor_7e196fbd5e.js:46
[  371808ms] [LOG] getCoverImg: https://community-data.s3-cache-accelerate.cn-north-1.jdcloud-oss.com/jrapp/1104944192230460416/0dec3d46475d41dba58dfdd5a0452847.PNG?width=590&height=1280 @ https://roma.jd.com/content/personal/js/vendor_7e196fbd5e.js:19
[  371810ms] [LOG] getCoverImg: https://community-data.s3-cache-accelerate.cn-north-1.jdcloud-oss.com/jrapp/1104944192230460416/0dec3d46475d41dba58dfdd5a0452847.PNG?width=590&height=1280 @ https://roma.jd.com/content/personal/js/vendor_7e196fbd5e.js:19
[  371811ms] [LOG] getCoverImg: https://community-data.s3-cache-accelerate.cn-north-1.jdcloud-oss.com/jrapp/1104944192230460416/0dec3d46475d41dba58dfdd5a0452847.PNG?width=590&height=1280 @ https://roma.jd.com/content/personal/js/vendor_7e196fbd5e.js:19
[  371954ms] [LOG] guido plugin gold datainfo={"eid":"66985","sysCode":"jrapp","tagId":64,"contentData":{"linksArray":[],"originalTime":"","videoInfo":{"duration":20,"autoPlayTrack":{"paramJson":"{\"busid\":\"573\",\"contentid\":\"1104697945900908544\",\"skuid\":\"1104697945900908544\",\"staid\":\"64\",\"type\":\"短视频\"}","bid":"QH86|48119"},"playImgUrl":"https://img12.360buyimg.com/jrpmobile/jfs/t1/84898/26/29454/1474/62b1366cE6d115599/934cad27130d3dda.png","pictureUrl":"https://community-data.s3-cache-accelerate.cn-north-1.jdcloud-oss.com/jrapp/1104697945900908544/02f8c2e7f81c416c973721c3f39fb290.PNG?width=590&height=1280","width":"590","durationStr":"00:20","playUrl":"https://community-data.s3-cache-accelerate.cn-north-1.jdcloud-oss.com/jrapp/1104697945900908544/55033480ad0f41fd97329ec9b5387dc5.MP4","height":"1280"},"contentId":"1104697945900908544","topUrl":"","ccTitleTrackData":{"paramJson":"{\"staid\":64,\"contentId\":\"1104697945900908544\",\"contentType\":\"短视频\",\"keyWord\":\"\"}","paid":"QH86","bid":"QH86|xqxxl_contentInfo_title","spj":"{\"staid\":64,\"contentId\":\"1104697945900908544\",\"contentType\":\"短视频\"}","ctp":"jrTransUI_pageCommunityPersonal","cid":"xqxxl"},"ccContentTrackData":{"paramJson":"{\"staid\":64,\"contentId\":\"1104697945900908544\",\"contentType\":\"短视频\",\"keyWord\":\"\"}","paid":"QH86","bid":"QH86|xqxxl_contentInfo_card","spj":"{\"staid\":64,\"contentId\":\"1104697945900908544\",\"contentType\":\"短视频\"}","ctp":"jrTransUI_pageCommunityPersonal","cid":"xqxxl"},"secureStatus":1,"contentTitle":{"bgColor":"#FFFFFF","text":"7月7日直播片段（五）：农业","lines":"3","textColor":"#333333"},"categoryTree":{},"contentType":7},"titleData":{"title1":{"text":"蓝鲸跃财","textColor":"#333333"},"title2":{"bgColor":"","text":"昨天 17:54","textColor":"#999999"},"title3":{"jumpData":{},"text":"","textColor":"#BA632D","trackData":{"eventid":"799e4d77a1316735fd2477569e8424db","paid":"OU3X","cls":"OU3X|38987*66985*799e4d77a1316735fd2477569e8424db"}},"badgeList":[{"textData":{"text":"昨天 17:54"},"ccTrackData":{"paramJson":"{\"staid\":64,\"uid\":\"jimu_user_info-3546208\",\"contentId\":\"1104697945900908544\",\"contentType\":\"短视频\",\"keyWord\":\"\"}","paid":"QH86","bid":"QH86|xqxxl_userInfo_label","spj":"{\"staid\":64,\"uid\":\"jimu_user_info-3546208\",\"contentId\":\"1104697945900908544\",\"contentType\":\"短视频\"}","ctp":"jrTransUI_pageCommunityPersonal","cid":"xqxxl"},"type":1}],"title4":{},"icon3":{},"title5":{},"icon1":{"titleTags":[],"jumpData":{},"trackData":{}},"title6":{},"icon2":{"jumpData":{},"trackData":{}},"title7":{}},"iosversion":"","pitOrderNum":"","templateConfig":{"paddingBottom":10,"bgColor":"","paddingRight":12,"paddingLeft":12,"cornerRadius":4},"sourceInfo":{"forward":{},"ccTitleTrackData":{"paramJson":"{\"staid\":64,\"productId\":\"2689640\",\"contentId\":\"1104697945900908544\",\"contentType\":\"短视频\",\"productType\":\"圈子胶囊\",\"keyWord\":\"\"}","paid":"QH86","bid":"QH86|xqxxl_contentCapsule_title","spj":"{\"staid\":64,\"productId\":\"2689640\",\"contentId\":\"1104697945900908544\",\"contentType\":\"短视频\",\"productType\":\"圈子胶囊\"}","ctp":"jrTransUI_pageCommunityPersonal","cid":"xqxxl"},"icon":"https://img13.360buyimg.com/img/jfs/t1/244722/12/11922/444/667392e0Fb856939a/452cbd38e8d18c5a.png","contentId":"2689640","trackData":{"paramJson":"{\"busid\":\"573\",\"contentid\":\"基金圈&&2689640\",\"skuid\":\"基金圈&&2689640\",\"staid\":\"64\",\"type\":\"短视频&&1104697945900908544\"}","bid":"OU3X_14251"},"content":"基金圈"},"avatarData":{"avatarPendant":{"jumpData":{}},"gradeImgUrl":"https://img12.360buyimg.com/jrpmobile/jfs/t1/100397/15/45928/1335/65c1fc5aF73cd4cb2/d27af0940f8d2904.png","ccTrackData":{"paramJson":"{\"staid\":64,\"uid\":\"jimu_user_info-3546208\",\"userStatus\":\"\",\"contentId\":\"1104697945900908544\",\"contentType\":\"短视频\",\"keyWord\":\"\"}","paid":"QH86","bid":"QH86|xqxxl_userInfo_avatar","spj":"{\"staid\":64,\"uid\":\"jimu_user_info-3546208\",\"contentId\":\"1104697945900908544\",\"contentType\":\"短视频\"}","ctp":"jrTransUI_pageCommunityPersonal","cid":"xqxxl"},"avatarType":"1","title":{},"trackData":{"paramJson":"{\"busid\":\"573\",\"circleid\":\"null\",\"contentid\":\"1104697945900908544\",\"skuid\":\"1104697945900908544\",\"staid\":\"64\",\"type\":\"短视频\",\"userStatus\":\"\"}","bid":"QH86|48111"},"avatarImgUrl":"https://kjimg10.360buyimg.com/jrpmobile/jfs/t1/267206/33/19938/8695/67af6986Fe09e69de/375bbcd0db8d5287.jpg?width=200&height=200"},"ccTrackData":{"paramJson":"{\"staid\":64,\"contentId\":\"1104697945900908544\",\"contentType\":\"短视频\",\"keyWord\":\"\"}","paid":"QH86","bid":"QH86|xqxxl_templateAll","spj":"{\"staid\":64,\"contentId\":\"1104697945900908544\",\"contentType\":\"短视频\"}","ctp":"jrTransUI_pageCommunityPersonal","cid":"xqxxl"},"onlineTime":"","generalComments":[],"attentionData":{"attentionTitle2":{"title":{"bgColor":"#FFFFFF","text":"已关注","textColor":"#999999"},"trackData":{"matid":"","paramJson":"{\"sysCode\":\"mc-mkt-cms\",\"posid\":\"*38987*66985\",\"pagid\":\"0\",\"matid\":\"**\",\"lg2PageId\":\"3973\",\"ordid\":\"*0*0-0\"}","paid":"OU3X","cls":"OU3X|38987*66985*1d8fa75d58d45ab53414074265f33361","bid":"73973","ctp":"70000"}},"attentionInputData":{"sourceId":"1104697945900908544","bizType":"17","sourceType":"7","followChannel":"","content":"jimu_user_info-3546208"},"followOperate":"-1","attentionTitle1":{"ccTrackData":{"paramJson":"{\"staid\":64,\"contentId\":\"1104697945900908544\",\"contentType\":\"短视频\",\"keyWord\":\"\"}","paid":"QH86","bid":"QH86|xqxxl_cardInteract_follow","spj":"{\"staid\":64,\"contentId\":\"1104697945900908544\",\"contentType\":\"短视频\"}","ctp":"jrTransUI_pageCommunityPersonal","cid":"xqxxl"},"title":{"bgColor":"#EF4034","text":"关注","textColor":"#FFFFFF"},"trackData":{"matid":"","paramJson":"{\"sysCode\":\"mc-mkt-cms\",\"posid\":\"*38987*66985\",\"pagid\":\"0\",\"matid\":\"**\",\"lg2PageId\":\"3973\",\"ordid\":\"*0*0-0\"}","paid":"OU3X","cls":"OU3X|38987*66985*a6ee056572cebf51a234ec4353e5431b","bid":"73973","ctp":"70000"}}},"interactData":{"comentData":{"imgUrl":"https://kjimg10.360buyimg.com/mcmktresadmin/jfs/t1/301131/24/19968/1162/68663f8eF137bb478/7630ef770d6af3f1.png?width=48&height=48&_fs=1162","ccTrackData":{"paramJson":"{\"staid\":64,\"number\":0,\"contentId\":\"1104697945900908544\",\"textType\":\"评论\",\"contentType\":\"短视频\",\"keyWord\":\"\"}","paid":"QH86","bid":"QH86|xqxxl_contentInteract_interact","spj":"{\"staid\":64,\"contentId\":\"1104697945900908544\",\"textType\":\"评论\",\"contentType\":\"短视频\"}","ctp":"jrTransUI_pageCommunityPersonal","cid":"xqxxl"},"jumpData":{"jumpType":"7","jumpUrl":"https://content.jr.jd.com/shareProject/shortVideo/transverse/index.html?contentId=1104697945900908544"},"imgUrlDark":"https://kjimg10.360buyimg.com/mcmktresadmin/jfs/t1/309169/23/14229/1112/6866404dFf5ad365f/27bc4e32f04e6686.png?width=48&height=48&_fs=1112","title":{"text":"评论","textColor":"#666666"},"trackData":{"paramJson":"{\"busid\":\"573\",\"staid\":\"64\",\"commentNumb\":0,\"contentid\":\"1104697945900908544\",\"circleid\":\"null\",\"type\":\"短视频\",\"skuid\":\"1104697945900908544\"}","bid":"OU3X_14249"}},"praiseData":{"ccTrackData":{"paramJson":"{\"staid\":64,\"number\":41,\"contentId\":\"1104697945900908544\",\"extParams\":\"\",\"textType\":\"点赞\",\"contentType\":\"短视频\",\"keyWord\":\"\"}","paid":"QH86","bid":"QH86|xqxxl_contentInteract_interact","spj":"{\"staid\":64,\"contentId\":\"1104697945900908544\",\"textType\":\"点赞\",\"contentType\":\"短视频\"}","ctp":"jrTransUI_pageCommunityPersonal","cid":"xqxxl"},"imgUrlPraise":"https://kjimg10.360buyimg.com/mcmktresadmin/jfs/t1/309307/15/14327/638/68663f8eF878624f2/dea538f74e1920d7.png?width=48&height=48&_fs=638","imgUrlDark":"https://kjimg10.360buyimg.com/mcmktresadmin/jfs/t1/297161/5/19988/852/6866404dF3fb5e31e/4b6fae26af76a2fa.png?width=48&height=48&_fs=852","ccCancelTrackData":{"paramJson":"{\"staid\":64,\"number\":41,\"contentId\":\"1104697945900908544\",\"extParams\":\"\",\"textType\":\"取消点赞\",\"contentType\":\"短视频\",\"keyWord\":\"\"}","paid":"QH86","bid":"QH86|xqxxl_contentInteract_interact","spj":"{\"staid\":64,\"contentId\":\"1104697945900908544\",\"textType\":\"取消点赞\",\"contentType\":\"短视频\"}","ctp":"jrTransUI_pageCommunityPersonal","cid":"xqxxl"},"laudOperate":0,"praiseInputData":{"authorPin":"jimu_user_info-3546208","typeId":"12","pageId":"1104697945900908544"},"title":{"textLikeColor":"#666666","text":"41","textColor":"#666666"},"trackDataCancel":{"paramJson":"{\"busid\":\"573\",\"contentid\":\"1104697945900908544\",\"skuid\":\"1104697945900908544\",\"staid\":\"64\",\"type\":\"短视频\"}","bid":"OU3X_14248"},"trackData":{"paramJson":"{\"busid\":\"573\",\"contentid\":\"1104697945900908544\",\"skuid\":\"1104697945900908544\",\"staid\":\"64\",\"type\":\"短视频\"}","bid":"OU3X_14247"},"imgUrlCancel":"https://kjimg10.360buyimg.com/mcmktresadmin/jfs/t1/316222/21/13689/874/68663f8eF3ce39632/bd7347701af6d76c.png?width=48&height=48&_fs=874"}},"qualityContentData":{"icon":"https://kjimg11.360buyimg.com/jrpmobile/jfs/t1/221765/6/6675/1392/61c061ebEa7d5c087/3f75e2dd150ecac3.png","title":{"text":"精选内容"}},"harmonyVersion":"","browseCount":"0浏览","trackData":{"paramJson":"{\"busid\":\"573\",\"circleid\":\"null\",\"contentid\":\"1104697945900908544\",\"skuid\":\"1104697945900908544\",\"staid\":\"64\",\"type\":\"短视频\",\"userStatus\":\"\"}","bid":"QH86|49000","ctp":"jrTransUI_pageCommunityPersonal"},"userExtendInfo":{},"androidVersion":"","pitNum":"","padVersion":"","jumpData":{"jumpType":"7","jumpUrl":"https://content.jr.jd.com/shareProject/shortVideo/transverse/index.html?contentId=1104697945900908544"},"busOrgCode":"","com_ins":{"fontStyle":3}} @ https://roma.jd.com/content/personal/js/vendor_7e196fbd5e.js:46
[  371956ms] [WARNING] [transCoreJS] using unregistered module "jrCCJumpVideoModule" @ https://roma.jd.com/content/personal/js/vendor_7e196fbd5e.js:46
[  371970ms] [LOG] guido plugin gold datainfo={"eid":"66985","sysCode":"jrapp","tagId":64,"contentData":{"linksArray":[],"originalTime":"","videoInfo":{"duration":20,"autoPlayTrack":{"paramJson":"{\"busid\":\"573\",\"contentid\":\"1104697945900908544\",\"skuid\":\"1104697945900908544\",\"staid\":\"64\",\"type\":\"短视频\"}","bid":"QH86|48119"},"playImgUrl":"https://img12.360buyimg.com/jrpmobile/jfs/t1/84898/26/29454/1474/62b1366cE6d115599/934cad27130d3dda.png","pictureUrl":"https://community-data.s3-cache-accelerate.cn-north-1.jdcloud-oss.com/jrapp/1104697945900908544/02f8c2e7f81c416c973721c3f39fb290.PNG?width=590&height=1280","width":"590","durationStr":"00:20","playUrl":"https://community-data.s3-cache-accelerate.cn-north-1.jdcloud-oss.com/jrapp/1104697945900908544/55033480ad0f41fd97329ec9b5387dc5.MP4","height":"1280"},"contentId":"1104697945900908544","topUrl":"","ccTitleTrackData":{"paramJson":"{\"staid\":64,\"contentId\":\"1104697945900908544\",\"contentType\":\"短视频\",\"keyWord\":\"\"}","paid":"QH86","bid":"QH86|xqxxl_contentInfo_title","spj":"{\"staid\":64,\"contentId\":\"1104697945900908544\",\"contentType\":\"短视频\"}","ctp":"jrTransUI_pageCommunityPersonal","cid":"xqxxl"},"ccContentTrackData":{"paramJson":"{\"staid\":64,\"contentId\":\"1104697945900908544\",\"contentType\":\"短视频\",\"keyWord\":\"\"}","paid":"QH86","bid":"QH86|xqxxl_contentInfo_card","spj":"{\"staid\":64,\"contentId\":\"1104697945900908544\",\"contentType\":\"短视频\"}","ctp":"jrTransUI_pageCommunityPersonal","cid":"xqxxl"},"secureStatus":1,"contentTitle":{"bgColor":"#FFFFFF","text":"7月7日直播片段（五）：农业","lines":"3","textColor":"#333333"},"categoryTree":{},"contentType":7},"titleData":{"title1":{"text":"蓝鲸跃财","textColor":"#333333"},"title2":{"bgColor":"","text":"昨天 17:54","textColor":"#999999"},"title3":{"jumpData":{},"text":"","textColor":"#BA632D","trackData":{"eventid":"799e4d77a1316735fd2477569e8424db","paid":"OU3X","cls":"OU3X|38987*66985*799e4d77a1316735fd2477569e8424db"}},"badgeList":[{"textData":{"text":"昨天 17:54"},"ccTrackData":{"paramJson":"{\"staid\":64,\"uid\":\"jimu_user_info-3546208\",\"contentId\":\"1104697945900908544\",\"contentType\":\"短视频\",\"keyWord\":\"\"}","paid":"QH86","bid":"QH86|xqxxl_userInfo_label","spj":"{\"staid\":64,\"uid\":\"jimu_user_info-3546208\",\"contentId\":\"1104697945900908544\",\"contentType\":\"短视频\"}","ctp":"jrTransUI_pageCommunityPersonal","cid":"xqxxl"},"type":1}],"title4":{},"icon3":{},"title5":{},"icon1":{"titleTags":[],"jumpData":{},"trackData":{}},"title6":{},"icon2":{"jumpData":{},"trackData":{}},"title7":{}},"iosversion":"","pitOrderNum":"","templateConfig":{"paddingBottom":10,"bgColor":"","paddingRight":12,"paddingLeft":12,"cornerRadius":4},"sourceInfo":{"forward":{},"ccTitleTrackData":{"paramJson":"{\"staid\":64,\"productId\":\"2689640\",\"contentId\":\"1104697945900908544\",\"contentType\":\"短视频\",\"productType\":\"圈子胶囊\",\"keyWord\":\"\"}","paid":"QH86","bid":"QH86|xqxxl_contentCapsule_title","spj":"{\"staid\":64,\"productId\":\"2689640\",\"contentId\":\"1104697945900908544\",\"contentType\":\"短视频\",\"productType\":\"圈子胶囊\"}","ctp":"jrTransUI_pageCommunityPersonal","cid":"xqxxl"},"icon":"https://img13.360buyimg.com/img/jfs/t1/244722/12/11922/444/667392e0Fb856939a/452cbd38e8d18c5a.png","contentId":"2689640","trackData":{"paramJson":"{\"busid\":\"573\",\"contentid\":\"基金圈&&2689640\",\"skuid\":\"基金圈&&2689640\",\"staid\":\"64\",\"type\":\"短视频&&1104697945900908544\"}","bid":"OU3X_14251"},"content":"基金圈"},"avatarData":{"avatarPendant":{"jumpData":{}},"gradeImgUrl":"https://img12.360buyimg.com/jrpmobile/jfs/t1/100397/15/45928/1335/65c1fc5aF73cd4cb2/d27af0940f8d2904.png","ccTrackData":{"paramJson":"{\"staid\":64,\"uid\":\"jimu_user_info-3546208\",\"userStatus\":\"\",\"contentId\":\"1104697945900908544\",\"contentType\":\"短视频\",\"keyWord\":\"\"}","paid":"QH86","bid":"QH86|xqxxl_userInfo_avatar","spj":"{\"staid\":64,\"uid\":\"jimu_user_info-3546208\",\"contentId\":\"1104697945900908544\",\"contentType\":\"短视频\"}","ctp":"jrTransUI_pageCommunityPersonal","cid":"xqxxl"},"avatarType":"1","title":{},"trackData":{"paramJson":"{\"busid\":\"573\",\"circleid\":\"null\",\"contentid\":\"1104697945900908544\",\"skuid\":\"1104697945900908544\",\"staid\":\"64\",\"type\":\"短视频\",\"userStatus\":\"\"}","bid":"QH86|48111"},"avatarImgUrl":"https://kjimg10.360buyimg.com/jrpmobile/jfs/t1/267206/33/19938/8695/67af6986Fe09e69de/375bbcd0db8d5287.jpg?width=200&height=200"},"ccTrackData":{"paramJson":"{\"staid\":64,\"contentId\":\"1104697945900908544\",\"contentType\":\"短视频\",\"keyWord\":\"\"}","paid":"QH86","bid":"QH86|xqxxl_templateAll","spj":"{\"staid\":64,\"contentId\":\"1104697945900908544\",\"contentType\":\"短视频\"}","ctp":"jrTransUI_pageCommunityPersonal","cid":"xqxxl"},"onlineTime":"","generalComments":[],"attentionData":{"attentionTitle2":{"title":{"bgColor":"#FFFFFF","text":"已关注","textColor":"#999999"},"trackData":{"matid":"","paramJson":"{\"sysCode\":\"mc-mkt-cms\",\"posid\":\"*38987*66985\",\"pagid\":\"0\",\"matid\":\"**\",\"lg2PageId\":\"3973\",\"ordid\":\"*0*0-0\"}","paid":"OU3X","cls":"OU3X|38987*66985*1d8fa75d58d45ab53414074265f33361","bid":"73973","ctp":"70000"}},"attentionInputData":{"sourceId":"1104697945900908544","bizType":"17","sourceType":"7","followChannel":"","content":"jimu_user_info-3546208"},"followOperate":"-1","attentionTitle1":{"ccTrackData":{"paramJson":"{\"staid\":64,\"contentId\":\"1104697945900908544\",\"contentType\":\"短视频\",\"keyWord\":\"\"}","paid":"QH86","bid":"QH86|xqxxl_cardInteract_follow","spj":"{\"staid\":64,\"contentId\":\"1104697945900908544\",\"contentType\":\"短视频\"}","ctp":"jrTransUI_pageCommunityPersonal","cid":"xqxxl"},"title":{"bgColor":"#EF4034","text":"关注","textColor":"#FFFFFF"},"trackData":{"matid":"","paramJson":"{\"sysCode\":\"mc-mkt-cms\",\"posid\":\"*38987*66985\",\"pagid\":\"0\",\"matid\":\"**\",\"lg2PageId\":\"3973\",\"ordid\":\"*0*0-0\"}","paid":"OU3X","cls":"OU3X|38987*66985*a6ee056572cebf51a234ec4353e5431b","bid":"73973","ctp":"70000"}}},"interactData":{"comentData":{"imgUrl":"https://kjimg10.360buyimg.com/mcmktresadmin/jfs/t1/301131/24/19968/1162/68663f8eF137bb478/7630ef770d6af3f1.png?width=48&height=48&_fs=1162","ccTrackData":{"paramJson":"{\"staid\":64,\"number\":0,\"contentId\":\"1104697945900908544\",\"textType\":\"评论\",\"contentType\":\"短视频\",\"keyWord\":\"\"}","paid":"QH86","bid":"QH86|xqxxl_contentInteract_interact","spj":"{\"staid\":64,\"contentId\":\"1104697945900908544\",\"textType\":\"评论\",\"contentType\":\"短视频\"}","ctp":"jrTransUI_pageCommunityPersonal","cid":"xqxxl"},"jumpData":null,"imgUrlDark":"https://kjimg10.360buyimg.com/mcmktresadmin/jfs/t1/309169/23/14229/1112/6866404dFf5ad365f/27bc4e32f04e6686.png?width=48&height=48&_fs=1112","title":{"text":"评论","textColor":"#666666"},"trackData":{"paramJson":"{\"busid\":\"573\",\"staid\":\"64\",\"commentNumb\":0,\"contentid\":\"1104697945900908544\",\"circleid\":\"null\",\"type\":\"短视频\",\"skuid\":\"1104697945900908544\"}","bid":"OU3X_14249"}},"praiseData":{"ccTrackData":{"paramJson":"{\"staid\":64,\"number\":41,\"contentId\":\"1104697945900908544\",\"extParams\":\"\",\"textType\":\"点赞\",\"contentType\":\"短视频\",\"keyWord\":\"\"}","paid":"QH86","bid":"QH86|xqxxl_contentInteract_interact","spj":"{\"staid\":64,\"contentId\":\"1104697945900908544\",\"textType\":\"点赞\",\"contentType\":\"短视频\"}","ctp":"jrTransUI_pageCommunityPersonal","cid":"xqxxl"},"imgUrlPraise":"https://kjimg10.360buyimg.com/mcmktresadmin/jfs/t1/309307/15/14327/638/68663f8eF878624f2/dea538f74e1920d7.png?width=48&height=48&_fs=638","imgUrlDark":"https://kjimg10.360buyimg.com/mcmktresadmin/jfs/t1/297161/5/19988/852/6866404dF3fb5e31e/4b6fae26af76a2fa.png?width=48&height=48&_fs=852","ccCancelTrackData":{"paramJson":"{\"staid\":64,\"number\":41,\"contentId\":\"1104697945900908544\",\"extParams\":\"\",\"textType\":\"取消点赞\",\"contentType\":\"短视频\",\"keyWord\":\"\"}","paid":"QH86","bid":"QH86|xqxxl_contentInteract_interact","spj":"{\"staid\":64,\"contentId\":\"1104697945900908544\",\"textType\":\"取消点赞\",\"contentType\":\"短视频\"}","ctp":"jrTransUI_pageCommunityPersonal","cid":"xqxxl"},"laudOperate":0,"praiseInputData":{"authorPin":"jimu_user_info-3546208","typeId":"12","pageId":"1104697945900908544"},"title":{"textLikeColor":"#666666","text":"41","textColor":"#666666"},"trackDataCancel":{"paramJson":"{\"busid\":\"573\",\"contentid\":\"1104697945900908544\",\"skuid\":\"1104697945900908544\",\"staid\":\"64\",\"type\":\"短视频\"}","bid":"OU3X_14248"},"trackData":{"paramJson":"{\"busid\":\"573\",\"contentid\":\"1104697945900908544\",\"skuid\":\"1104697945900908544\",\"staid\":\"64\",\"type\":\"短视频\"}","bid":"OU3X_14247"},"imgUrlCancel":"https://kjimg10.360buyimg.com/mcmktresadmin/jfs/t1/316222/21/13689/874/68663f8eF3ce39632/bd7347701af6d76c.png?width=48&height=48&_fs=874"}},"qualityContentData":{"icon":"https://kjimg11.360buyimg.com/jrpmobile/jfs/t1/221765/6/6675/1392/61c061ebEa7d5c087/3f75e2dd150ecac3.png","title":{"text":"精选内容"}},"harmonyVersion":"","browseCount":"0浏览","trackData":{"paramJson":"{\"busid\":\"573\",\"circleid\":\"null\",\"contentid\":\"1104697945900908544\",\"skuid\":\"1104697945900908544\",\"staid\":\"64\",\"type\":\"短视频\",\"userStatus\":\"\"}","bid":"QH86|49000","ctp":"jrTransUI_pageCommunityPersonal"},"userExtendInfo":{},"androidVersion":"","pitNum":"","padVersion":"","jumpData":null,"busOrgCode":"","com_ins":{"fontStyle":3}} @ https://roma.jd.com/content/personal/js/vendor_7e196fbd5e.js:46
[  371979ms] [LOG] getCoverImg: https://community-data.s3-cache-accelerate.cn-north-1.jdcloud-oss.com/jrapp/1104697945900908544/02f8c2e7f81c416c973721c3f39fb290.PNG?width=590&height=1280 @ https://roma.jd.com/content/personal/js/vendor_7e196fbd5e.js:19
[  371980ms] [LOG] getCoverImg: https://community-data.s3-cache-accelerate.cn-north-1.jdcloud-oss.com/jrapp/1104697945900908544/02f8c2e7f81c416c973721c3f39fb290.PNG?width=590&height=1280 @ https://roma.jd.com/content/personal/js/vendor_7e196fbd5e.js:19
[  371980ms] [LOG] getCoverImg: https://community-data.s3-cache-accelerate.cn-north-1.jdcloud-oss.com/jrapp/1104697945900908544/02f8c2e7f81c416c973721c3f39fb290.PNG?width=590&height=1280 @ https://roma.jd.com/content/personal/js/vendor_7e196fbd5e.js:19
[  372077ms] [LOG] guido plugin gold datainfo={"eid":"68962","sysCode":"jrapp","tagId":64,"contentData":{"fundTrendData":{},"tradeRecordData":{},"imageTrack":{"matid":"","paramJson":"{\"busid\":\"572\",\"sysCode\":\"mc-mkt-cms\",\"posid\":\"*39933*68962\",\"staid\":\"64\",\"type2\":\"3\",\"pagid\":\"0\",\"matid\":\"**\",\"lg2PageId\":\"3973\",\"type\":\"动态\",\"ordid\":\"*0*0-0\"}","paid":"OU3X","cls":"OU3X|39933**","bid":"73973","ctp":"70000"},"ccContentTrackData":{"paramJson":"{\"staid\":64,\"pluginType\":2,\"contentId\":\"734612678\",\"contentType\":\"动态\",\"keyWord\":\"\"}","paid":"QH86","bid":"QH86|xqxxl_contentInfo_card","spj":"{\"staid\":64,\"contentId\":\"734612678\",\"contentType\":\"动态\"}","ctp":"jrTransUI_pageCommunityPersonal","cid":"xqxxl"},"ccTitleTrackData":{"paramJson":"{\"staid\":64,\"pluginType\":2,\"contentId\":\"734612678\",\"contentType\":\"动态\",\"keyWord\":\"\"}","paid":"QH86","bid":"QH86|xqxxl_contentInfo_title","spj":"{\"staid\":64,\"contentId\":\"734612678\",\"contentType\":\"动态\"}","ctp":"jrTransUI_pageCommunityPersonal","cid":"xqxxl"},"contentId":"734612678","secureStatus":1,"contentTitle":{"text":"【蓝鲸短评】今天晚上有些事儿，回来的比较晚，再简单复盘一下，太晚就没法给大家直播了。\n明天会抽空给写一些分析。\n我这边更新完，昨天回血的33万也吐出了28万，虽然有预期是反弹，但是就这一天就下来了确实也太快了。\n依然坚持核心科技是主线的观点，就像中午发文写的，要谨慎乐观！目前没有系统性风险，不用过于担心！\n另外就是商业航天，有的就拿着，手里没有的也不要追了，板块持续性预估不会太好，别给自己加难度了。\n⚡以上内容为个人观点，不构成投资意见⚡ \n⚡跟投有风险！！！投资需谨慎！！！⚡","lines":"3"},"contentSubtype":"3","contentType":0},"titleData":{"title1":{"text":"蓝鲸跃财"},"title2":{"text":"07-10 23:21"},"title3":{"jumpData":{},"trackData":{"matid":"","paramJson":"{\"busid\":\"572\",\"sysCode\":\"mc-mkt-cms\",\"posid\":\"*39933*68962\",\"staid\":\"64\",\"pagid\":\"0\",\"matid\":\"**\",\"lg2PageId\":\"3973\",\"type\":\"动态\",\"ordid\":\"*0*0-0\"}","paid":"OU3X","cls":"OU3X|39933**","bid":"73973","ctp":"70000"}},"badgeList":[{"textData":{"text":"07-10 23:21"},"ccTrackData":{"paramJson":"{\"staid\":64,\"uid\":\"jimu_user_info-3546208\",\"contentId\":\"734612678\",\"contentType\":\"动态\",\"keyWord\":\"\"}","paid":"QH86","bid":"QH86|xqxxl_userInfo_label","spj":"{\"staid\":64,\"uid\":\"jimu_user_info-3546208\",\"contentId\":\"734612678\",\"contentType\":\"动态\"}","ctp":"jrTransUI_pageCommunityPersonal","cid":"xqxxl"},"type":1}],"title4":{"jumpData":{},"icon":{}},"icon3":{},"title5":{},"icon1":{"titleTags":[],"jumpData":{},"trackData":{"matid":"","paramJson":"{\"busid\":\"572\",\"sysCode\":\"mc-mkt-cms\",\"posid\":\"*39933*68962\",\"staid\":\"64\",\"pagid\":\"0\",\"matid\":\"**\",\"lg2PageId\":\"3973\",\"type\":\"动态\",\"ordid\":\"*0*0-0\"}","paid":"OU3X","cls":"OU3X|39933**","bid":"73973","ctp":"70000"}},"title6":{},"icon2":{"jumpData":{},"trackData":{"matid":"","paramJson":"{\"busid\":\"572\",\"sysCode\":\"mc-mkt-cms\",\"posid\":\"*39933*68962\",\"staid\":\"64\",\"pagid\":\"0\",\"matid\":\"**\",\"lg2PageId\":\"3973\",\"type\":\"动态\",\"ordid\":\"*0*0-0\"}","paid":"OU3X","cls":"OU3X|39933**","bid":"73973","ctp":"70000"}},"title7":{}},"clientExtInfo":{},"iosversion":"","pitOrderNum":"","imagePluginType":1,"templateConfig":{"paddingBottom":10,"paddingRight":12,"paddingLeft":12,"cornerRadius":4},"sourceInfo":{"forward":{},"ccTitleTrackData":{"paramJson":"{\"staid\":64,\"productId\":\"2689640\",\"contentId\":\"734612678\",\"contentType\":\"动态\",\"productType\":\"圈子胶囊\",\"keyWord\":\"\"}","paid":"QH86","bid":"QH86|xqxxl_contentCapsule_title","spj":"{\"staid\":64,\"productId\":\"2689640\",\"contentId\":\"734612678\",\"contentType\":\"动态\",\"productType\":\"圈子胶囊\"}","ctp":"jrTransUI_pageCommunityPersonal","cid":"xqxxl"},"icon":"https://img13.360buyimg.com/img/jfs/t1/244722/12/11922/444/667392e0Fb856939a/452cbd38e8d18c5a.png","contentId":"2689640","tag":{},"trackData":{"paramJson":"{\"busid\":\"572\",\"contentid\":\"基金圈&&2689640\",\"skuid\":\"基金圈&&2689640\",\"staid\":\"64\",\"type\":\"动态&&734612678\"}","bid":"OU3X_14251"},"content":"基金圈"},"avatarData":{"avatarPendant":{"jumpData":{}},"gradeImgUrl":"https://img12.360buyimg.com/jrpmobile/jfs/t1/100397/15/45928/1335/65c1fc5aF73cd4cb2/d27af0940f8d2904.png","ccTrackData":{"paramJson":"{\"staid\":64,\"uid\":\"jimu_user_info-3546208\",\"userStatus\":\"\",\"contentId\":\"734612678\",\"contentType\":\"动态\",\"keyWord\":\"\"}","paid":"QH86","bid":"QH86|xqxxl_userInfo_avatar","spj":"{\"staid\":64,\"uid\":\"jimu_user_info-3546208\",\"contentId\":\"734612678\",\"contentType\":\"动态\"}","ctp":"jrTransUI_pageCommunityPersonal","cid":"xqxxl"},"atmosphereUrl":"https://kjimg10.360buyimg.com/mcmktresadmin/jfs/t1/274472/12/1114/120104/67cfee6cFe5043a38/068249dcf6b6f1e5.png?width=1052&height=180&_fs=120104","avatarType":"1","title":{},"trackData":{"paramJson":"{\"busid\":\"572\",\"circleid\":\"null\",\"contentid\":\"734612678\",\"skuid\":\"734612678\",\"staid\":\"64\",\"type\":\"动态\",\"userStatus\":\"\"}","bid":"QH86|48111"},"avatarImgUrl":"https://kjimg10.360buyimg.com/jrpmobile/jfs/t1/267206/33/19938/8695/67af6986Fe09e69de/375bbcd0db8d5287.jpg?width=200&height=200"},"ccTrackData":{"paramJson":"{\"staid\":64,\"pluginType\":2,\"contentId\":\"734612678\",\"contentType\":\"动态\",\"keyWord\":\"\"}","paid":"QH86","bid":"QH86|xqxxl_templateAll","spj":"{\"staid\":64,\"contentId\":\"734612678\",\"contentType\":\"动态\"}","ctp":"jrTransUI_pageCommunityPersonal","cid":"xqxxl"},"onlineTime":"","generalComments":[],"guessGoldPrice":{"ongoingData":{},"jumpData":{},"trackData":{"matid":"","paramJson":"{\"sysCode\":\"mc-mkt-cms\",\"posid\":\"*39933*68962\",\"pagid\":\"0\",\"matid\":\"**\",\"lg2PageId\":\"3973\",\"ordid\":\"*0*0-0\"}","paid":"OU3X","cls":"OU3X|39933**","bid":"73973","ctp":"70000"},"endedData":{"statusText":{}}},"interactData":{"comentData":{"imgUrl":"https://kjimg10.360buyimg.com/mcmktresadmin/jfs/t1/301131/24/19968/1162/68663f8eF137bb478/7630ef770d6af3f1.png?width=48&height=48&_fs=1162","ccTrackData":{"paramJson":"{\"staid\":64,\"number\":30,\"contentId\":\"734612678\",\"textType\":\"评论\",\"contentType\":\"动态\",\"keyWord\":\"\"}","paid":"QH86","bid":"QH86|xqxxl_contentInteract_interact","spj":"{\"staid\":64,\"contentId\":\"734612678\",\"textType\":\"评论\",\"contentType\":\"动态\"}","ctp":"jrTransUI_pageCommunityPersonal","cid":"xqxxl"},"jumpData":{"jumpType":"7","jumpUrl":"https://roma.jd.com/content/dynamic-detail?contentId=734612678&channelType=&channelfrom=grouppc&anchorComment=1"},"imgUrlDark":"https://kjimg10.360buyimg.com/mcmktresadmin/jfs/t1/309169/23/14229/1112/6866404dFf5ad365f/27bc4e32f04e6686.png?width=48&height=48&_fs=1112","title":{"text":"30","textColor":"#666666"},"trackData":{"paramJson":"{\"busid\":\"572\",\"staid\":\"64\",\"commentNumb\":30,\"contentid\":\"734612678\",\"circleid\":\"null\",\"type\":\"动态\",\"skuid\":\"734612678\"}","bid":"OU3X_14249"},"praiseLottieUrl":""},"praiseData":{"laudIconType":0,"ccTrackData":{"paramJson":"{\"staid\":64,\"number\":237,\"contentId\":\"734612678\",\"extParams\":\"\",\"textType\":\"点赞\",\"contentType\":\"动态\",\"keyWord\":\"\"}","paid":"QH86","bid":"QH86|xqxxl_contentInteract_interact","spj":"{\"staid\":64,\"contentId\":\"734612678\",\"textType\":\"点赞\",\"contentType\":\"动态\"}","ctp":"jrTransUI_pageCommunityPersonal","cid":"xqxxl"},"imgUrlPraise":"https://kjimg10.360buyimg.com/mcmktresadmin/jfs/t1/309307/15/14327/638/68663f8eF878624f2/dea538f74e1920d7.png?width=48&height=48&_fs=638","imgUrlDark":"https://kjimg10.360buyimg.com/mcmktresadmin/jfs/t1/297161/5/19988/852/6866404dF3fb5e31e/4b6fae26af76a2fa.png?width=48&height=48&_fs=852","ccCancelTrackData":{"paramJson":"{\"staid\":64,\"number\":237,\"contentId\":\"734612678\",\"extParams\":\"\",\"textType\":\"取消点赞\",\"contentType\":\"动态\",\"keyWord\":\"\"}","paid":"QH86","bid":"QH86|xqxxl_contentInteract_interact","spj":"{\"staid\":64,\"contentId\":\"734612678\",\"textType\":\"取消点赞\",\"contentType\":\"动态\"}","ctp":"jrTransUI_pageCommunityPersonal","cid":"xqxxl"},"laudOperate":0,"praiseInputData":{"authorPin":"jimu_user_info-3546208","typeId":"1","pageId":"734612678"},"title":{"textLikeColor":"#666666","text":"237","textColor":"#666666"},"trackDataCancel":{"paramJson":"{\"busid\":\"572\",\"contentid\":\"734612678\",\"skuid\":\"734612678\",\"staid\":\"64\",\"type\":\"动态\"}","bid":"OU3X_14248"},"praiseLottieUrl":"","trackData":{"paramJson":"{\"busid\":\"572\",\"contentid\":\"734612678\",\"skuid\":\"734612678\",\"staid\":\"64\",\"type\":\"动态\"}","bid":"OU3X_14247"},"imgUrlCancel":"https://kjimg10.360buyimg.com/mcmktresadmin/jfs/t1/316222/21/13689/874/68663f8eF3ce39632/bd7347701af6d76c.png?width=48&height=48&_fs=874"}},"harmonyVersion":"","browseCount":"0浏览","itemFeature":{},"trackData":{"paramJson":"{\"busid\":\"572\",\"circleid\":\"null\",\"contentLines\":3,\"contentid\":\"734612678\",\"pluginType\":2,\"skuid\":\"734612678\",\"staid\":\"64\",\"styleAbtid\":\"Atest\",\"templateStyle\":0,\"type\":\"动态\",\"userStatus\":\"\"}","bid":"OU3X_14246","ctp":"jrTransUI_pageCommunityPersonal"},"userExtendInfo":{},"androidVersion":"","pitNum":"","padVersion":"","jumpData":{"jumpType":"7","jumpUrl":"https://roma.jd.com/content/dynamic-detail?contentId=734612678&channelType=&channelfrom=grouppc"},"busOrgCode":"","com_ins":{"fontStyle":3}} @ https://roma.jd.com/content/personal/js/vendor_7e196fbd5e.js:46
[  372096ms] [LOG] guido plugin gold datainfo={"eid":"68962","sysCode":"jrapp","tagId":64,"contentData":{"fundTrendData":{},"tradeRecordData":{},"imageTrack":{"matid":"","paramJson":"{\"busid\":\"572\",\"sysCode\":\"mc-mkt-cms\",\"posid\":\"*39933*68962\",\"staid\":\"64\",\"type2\":\"3\",\"pagid\":\"0\",\"matid\":\"**\",\"lg2PageId\":\"3973\",\"type\":\"动态\",\"ordid\":\"*0*0-0\"}","paid":"OU3X","cls":"OU3X|39933**","bid":"73973","ctp":"70000"},"ccContentTrackData":{"paramJson":"{\"staid\":64,\"pluginType\":2,\"contentId\":\"734612678\",\"contentType\":\"动态\",\"keyWord\":\"\"}","paid":"QH86","bid":"QH86|xqxxl_contentInfo_card","spj":"{\"staid\":64,\"contentId\":\"734612678\",\"contentType\":\"动态\"}","ctp":"jrTransUI_pageCommunityPersonal","cid":"xqxxl"},"ccTitleTrackData":{"paramJson":"{\"staid\":64,\"pluginType\":2,\"contentId\":\"734612678\",\"contentType\":\"动态\",\"keyWord\":\"\"}","paid":"QH86","bid":"QH86|xqxxl_contentInfo_title","spj":"{\"staid\":64,\"contentId\":\"734612678\",\"contentType\":\"动态\"}","ctp":"jrTransUI_pageCommunityPersonal","cid":"xqxxl"},"contentId":"734612678","secureStatus":1,"contentTitle":{"text":"【蓝鲸短评】今天晚上有些事儿，回来的比较晚，再简单复盘一下，太晚就没法给大家直播了。\n明天会抽空给写一些分析。\n我这边更新完，昨天回血的33万也吐出了28万，虽然有预期是反弹，但是就这一天就下来了确实也太快了。\n依然坚持核心科技是主线的观点，就像中午发文写的，要谨慎乐观！目前没有系统性风险，不用过于担心！\n另外就是商业航天，有的就拿着，手里没有的也不要追了，板块持续性预估不会太好，别给自己加难度了。\n⚡以上内容为个人观点，不构成投资意见⚡ \n⚡跟投有风险！！！投资需谨慎！！！⚡","lines":"3"},"contentSubtype":"3","contentType":0},"titleData":{"title1":{"text":"蓝鲸跃财"},"title2":{"text":"07-10 23:21"},"title3":{"jumpData":{},"trackData":{"matid":"","paramJson":"{\"busid\":\"572\",\"sysCode\":\"mc-mkt-cms\",\"posid\":\"*39933*68962\",\"staid\":\"64\",\"pagid\":\"0\",\"matid\":\"**\",\"lg2PageId\":\"3973\",\"type\":\"动态\",\"ordid\":\"*0*0-0\"}","paid":"OU3X","cls":"OU3X|39933**","bid":"73973","ctp":"70000"}},"badgeList":[{"textData":{"text":"07-10 23:21"},"ccTrackData":{"paramJson":"{\"staid\":64,\"uid\":\"jimu_user_info-3546208\",\"contentId\":\"734612678\",\"contentType\":\"动态\",\"keyWord\":\"\"}","paid":"QH86","bid":"QH86|xqxxl_userInfo_label","spj":"{\"staid\":64,\"uid\":\"jimu_user_info-3546208\",\"contentId\":\"734612678\",\"contentType\":\"动态\"}","ctp":"jrTransUI_pageCommunityPersonal","cid":"xqxxl"},"type":1}],"title4":{"jumpData":{},"icon":{}},"icon3":{},"title5":{},"icon1":{"titleTags":[],"jumpData":{},"trackData":{"matid":"","paramJson":"{\"busid\":\"572\",\"sysCode\":\"mc-mkt-cms\",\"posid\":\"*39933*68962\",\"staid\":\"64\",\"pagid\":\"0\",\"matid\":\"**\",\"lg2PageId\":\"3973\",\"type\":\"动态\",\"ordid\":\"*0*0-0\"}","paid":"OU3X","cls":"OU3X|39933**","bid":"73973","ctp":"70000"}},"title6":{},"icon2":{"jumpData":{},"trackData":{"matid":"","paramJson":"{\"busid\":\"572\",\"sysCode\":\"mc-mkt-cms\",\"posid\":\"*39933*68962\",\"staid\":\"64\",\"pagid\":\"0\",\"matid\":\"**\",\"lg2PageId\":\"3973\",\"type\":\"动态\",\"ordid\":\"*0*0-0\"}","paid":"OU3X","cls":"OU3X|39933**","bid":"73973","ctp":"70000"}},"title7":{}},"clientExtInfo":{},"iosversion":"","pitOrderNum":"","imagePluginType":1,"templateConfig":{"paddingBottom":10,"paddingRight":12,"paddingLeft":12,"cornerRadius":4},"sourceInfo":{"forward":{},"ccTitleTrackData":{"paramJson":"{\"staid\":64,\"productId\":\"2689640\",\"contentId\":\"734612678\",\"contentType\":\"动态\",\"productType\":\"圈子胶囊\",\"keyWord\":\"\"}","paid":"QH86","bid":"QH86|xqxxl_contentCapsule_title","spj":"{\"staid\":64,\"productId\":\"2689640\",\"contentId\":\"734612678\",\"contentType\":\"动态\",\"productType\":\"圈子胶囊\"}","ctp":"jrTransUI_pageCommunityPersonal","cid":"xqxxl"},"icon":"https://img13.360buyimg.com/img/jfs/t1/244722/12/11922/444/667392e0Fb856939a/452cbd38e8d18c5a.png","contentId":"2689640","tag":{},"trackData":{"paramJson":"{\"busid\":\"572\",\"contentid\":\"基金圈&&2689640\",\"skuid\":\"基金圈&&2689640\",\"staid\":\"64\",\"type\":\"动态&&734612678\"}","bid":"OU3X_14251"},"content":"基金圈"},"avatarData":{"avatarPendant":{"jumpData":{}},"gradeImgUrl":"https://img12.360buyimg.com/jrpmobile/jfs/t1/100397/15/45928/1335/65c1fc5aF73cd4cb2/d27af0940f8d2904.png","ccTrackData":{"paramJson":"{\"staid\":64,\"uid\":\"jimu_user_info-3546208\",\"userStatus\":\"\",\"contentId\":\"734612678\",\"contentType\":\"动态\",\"keyWord\":\"\"}","paid":"QH86","bid":"QH86|xqxxl_userInfo_avatar","spj":"{\"staid\":64,\"uid\":\"jimu_user_info-3546208\",\"contentId\":\"734612678\",\"contentType\":\"动态\"}","ctp":"jrTransUI_pageCommunityPersonal","cid":"xqxxl"},"atmosphereUrl":"https://kjimg10.360buyimg.com/mcmktresadmin/jfs/t1/274472/12/1114/120104/67cfee6cFe5043a38/068249dcf6b6f1e5.png?width=1052&height=180&_fs=120104","avatarType":"1","title":{},"trackData":{"paramJson":"{\"busid\":\"572\",\"circleid\":\"null\",\"contentid\":\"734612678\",\"skuid\":\"734612678\",\"staid\":\"64\",\"type\":\"动态\",\"userStatus\":\"\"}","bid":"QH86|48111"},"avatarImgUrl":"https://kjimg10.360buyimg.com/jrpmobile/jfs/t1/267206/33/19938/8695/67af6986Fe09e69de/375bbcd0db8d5287.jpg?width=200&height=200"},"ccTrackData":{"paramJson":"{\"staid\":64,\"pluginType\":2,\"contentId\":\"734612678\",\"contentType\":\"动态\",\"keyWord\":\"\"}","paid":"QH86","bid":"QH86|xqxxl_templateAll","spj":"{\"staid\":64,\"contentId\":\"734612678\",\"contentType\":\"动态\"}","ctp":"jrTransUI_pageCommunityPersonal","cid":"xqxxl"},"onlineTime":"","generalComments":[],"guessGoldPrice":{"ongoingData":{},"jumpData":{},"trackData":{"matid":"","paramJson":"{\"sysCode\":\"mc-mkt-cms\",\"posid\":\"*39933*68962\",\"pagid\":\"0\",\"matid\":\"**\",\"lg2PageId\":\"3973\",\"ordid\":\"*0*0-0\"}","paid":"OU3X","cls":"OU3X|39933**","bid":"73973","ctp":"70000"},"endedData":{"statusText":{}}},"interactData":{"comentData":{"imgUrl":"https://kjimg10.360buyimg.com/mcmktresadmin/jfs/t1/301131/24/19968/1162/68663f8eF137bb478/7630ef770d6af3f1.png?width=48&height=48&_fs=1162","ccTrackData":{"paramJson":"{\"staid\":64,\"number\":30,\"contentId\":\"734612678\",\"textType\":\"评论\",\"contentType\":\"动态\",\"keyWord\":\"\"}","paid":"QH86","bid":"QH86|xqxxl_contentInteract_interact","spj":"{\"staid\":64,\"contentId\":\"734612678\",\"textType\":\"评论\",\"contentType\":\"动态\"}","ctp":"jrTransUI_pageCommunityPersonal","cid":"xqxxl"},"jumpData":{"jumpType":"7","jumpUrl":"https://roma.jd.com/content/dynamic-detail?contentId=734612678&channelType=&channelfrom=grouppc&anchorComment=1"},"imgUrlDark":"https://kjimg10.360buyimg.com/mcmktresadmin/jfs/t1/309169/23/14229/1112/6866404dFf5ad365f/27bc4e32f04e6686.png?width=48&height=48&_fs=1112","title":{"text":"30","textColor":"#666666"},"trackData":{"paramJson":"{\"busid\":\"572\",\"staid\":\"64\",\"commentNumb\":30,\"contentid\":\"734612678\",\"circleid\":\"null\",\"type\":\"动态\",\"skuid\":\"734612678\"}","bid":"OU3X_14249"},"praiseLottieUrl":""},"praiseData":{"laudIconType":0,"ccTrackData":{"paramJson":"{\"staid\":64,\"number\":237,\"contentId\":\"734612678\",\"extParams\":\"\",\"textType\":\"点赞\",\"contentType\":\"动态\",\"keyWord\":\"\"}","paid":"QH86","bid":"QH86|xqxxl_contentInteract_interact","spj":"{\"staid\":64,\"contentId\":\"734612678\",\"textType\":\"点赞\",\"contentType\":\"动态\"}","ctp":"jrTransUI_pageCommunityPersonal","cid":"xqxxl"},"imgUrlPraise":"https://kjimg10.360buyimg.com/mcmktresadmin/jfs/t1/309307/15/14327/638/68663f8eF878624f2/dea538f74e1920d7.png?width=48&height=48&_fs=638","imgUrlDark":"https://kjimg10.360buyimg.com/mcmktresadmin/jfs/t1/297161/5/19988/852/6866404dF3fb5e31e/4b6fae26af76a2fa.png?width=48&height=48&_fs=852","ccCancelTrackData":{"paramJson":"{\"staid\":64,\"number\":237,\"contentId\":\"734612678\",\"extParams\":\"\",\"textType\":\"取消点赞\",\"contentType\":\"动态\",\"keyWord\":\"\"}","paid":"QH86","bid":"QH86|xqxxl_contentInteract_interact","spj":"{\"staid\":64,\"contentId\":\"734612678\",\"textType\":\"取消点赞\",\"contentType\":\"动态\"}","ctp":"jrTransUI_pageCommunityPersonal","cid":"xqxxl"},"laudOperate":0,"praiseInputData":{"authorPin":"jimu_user_info-3546208","typeId":"1","pageId":"734612678"},"title":{"textLikeColor":"#666666","text":"237","textColor":"#666666"},"trackDataCancel":{"paramJson":"{\"busid\":\"572\",\"contentid\":\"734612678\",\"skuid\":\"734612678\",\"staid\":\"64\",\"type\":\"动态\"}","bid":"OU3X_14248"},"praiseLottieUrl":"","trackData":{"paramJson":"{\"busid\":\"572\",\"contentid\":\"734612678\",\"skuid\":\"734612678\",\"staid\":\"64\",\"type\":\"动态\"}","bid":"OU3X_14247"},"imgUrlCancel":"https://kjimg10.360buyimg.com/mcmktresadmin/jfs/t1/316222/21/13689/874/68663f8eF3ce39632/bd7347701af6d76c.png?width=48&height=48&_fs=874"}},"harmonyVersion":"","browseCount":"0浏览","itemFeature":{},"trackData":{"paramJson":"{\"busid\":\"572\",\"circleid\":\"null\",\"contentLines\":3,\"contentid\":\"734612678\",\"pluginType\":2,\"skuid\":\"734612678\",\"staid\":\"64\",\"styleAbtid\":\"Atest\",\"templateStyle\":0,\"type\":\"动态\",\"userStatus\":\"\"}","bid":"OU3X_14246","ctp":"jrTransUI_pageCommunityPersonal"},"userExtendInfo":{},"androidVersion":"","pitNum":"","padVersion":"","jumpData":{"jumpType":"7","jumpUrl":"https://roma.jd.com/content/dynamic-detail?contentId=734612678&channelType=&channelfrom=grouppc"},"busOrgCode":"","com_ins":{"fontStyle":3}} @ https://roma.jd.com/content/personal/js/vendor_7e196fbd5e.js:46
[  372182ms] [LOG] 加载时机:子页面 网络数据 加载成功  @ https://roma.jd.com/content/personal/js/main_337cd883f7.js:0
[  372186ms] [WARNING] startExposure in web not supported @ https://roma.jd.com/content/personal/js/vendor_7e196fbd5e.js:0
[  372283ms] [WARNING] setLegoData: data.resultList not an non-empty array ==> [] @ https://roma.jd.com/content/personal/js/vendor_7e196fbd5e.js:0
[  372411ms] [ERROR] 【lottie】必须指定动画的json数据源 @ https://roma.jd.com/content/personal/js/vendor_7e196fbd5e.js:46
[  372413ms] [ERROR] 【lottie】必须指定动画的json数据源 @ https://roma.jd.com/content/personal/js/vendor_7e196fbd5e.js:46
[  372414ms] [ERROR] 【lottie】必须指定动画的json数据源 @ https://roma.jd.com/content/personal/js/vendor_7e196fbd5e.js:46
[  372415ms] [ERROR] 【lottie】必须指定动画的json数据源 @ https://roma.jd.com/content/personal/js/vendor_7e196fbd5e.js:46
[  372416ms] [ERROR] 【lottie】必须指定动画的json数据源 @ https://roma.jd.com/content/personal/js/vendor_7e196fbd5e.js:46
[  372416ms] [ERROR] 【lottie】必须指定动画的json数据源 @ https://roma.jd.com/content/personal/js/vendor_7e196fbd5e.js:46
[  372417ms] [ERROR] 【lottie】必须指定动画的json数据源 @ https://roma.jd.com/content/personal/js/vendor_7e196fbd5e.js:46
[  372417ms] [ERROR] 【lottie】必须指定动画的json数据源 @ https://roma.jd.com/content/personal/js/vendor_7e196fbd5e.js:46
[  372418ms] [ERROR] 【lottie】必须指定动画的json数据源 @ https://roma.jd.com/content/personal/js/vendor_7e196fbd5e.js:46
[  372419ms] [ERROR] 【lottie】必须指定动画的json数据源 @ https://roma.jd.com/content/personal/js/vendor_7e196fbd5e.js:46
[  374555ms] [WARNING] The resource https://bps.jd.com/js/ts.js was preloaded using link preload but not used within a few seconds from the window's load event. Please make sure it has an appropriate `as` value and it is preloaded intentionally. @ https://content.jr.jd.com/jrq/#/grouppc?id=2689640&channelfrom=pc&pcSource=newTabJrq&supportDarkMode=light&componentVersions=1&t=29731153:0
[  374555ms] [WARNING] The resource https://gias.jd.com/js/m.js was preloaded using link preload but not used within a few seconds from the window's load event. Please make sure it has an appropriate `as` value and it is preloaded intentionally. @ https://content.jr.jd.com/jrq/#/grouppc?id=2689640&channelfrom=pc&pcSource=newTabJrq&supportDarkMode=light&componentVersions=1&t=29731153:0
[  704865ms] [WARNING] The resource https://bps.jd.com/js/ts.js was preloaded using link preload but not used within a few seconds from the window's load event. Please make sure it has an appropriate `as` value and it is preloaded intentionally. @ https://content.jr.jd.com/jrq/#/grouppc?id=2689640&channelfrom=pc&pcSource=newTabJrq&supportDarkMode=light&componentVersions=1&t=29731153:0
[  704866ms] [WARNING] The resource https://gias.jd.com/js/m.js was preloaded using link preload but not used within a few seconds from the window's load event. Please make sure it has an appropriate `as` value and it is preloaded intentionally. @ https://content.jr.jd.com/jrq/#/grouppc?id=2689640&channelfrom=pc&pcSource=newTabJrq&supportDarkMode=light&componentVersions=1&t=29731153:0
