[    4151ms] [VERBOSE] [DOM] Password field is not contained in a form: (More info: https://www.chromium.org/developers/design-documents/create-amazing-password-forms) %o @ https://plogin.m.jd.com/login/login?appid=300&returnurl=https%3A%2F%2Fm.jr.jd.com%2F:0
[   31989ms] [LOG] aegisUid: a9037f000001453b-ae1973cf89ad7d89-5345 @ https://xui.ptlogin2.qq.com/cgi-bin/xlogin?appid=716027609&daid=383&style=33&login_text=%E7%99%BB%E5%BD%95&hide_title_bar=1&hide_border=1&target=self&s_url=https%3A%2F%2Fgraph.qq.com%2Foauth2.0%2Flogin_jump&pt_3rd_aid=100273020&pt_feedback_link=https%3A%2F%2Fsupport.qq.com%2Fproducts%2F77942%3FcustomInfo%3Dwww.360buy.com.appid100273020&theme=2&verify_theme=:127
[   31989ms] [LOG] aegisOptions: {id: RiaWqsnT3403yXTgVY, delay: 100, uin: a9037f000001453b-ae1973cf89ad7d89-5345, version: b515fdc3, offlineLog: true} @ https://xui.ptlogin2.qq.com/cgi-bin/xlogin?appid=716027609&daid=383&style=33&login_text=%E7%99%BB%E5%BD%95&hide_title_bar=1&hide_border=1&target=self&s_url=https%3A%2F%2Fgraph.qq.com%2Foauth2.0%2Flogin_jump&pt_3rd_aid=100273020&pt_feedback_link=https%3A%2F%2Fsupport.qq.com%2Fproducts%2F77942%3FcustomInfo%3Dwww.360buy.com.appid100273020&theme=2&verify_theme=:149
[   32054ms] [LOG] load event bind at 1783699921793 @ https://xui.ptlogin2.qq.com/cgi-bin/xlogin?appid=716027609&daid=383&style=33&login_text=%E7%99%BB%E5%BD%95&hide_title_bar=1&hide_border=1&target=self&s_url=https%3A%2F%2Fgraph.qq.com%2Foauth2.0%2Flogin_jump&pt_3rd_aid=100273020&pt_feedback_link=https%3A%2F%2Fsupport.qq.com%2Fproducts%2F77942%3FcustomInfo%3Dwww.360buy.com.appid100273020&theme=2&verify_theme=:506
[   32092ms] [VERBOSE] [DOM] Input elements should have autocomplete attributes (suggested: "current-password"): (More info: https://www.chromium.org/developers/design-documents/create-amazing-password-forms) %o @ https://xui.ptlogin2.qq.com/cgi-bin/xlogin?appid=716027609&daid=383&style=33&login_text=%E7%99%BB%E5%BD%95&hide_title_bar=1&hide_border=1&target=self&s_url=https%3A%2F%2Fgraph.qq.com%2Foauth2.0%2Flogin_jump&pt_3rd_aid=100273020&pt_feedback_link=https%3A%2F%2Fsupport.qq.com%2Fproducts%2F77942%3FcustomInfo%3Dwww.360buy.com.appid100273020&theme=2&verify_theme=:0
[   32174ms] [LOG] 2026-07-11 00:12:01 913 [1783699921910][ INFO ] qloginInited @ https://qq-web.cdn-go.cn/monorepo/b515fdc3/ptlogin/js/c_login_2.js:0
[   32177ms] [LOG] 2026-07-11 00:12:01 916 [1783699921910][ INFO ] plogin.init() start @ https://qq-web.cdn-go.cn/monorepo/b515fdc3/ptlogin/js/c_login_2.js:0
[   32185ms] [LOG] 2026-07-11 00:12:01 924 [1783699921910][ INFO ] before buildQloginDom, list=[{"loginType":3}] @ https://qq-web.cdn-go.cn/monorepo/b515fdc3/ptlogin/js/c_login_2.js:0
[   32186ms] [LOG] 2026-07-11 00:12:01 925 [1783699921910][ INFO ] plogin.init() before getDeviceId @ https://qq-web.cdn-go.cn/monorepo/b515fdc3/ptlogin/js/c_login_2.js:0
[   32202ms] [ERROR] Failed to load resource: net::ERR_ADDRESS_UNREACHABLE @ https://localhost.sec.qq.com:9410/?cmd=101&service=1&action=undefined&timeout=5000&_tk=0.9586984358275363&encrypt=0&_ts=1783699921921&callback=pt_qqprotect_version&wparam=&lparam=&session=:0
[   32476ms] [ERROR] Failed to load resource: net::ERR_ADDRESS_UNREACHABLE @ https://localhost.sec.qq.com:16873/?cmd=101&service=1&action=undefined&timeout=5000&_tk=0.9586984358275363&encrypt=0&_ts=1783699921921&callback=pt_qqprotect_version&wparam=&lparam=&session=:0
[   32495ms] [LOG] 2026-07-11 00:12:02 235 [1783699921910][ INFO ] plogin.init() after getDeviceId @ https://qq-web.cdn-go.cn/monorepo/b515fdc3/ptlogin/js/c_login_2.js:0
[   32590ms] [LOG] 2026-07-11 00:12:02 330 [1783699921910][ INFO ] 尝试完所有端口，都失败了 url=https://localhost.sec.qq.com:[port]/?cmd=101&service=1&action=undefined&timeout=5000&_tk=0.9586984358275363&encrypt=0&_ts=1783699921921&callback=pt_qqprotect_version&wparam=&lparam=&session= ports= [9410, 16873] @ https://qq-web.cdn-go.cn/monorepo/b515fdc3/ptlogin/js/c_login_2.js:0
[   32604ms] [LOG] 2026-07-11 00:12:02 343 [1783699921910][ INFO ] dom load @ https://qq-web.cdn-go.cn/monorepo/b515fdc3/ptlogin/js/c_login_2.js:0
[   32607ms] [LOG] 2026-07-11 00:12:02 346 [1783699921910][ INFO ] plogin.switchpage() flag=2 force=undefined @ https://qq-web.cdn-go.cn/monorepo/b515fdc3/ptlogin/js/c_login_2.js:0
[   32618ms] [LOG] 2026-07-11 00:12:02 357 [1783699921910][ INFO ] plogin.init() domLoaded, pt.ptui={"s_url":"https://graph.qq.com/oauth2.0/login_jump","proxy_url":"","jumpname":"","mibao_css":"","defaultUin":"","lockuin":0,"href":"https://xui.ptlogin2.qq.com/cgi-bin/xlogin?appid=716027609&daid=383&style=33&login_text=%E7%99%BB%E5%BD%95&hide_title_bar=1&hide_border=1&target=self&s_url=https%3A%2F%2Fgraph.qq.com%2Foauth2.0%2Flogin_jump&pt_3rd_aid=100273020&pt_feedback_link=https%3A%2F%2Fsupport.qq.com%2Fproducts%2F77942%3FcustomInfo%3Dwww.360buy.com.appid100273020&theme=2&verify_theme=","login_sig":"MeA78QGvIvReHs1z-tFeK*GllxzmisXhQM4XYQkzvIKQWb3vcR8I29kneHtKVnh7","clientip":"","serverip":"","version":"202603041513","ptui_version":"26030415","isHttps":true,"cssPath":"https://ui.ptlogin2.qq.com/style.ssl/40","domain":"qq.com","fromStyle":null,"pt_3rd_aid":"100273020","appid":"716027609","lang":"2052","style":"40","low_login":"0","daid":"383","regmaster":"","enable_qlogin":"1","noAuth":"0","target":0,"csimc":"0","csnum":"0","authid":"0","auth_mode":"0","pt_qzone_sig":"0","pt_light":"0","pt_vcode_v1":"1","pt_ver_md5":"000D64FF6AF2E4247B21E209EB22A1DBCF002087B988CCCCD4B51233","gzipEnable":"1"} @ https://qq-web.cdn-go.cn/monorepo/b515fdc3/ptlogin/js/c_login_2.js:0
[   32622ms] [LOG] 2026-07-11 00:12:02 361 [1783699921910][ INFO ] start qrlogin, uIndex==0 @ https://qq-web.cdn-go.cn/monorepo/b515fdc3/ptlogin/js/c_login_2.js:0
[   32622ms] [LOG] 2026-07-11 00:12:02 362 [1783699921910][ INFO ] 隐藏QRCode不可用的遮罩 @ https://qq-web.cdn-go.cn/monorepo/b515fdc3/ptlogin/js/c_login_2.js:0
[   32623ms] [LOG] 2026-07-11 00:12:02 362 [1783699921910][ INFO ] 开始拉取二维码 timer=43 @ https://qq-web.cdn-go.cn/monorepo/b515fdc3/ptlogin/js/c_login_2.js:0
[   32778ms] [LOG] 2026-07-11 00:12:02 518 [1783699921910][ INFO ] isContain: true @ https://qq-web.cdn-go.cn/monorepo/b515fdc3/ptlogin/js/c_login_2.js:0
[   32779ms] [LOG] 2026-07-11 00:12:02 518 [1783699921910][ INFO ] 拉取二维码成功 @ https://qq-web.cdn-go.cn/monorepo/b515fdc3/ptlogin/js/c_login_2.js:0
[   32787ms] [LOG] 2026-07-11 00:12:02 527 [1783699921910][ INFO ] 尝试完所有端口，都失败了 url=https://localhost.ptlogin2.qq.com:[port]/pc_querystatus?callback=ptui_pc_querystatus_CB&appid=ptlogin&subappid=100273020&r=0.030030128777904896&pt_local_tk=817438061&pt_aid=716027609&daid=383&pt_3rd_aid=100273020&u1=https%3A%2F%2Fgraph.qq.com%2Foauth2.0%2Flogin_jump ports= [4301, 4303, 4305, 4307, 4309] @ https://qq-web.cdn-go.cn/monorepo/b515fdc3/ptlogin/js/c_login_2.js:0
[   32791ms] [ERROR] Failed to load resource: net::ERR_ADDRESS_UNREACHABLE @ https://localhost.sec.qq.com:9410/?cmd=101&service=104&action=3&timeout=5000&_tk=0.9586984358275363&encrypt=0&_ts=1783699922526&callback=ptui_qqprotect_querystatus_CB&wparam=%7B%22appid%22%3A%22ptlogin%22%2C%22subappid%22%3A%22100273020%22%2C%22qqnum%22%3A%22123456%22%2C%22msgid%22%3A1%7D&lparam=&session=:0
[   32925ms] [LOG] qrlogin_key= AW*1wnY7doHsltA0O8IZi2Pv0LWa*GVG @ https://qq-web.cdn-go.cn/monorepo/b515fdc3/ptlogin/js/c_login_2.js:0
[   32991ms] [ERROR] Failed to load resource: net::ERR_ADDRESS_UNREACHABLE @ https://localhost.sec.qq.com:16873/?cmd=101&service=104&action=3&timeout=5000&_tk=0.9586984358275363&encrypt=0&_ts=1783699922526&callback=ptui_qqprotect_querystatus_CB&wparam=%7B%22appid%22%3A%22ptlogin%22%2C%22subappid%22%3A%22100273020%22%2C%22qqnum%22%3A%22123456%22%2C%22msgid%22%3A1%7D&lparam=&session=:0
[   33190ms] [LOG] 2026-07-11 00:12:02 929 [1783699921910][ INFO ] 尝试完所有端口，都失败了 url=https://localhost.sec.qq.com:[port]/?cmd=101&service=104&action=3&timeout=5000&_tk=0.9586984358275363&encrypt=0&_ts=1783699922526&callback=ptui_qqprotect_querystatus_CB&wparam=%7B%22appid%22%3A%22ptlogin%22%2C%22subappid%22%3A%22100273020%22%2C%22qqnum%22%3A%22123456%22%2C%22msgid%22%3A1%7D&lparam=&session= ports= [9410, 16873] @ https://qq-web.cdn-go.cn/monorepo/b515fdc3/ptlogin/js/c_login_2.js:0
[   33685ms] [LOG] 2026-07-11 00:12:03 425 [1783699921910][ INFO ] 尝试完所有端口，都失败了 url=https://localhost.ptlogin2.qq.com:[port]/pt_get_uins?callback=ptui_getuins_CB&r=0.946330890677705&pt_local_tk=817438061&pt_aid=716027609&daid=383&pt_3rd_aid=100273020&u1=https%3A%2F%2Fgraph.qq.com%2Foauth2.0%2Flogin_jump ports= [4301, 4303, 4305, 4307, 4309] @ https://qq-web.cdn-go.cn/monorepo/b515fdc3/ptlogin/js/c_login_2.js:0
[   34249ms] [ERROR] Failed to load resource: net::ERR_CONNECTION_REFUSED @ https://localhost.ptlogin2.qq.com:4301/pc_querystatus?callback=ptui_pc_querystatus_CB&appid=ptlogin&subappid=100273020&r=0.030030128777904896&pt_local_tk=817438061&pt_aid=716027609&daid=383&pt_3rd_aid=100273020&u1=https%3A%2F%2Fgraph.qq.com%2Foauth2.0%2Flogin_jump:0
[   34249ms] [ERROR] Failed to load resource: net::ERR_CONNECTION_REFUSED @ https://localhost.ptlogin2.qq.com:4301/pt_get_uins?callback=ptui_getuins_CB&r=0.946330890677705&pt_local_tk=817438061&pt_aid=716027609&daid=383&pt_3rd_aid=100273020&u1=https%3A%2F%2Fgraph.qq.com%2Foauth2.0%2Flogin_jump:0
[   34448ms] [ERROR] Failed to load resource: net::ERR_CONNECTION_REFUSED @ https://localhost.ptlogin2.qq.com:4303/pc_querystatus?callback=ptui_pc_querystatus_CB&appid=ptlogin&subappid=100273020&r=0.030030128777904896&pt_local_tk=817438061&pt_aid=716027609&daid=383&pt_3rd_aid=100273020&u1=https%3A%2F%2Fgraph.qq.com%2Foauth2.0%2Flogin_jump:0
[   34543ms] [ERROR] Failed to load resource: net::ERR_CONNECTION_REFUSED @ https://localhost.ptlogin2.qq.com:4303/pt_get_uins?callback=ptui_getuins_CB&r=0.946330890677705&pt_local_tk=817438061&pt_aid=716027609&daid=383&pt_3rd_aid=100273020&u1=https%3A%2F%2Fgraph.qq.com%2Foauth2.0%2Flogin_jump:0
[   34554ms] [ERROR] Failed to load resource: net::ERR_CONNECTION_REFUSED @ https://localhost.ptlogin2.qq.com:4305/pc_querystatus?callback=ptui_pc_querystatus_CB&appid=ptlogin&subappid=100273020&r=0.030030128777904896&pt_local_tk=817438061&pt_aid=716027609&daid=383&pt_3rd_aid=100273020&u1=https%3A%2F%2Fgraph.qq.com%2Foauth2.0%2Flogin_jump:0
[   34651ms] [ERROR] Failed to load resource: net::ERR_CONNECTION_REFUSED @ https://localhost.ptlogin2.qq.com:4307/pc_querystatus?callback=ptui_pc_querystatus_CB&appid=ptlogin&subappid=100273020&r=0.030030128777904896&pt_local_tk=817438061&pt_aid=716027609&daid=383&pt_3rd_aid=100273020&u1=https%3A%2F%2Fgraph.qq.com%2Foauth2.0%2Flogin_jump:0
[   34772ms] [ERROR] Failed to load resource: net::ERR_CONNECTION_REFUSED @ https://localhost.ptlogin2.qq.com:4309/pc_querystatus?callback=ptui_pc_querystatus_CB&appid=ptlogin&subappid=100273020&r=0.030030128777904896&pt_local_tk=817438061&pt_aid=716027609&daid=383&pt_3rd_aid=100273020&u1=https%3A%2F%2Fgraph.qq.com%2Foauth2.0%2Flogin_jump:0
[   34803ms] [ERROR] Failed to load resource: net::ERR_CONNECTION_REFUSED @ https://localhost.ptlogin2.qq.com:4305/pt_get_uins?callback=ptui_getuins_CB&r=0.946330890677705&pt_local_tk=817438061&pt_aid=716027609&daid=383&pt_3rd_aid=100273020&u1=https%3A%2F%2Fgraph.qq.com%2Foauth2.0%2Flogin_jump:0
[   34912ms] [ERROR] Failed to load resource: net::ERR_CONNECTION_REFUSED @ https://localhost.ptlogin2.qq.com:4307/pt_get_uins?callback=ptui_getuins_CB&r=0.946330890677705&pt_local_tk=817438061&pt_aid=716027609&daid=383&pt_3rd_aid=100273020&u1=https%3A%2F%2Fgraph.qq.com%2Foauth2.0%2Flogin_jump:0
[   35034ms] [ERROR] Failed to load resource: net::ERR_CONNECTION_REFUSED @ https://localhost.ptlogin2.qq.com:4309/pt_get_uins?callback=ptui_getuins_CB&r=0.946330890677705&pt_local_tk=817438061&pt_aid=716027609&daid=383&pt_3rd_aid=100273020&u1=https%3A%2F%2Fgraph.qq.com%2Foauth2.0%2Flogin_jump:0
[   35036ms] [LOG] load event end at 1783699924775 @ https://xui.ptlogin2.qq.com/cgi-bin/xlogin?appid=716027609&daid=383&style=33&login_text=%E7%99%BB%E5%BD%95&hide_title_bar=1&hide_border=1&target=self&s_url=https%3A%2F%2Fgraph.qq.com%2Foauth2.0%2Flogin_jump&pt_3rd_aid=100273020&pt_feedback_link=https%3A%2F%2Fsupport.qq.com%2Fproducts%2F77942%3FcustomInfo%3Dwww.360buy.com.appid100273020&theme=2&verify_theme=:509
[   35036ms] [LOG] 2026-07-11 00:12:04 775 [1783699921910][ INFO ] dom load @ https://qq-web.cdn-go.cn/monorepo/b515fdc3/ptlogin/js/c_login_2.js:0
[   36508ms] [LOG] 2026-07-11 00:12:06 248 [1783699921910][ INFO ] plogin.switchpage() flag=1 force=undefined @ https://qq-web.cdn-go.cn/monorepo/b515fdc3/ptlogin/js/c_login_2.js:0
[   43628ms] [LOG] 2026-07-11 00:12:13 368 [1783699921910][ INFO ] start to req check api @ https://qq-web.cdn-go.cn/monorepo/b515fdc3/ptlogin/js/c_login_2.js:0
[   43629ms] [LOG] 2026-07-11 00:12:13 368 [1783699921910][ INFO ] checking, holding @ https://qq-web.cdn-go.cn/monorepo/b515fdc3/ptlogin/js/c_login_2.js:0
[   43762ms] [LOG] 2026-07-11 00:12:13 501 [1783699921910][ INFO ] need to showVC @ https://qq-web.cdn-go.cn/monorepo/b515fdc3/ptlogin/js/c_login_2.js:0
[   45860ms] [LOG] 2026-07-11 00:12:15 600 [1783699921910][ INFO ] 批量上报cls @ https://qq-web.cdn-go.cn/monorepo/b515fdc3/ptlogin/js/c_login_2.js:0
[   48536ms] [LOG] 2026-07-11 00:12:18 276 [1783699921910][ INFO ] $login_btn.onClick() showVC @ https://qq-web.cdn-go.cn/monorepo/b515fdc3/ptlogin/js/c_login_2.js:0
[   55722ms] [LOG] 2026-07-11 00:12:25 462 [1783699921910][ INFO ] vcodeMessage set verifycode to @nBp @ https://qq-web.cdn-go.cn/monorepo/b515fdc3/ptlogin/js/c_login_2.js:0
[   55726ms] [LOG] 2026-07-11 00:12:25 465 [1783699921910][ INFO ] getSubmitUrl setParams verifycode @nBp @ https://qq-web.cdn-go.cn/monorepo/b515fdc3/ptlogin/js/c_login_2.js:0
[   55740ms] [LOG] 2026-07-11 00:12:25 480 [1783699921910][ INFO ] start to req login api, loginuin=2736074484 @ https://qq-web.cdn-go.cn/monorepo/b515fdc3/ptlogin/js/c_login_2.js:0
[   55874ms] [LOG] 2026-07-11 00:12:25 614 [1783699921910][ INFO ] start to req check api @ https://qq-web.cdn-go.cn/monorepo/b515fdc3/ptlogin/js/c_login_2.js:0
[   56007ms] [LOG] 2026-07-11 00:12:25 747 [1783699921910][ INFO ] need to showVC @ https://qq-web.cdn-go.cn/monorepo/b515fdc3/ptlogin/js/c_login_2.js:0
[   58145ms] [LOG] 2026-07-11 00:12:27 885 [1783699921910][ INFO ] need not to check, plogin.account=2736074484 plogin.lastCheckAccount=2736074484 @ https://qq-web.cdn-go.cn/monorepo/b515fdc3/ptlogin/js/c_login_2.js:0
[   66771ms] [VERBOSE] [DOM] Password field is not contained in a form: (More info: https://www.chromium.org/developers/design-documents/create-amazing-password-forms) %o @ https://plogin.m.jd.com/login/login?appid=300&returnurl=https%3A%2F%2Fm.jr.jd.com%2F:0
