[     291ms] [WARNING] A parser-blocking, cross site (i.e. different eTLD+1) script, https://storage.360buyimg.com/jssss/jdjr-pc-app/script/h5-adapter-parent.js?t=5943298, is invoked via document.write. The network request for this script MAY be blocked by the browser in this or a future page load due to poor network connectivity. If blocked in this page load, it will be confirmed in a subsequent console message. See https://www.chromestatus.com/feature/5718547946799104 for more details. @ https://jdjr.jd.com/:23
[     292ms] [WARNING] A parser-blocking, cross site (i.e. different eTLD+1) script, https://storage.360buyimg.com/jssss/jdjr-pc-app/script/h5-adapter-parent.js?t=5943298, is invoked via document.write. The network request for this script MAY be blocked by the browser in this or a future page load due to poor network connectivity. If blocked in this page load, it will be confirmed in a subsequent console message. See https://www.chromestatus.com/feature/5718547946799104 for more details. @ https://jdjr.jd.com/:23
[     387ms] [ERROR] Document policy violation: js-profiling is not allowed in this document. @ https://sgm-static.jd.com/sgm-web-4.1.3.js:0
[     607ms] [WARNING] isVersionSupported: 无法获取当前版本号 @ https://jdjr.jd.com/release/goldpc2/js/Index.bfdd9f06.js:0
[     613ms] [LOG] Vue app is being created @ https://jdjr.jd.com/release/goldpc2/js/Index.bfdd9f06.js:0
[     613ms] [LOG] %c========== 屏幕适配信息 ========== color: #ff4144; font-size: 16px; font-weight: bold; @ https://jdjr.jd.com/release/goldpc2/js/Index.bfdd9f06.js:0
[     613ms] [TABLE] {CSS宽度 (逻辑像素): 1249px, CSS高度 (逻辑像素): 1221px, 屏幕宽度: 2560px, 屏幕高度: 1440px, 可用宽度: 2560px, 可用高度: 1392px, 设备像素比 (DPR): 1, 物理宽度 (估算): 1249px, 物理高度 (估算): 1221px} @ https://jdjr.jd.com/release/goldpc2/js/Index.bfdd9f06.js:0
[     613ms] [LOG] %c📏 当前屏幕类型: 超小屏（<1280px） color: #1db270; font-size: 14px; font-weight: bold; @ https://jdjr.jd.com/release/goldpc2/js/Index.bfdd9f06.js:0
[     613ms] [LOG] %c💡 适配设计稿使用: CSS像素（逻辑像素）= 1249px color: #1890ff; font-size: 14px; @ https://jdjr.jd.com/release/goldpc2/js/Index.bfdd9f06.js:0
[     613ms] [LOG] %c⚠️  物理像素仅供参考，不用于适配 color: #faad14; font-size: 12px; @ https://jdjr.jd.com/release/goldpc2/js/Index.bfdd9f06.js:0
[     614ms] [LOG] ==================================
 @ https://jdjr.jd.com/release/goldpc2/js/Index.bfdd9f06.js:0
[     619ms] [LOG] 分发渠道已初始化: 未知 @ https://jdjr.jd.com/release/goldpc2/js/Index.bfdd9f06.js:0
[     619ms] [LOG] Vue app is being created @ https://jdjr.jd.com/release/goldpc2/js/Index.bfdd9f06.js:0
[     656ms] [LOG] unLogin changed: true @ https://jdjr.jd.com/release/goldpc2/js/854.4090d9de.js:7
[     657ms] [WARNING] isVersionSupported: 无法获取当前版本号 @ https://jdjr.jd.com/release/goldpc2/js/Index.bfdd9f06.js:0
[     668ms] [WARNING] isVersionSupported: 无法获取当前版本号 @ https://jdjr.jd.com/release/goldpc2/js/Index.bfdd9f06.js:0
[     669ms] [LOG] [HomeDarkMode] 系统主题监听器已初始化 @ https://jdjr.jd.com/release/goldpc2/js/854.4090d9de.js:7
[     756ms] [LOG] Titlebar 已移动到 document.documentElement 下，避免受 body transform 影响 @ https://jdjr.jd.com/static/titlebar.js:207
[     756ms] [LOG] Titlebar 显示条件检查: {isApp: false, versionSupported: false, isOldHomePage: false, shouldShow: false} @ https://jdjr.jd.com/static/titlebar.js:65
[     759ms] [LOG] Titlebar 已隐藏（不满足显示条件） @ https://jdjr.jd.com/static/titlebar.js:253
[     760ms] [LOG] Titlebar 显示条件检查: {isApp: false, versionSupported: false, isOldHomePage: false, shouldShow: false} @ https://jdjr.jd.com/static/titlebar.js:65
[     811ms] [LOG] generateClientId : BYnQmPaDTf2S7BhfdptrwDTxT28QGdk7 @ https://jdjr.jd.com/release/goldpc2/js/Index.bfdd9f06.js:0
[     835ms] [LOG] =========homePageHeadInfo========= {msg: 成功, fail: true, code: 0, data: Object, success: false} @ https://jdjr.jd.com/release/goldpc2/js/854.4090d9de.js:7
[     835ms] [LOG] unLogin changed: false @ https://jdjr.jd.com/release/goldpc2/js/854.4090d9de.js:7
[     836ms] [LOG] 用户已登录，种cookie @ https://jdjr.jd.com/release/goldpc2/js/854.4090d9de.js:7
[     846ms] [WARNING] isVersionSupported: 无法获取当前版本号 @ https://jdjr.jd.com/release/goldpc2/js/Index.bfdd9f06.js:0
[     847ms] [WARNING] isVersionSupported: 无法获取当前版本号 @ https://jdjr.jd.com/release/goldpc2/js/Index.bfdd9f06.js:0
[     848ms] [WARNING] isVersionSupported: 无法获取当前版本号 @ https://jdjr.jd.com/release/goldpc2/js/Index.bfdd9f06.js:0
[     851ms] [WARNING] Mixed Content: The page at 'https://jdjr.jd.com/' was loaded over HTTPS, but requested an insecure element 'http://storage.360buyimg.com/default.image/6a645f6465665f696d675f393836323131373632333134353935323236_big.jpg'. This request was automatically upgraded to HTTPS, For more information see https://blog.chromium.org/2019/10/no-more-mixed-messages-about-https.html @ https://jdjr.jd.com/:0
[     876ms] [WARNING] isVersionSupported: 无法获取当前版本号 @ https://jdjr.jd.com/release/goldpc2/js/Index.bfdd9f06.js:0
[     876ms] [WARNING] isVersionSupported: 无法获取当前版本号 @ https://jdjr.jd.com/release/goldpc2/js/Index.bfdd9f06.js:0
[     877ms] [WARNING] isVersionSupported: 无法获取当前版本号 @ https://jdjr.jd.com/release/goldpc2/js/Index.bfdd9f06.js:0
[     880ms] [WARNING] [H5Adapter] 页面上没有找到 iframe，主题切换未执行 @ https://storage.360buyimg.com/jssss/jdjr-pc-app/script/h5-adapter-parent.js?t=5943298:2646
[     881ms] [WARNING] [H5Adapter] 页面上没有找到 iframe，主题切换未执行 @ https://storage.360buyimg.com/jssss/jdjr-pc-app/script/h5-adapter-parent.js?t=5943298:2646
[     881ms] [WARNING] isVersionSupported: 无法获取当前版本号 @ https://jdjr.jd.com/release/goldpc2/js/Index.bfdd9f06.js:0
[     883ms] [WARNING] isVersionSupported: 无法获取当前版本号 @ https://jdjr.jd.com/release/goldpc2/js/Index.bfdd9f06.js:0
[     883ms] [WARNING] isVersionSupported: 无法获取当前版本号 @ https://jdjr.jd.com/release/goldpc2/js/Index.bfdd9f06.js:0
[     982ms] [WARNING] isVersionSupported: 无法获取当前版本号 @ https://jdjr.jd.com/release/goldpc2/js/Index.bfdd9f06.js:0
[     983ms] [WARNING] isVersionSupported: 无法获取当前版本号 @ https://jdjr.jd.com/release/goldpc2/js/Index.bfdd9f06.js:0
[     983ms] [WARNING] isVersionSupported: 无法获取当前版本号 @ https://jdjr.jd.com/release/goldpc2/js/Index.bfdd9f06.js:0
[    1044ms] [LOG] 点击指数: {indexCode: SH-000001, indexName: 上证指数, indexData: undefined, onlyPostMessage: true} @ https://jdjr.jd.com/release/goldpc2/js/145.236a4c44.js:0
[    1045ms] [LOG] 打开指数详情: {indexCode: SH-000001, indexName: 上证指数, indexData: undefined, onlyPostMessage: true} @ https://jdjr.jd.com/release/goldpc2/js/145.236a4c44.js:0
[    1045ms] [LOG] 当前已是指数详情页或仅发送消息，通过 postMessage 更新数据 @ https://jdjr.jd.com/release/goldpc2/js/145.236a4c44.js:0
[    1045ms] [LOG] [FundDetailPanel] iframe 未就绪，消息已缓存等待 READY @ https://jdjr.jd.com/release/goldpc2/js/145.236a4c44.js:0
[    1071ms] [LOG] 打开指数详情: {} @ https://jdjr.jd.com/release/goldpc2/js/145.236a4c44.js:0
[    1097ms] [WARNING] isVersionSupported: 无法获取当前版本号 @ https://jdjr.jd.com/release/goldpc2/js/Index.bfdd9f06.js:0
[    1097ms] [WARNING] isVersionSupported: 无法获取当前版本号 @ https://jdjr.jd.com/release/goldpc2/js/Index.bfdd9f06.js:0
[    1097ms] [WARNING] isVersionSupported: 无法获取当前版本号 @ https://jdjr.jd.com/release/goldpc2/js/Index.bfdd9f06.js:0
[    1097ms] [WARNING] isVersionSupported: 无法获取当前版本号 @ https://jdjr.jd.com/release/goldpc2/js/Index.bfdd9f06.js:0
[    1097ms] [WARNING] isVersionSupported: 无法获取当前版本号 @ https://jdjr.jd.com/release/goldpc2/js/Index.bfdd9f06.js:0
[    1097ms] [WARNING] isVersionSupported: 无法获取当前版本号 @ https://jdjr.jd.com/release/goldpc2/js/Index.bfdd9f06.js:0
[    1097ms] [WARNING] isVersionSupported: 无法获取当前版本号 @ https://jdjr.jd.com/release/goldpc2/js/Index.bfdd9f06.js:0
[    1098ms] [WARNING] isVersionSupported: 无法获取当前版本号 @ https://jdjr.jd.com/release/goldpc2/js/Index.bfdd9f06.js:0
[    1100ms] [WARNING] isVersionSupported: 无法获取当前版本号 @ https://jdjr.jd.com/release/goldpc2/js/Index.bfdd9f06.js:0
[    1100ms] [WARNING] isVersionSupported: 无法获取当前版本号 @ https://jdjr.jd.com/release/goldpc2/js/Index.bfdd9f06.js:0
[    1100ms] [WARNING] isVersionSupported: 无法获取当前版本号 @ https://jdjr.jd.com/release/goldpc2/js/Index.bfdd9f06.js:0
[    1100ms] [WARNING] isVersionSupported: 无法获取当前版本号 @ https://jdjr.jd.com/release/goldpc2/js/Index.bfdd9f06.js:0
[    1100ms] [WARNING] isVersionSupported: 无法获取当前版本号 @ https://jdjr.jd.com/release/goldpc2/js/Index.bfdd9f06.js:0
[    1100ms] [WARNING] isVersionSupported: 无法获取当前版本号 @ https://jdjr.jd.com/release/goldpc2/js/Index.bfdd9f06.js:0
[    1100ms] [WARNING] isVersionSupported: 无法获取当前版本号 @ https://jdjr.jd.com/release/goldpc2/js/Index.bfdd9f06.js:0
[    1101ms] [WARNING] isVersionSupported: 无法获取当前版本号 @ https://jdjr.jd.com/release/goldpc2/js/Index.bfdd9f06.js:0
[    1103ms] [WARNING] isVersionSupported: 无法获取当前版本号 @ https://jdjr.jd.com/release/goldpc2/js/Index.bfdd9f06.js:0
[    1103ms] [WARNING] isVersionSupported: 无法获取当前版本号 @ https://jdjr.jd.com/release/goldpc2/js/Index.bfdd9f06.js:0
[    1103ms] [WARNING] isVersionSupported: 无法获取当前版本号 @ https://jdjr.jd.com/release/goldpc2/js/Index.bfdd9f06.js:0
[    1103ms] [WARNING] isVersionSupported: 无法获取当前版本号 @ https://jdjr.jd.com/release/goldpc2/js/Index.bfdd9f06.js:0
[    1105ms] [LOG] 系统设置加载完成 {autoStart: false, keepRunning: true, isNew: true, mainWindow: Ctrl+Shift+Z, tray: Ctrl+Shift+D} @ https://jdjr.jd.com/release/goldpc2/js/854.4090d9de.js:7
[    1119ms] [LOG] --页面加载成功-- @ https://jdjr.jd.com/release/goldpc2/js/Index.bfdd9f06.js:0
[    1127ms] [LOG] 点击指数: {indexCode: SH-000001, indexName: 上证指数, indexData: Proxy(Object)} @ https://jdjr.jd.com/release/goldpc2/js/145.236a4c44.js:0
[    1128ms] [LOG] 打开指数详情: {indexCode: SH-000001, indexName: 上证指数, indexData: Proxy(Object)} @ https://jdjr.jd.com/release/goldpc2/js/145.236a4c44.js:0
[    1128ms] [LOG] 当前已是指数详情页或仅发送消息，通过 postMessage 更新数据 @ https://jdjr.jd.com/release/goldpc2/js/145.236a4c44.js:0
[    1128ms] [LOG] [FundDetailPanel] iframe 未就绪，消息已缓存等待 READY @ https://jdjr.jd.com/release/goldpc2/js/145.236a4c44.js:0
[    1365ms] [LOG] window.cryptico.setPublicKeyString @ https://jdjr.jd.com/release/goldpc2/js/chunk-vendors.f97314c6.js:34
[    1396ms] [LOG] iframe 栈初始化成功, 标题: 指数详情 , 显示导航栏: false , showPCfund:  @ https://jdjr.jd.com/release/goldpc2/js/145.236a4c44.js:0
[    1419ms] [LOG] 打开指数详情: https://show.jd.com/m/XJ1jgYewzanMvpa4/?pageKey=XJ1jgYewzanMvpa4 @ https://jdjr.jd.com/release/goldpc2/js/145.236a4c44.js:0
[    1442ms] [WARNING] <meta name="apple-mobile-web-app-capable" content="yes"> is deprecated. Please include <meta name="mobile-web-app-capable" content="yes"> @ https://jdjr.jd.com/:0
[    1655ms] [LOG] initConnect======= onSuccess {msg: 订阅成功} @ https://jdjr.jd.com/release/goldpc2/js/Index.bfdd9f06.js:0
[    1657ms] [LOG] [SGM] [info] pc_mqtt_connected — MQTT连接成功 @ https://jdjr.jd.com/release/goldpc2/js/Index.bfdd9f06.js:0
[    1667ms] [LOG] =========setCookies success========= @ https://jdjr.jd.com/release/goldpc2/js/854.4090d9de.js:7
[    1726ms] [LOG] [SGM] [info] pc_mqtt_msg_parsed — MQTT消息解析成功, topic=$login @ https://jdjr.jd.com/release/goldpc2/js/Index.bfdd9f06.js:0
[    1899ms] [LOG] %c[H5Adapter Child]%c 脚本已加载 color: #1890ff; font-weight: bold; color: inherit; 
- 版本: 0.1.1 
- 环境: 生产环境 (Production) 
- 渠道: grouppc 
- 构建时间: 2026/07/02 16:17:43 
- 当前页面: https://show.jd.com/m/XJ1jgYewzanMvpa4/?pageKey=XJ1jgYewzanMvpa4&_t=1782989776968&parentOrigin=https%3A%2F%2Fjdjr.jd.com&channelfrom=grouppc&ua=jdjr-app @ https://storage.360buyimg.com/jssss/jdjr-pc-app/script/h5-adapter-child.js:464
[    1917ms] [WARNING] [H5Adapter] 未找到可用的主题实例，且 AutoTheme 不可用。主题切换未执行。 @ https://storage.360buyimg.com/jssss/jdjr-pc-app/script/h5-adapter-child.js:1983
[    2707ms] [INFO] 未找到骨架屏配置，如果已经配置骨架屏，请关注最新的Api文档 @ https://show.jd.com/m/XJ1jgYewzanMvpa4/?pageKey=XJ1jgYewzanMvpa4&_t=1782989776968&parentOrigin=https%3A%2F%2Fjdjr.jd.com&channelfrom=grouppc&ua=jdjr-app:0
[    3006ms] [LOG] [FundDetailPanel] iframe READY，重发缓存消息: SH-000001 @ https://jdjr.jd.com/release/goldpc2/js/145.236a4c44.js:0
[    3500ms] [WARNING] Failed to execute 'postMessage' on 'DOMWindow': The target origin provided ('https://qidian.jd.com') does not match the recipient window's origin ('https://jdjr.jd.com'). @ https://qdsdk.jd.com/2.0.0/qd.js:6
[    3500ms] [WARNING] Failed to execute 'postMessage' on 'DOMWindow': The target origin provided ('https://minner.jr.jd.com') does not match the recipient window's origin ('https://jdjr.jd.com'). @ https://qdsdk.jd.com/2.0.0/qd.js:6
[    3651ms] [WARNING] Failed to execute 'postMessage' on 'DOMWindow': The target origin provided ('https://qidian.jd.com') does not match the recipient window's origin ('https://jdjr.jd.com'). @ https://qdsdk.jd.com/2.0.0/qd.js:6
[    3664ms] [WARNING] Failed to execute 'postMessage' on 'DOMWindow': The target origin provided ('https://minner.jr.jd.com') does not match the recipient window's origin ('https://jdjr.jd.com'). @ https://qdsdk.jd.com/2.0.0/qd.js:6
[    5093ms] [WARNING] A preload for 'https://gias.jd.com/js/m.js' is found, but is not used because the request credentials mode does not match. Consider taking a look at crossorigin attribute. @ https://content.jr.jd.com/jrq/#/grouppc?id=2689640&channelfrom=pc&pcSource=newTabJrq&supportDarkMode=light&componentVersions=1&t=29716491:0
[    5216ms] [LOG] 🚀 ~ created ~ this.$route: 0 @ https://content.jr.jd.com/jrq/js/app.a9c06fcf.js:0
[    5287ms] [LOG] %c[H5Adapter Child]%c 脚本已加载 color: #1890ff; font-weight: bold; color: inherit; 
- 版本: 0.1.1 
- 环境: 生产环境 (Production) 
- 渠道: pc 
- 构建时间: 2026/07/02 16:17:43 
- 当前页面: https://content.jr.jd.com/jrq/#/grouppc?id=2689640&channelfrom=pc&pcSource=newTabJrq&supportDarkMode=light&componentVersions=1&t=29716491 @ https://storage.360buyimg.com/jssss/jdjr-pc-app/script/h5-adapter-child.js:464
[    5579ms] [WARNING] [H5Adapter] 未找到可用的主题实例，且 AutoTheme 不可用。主题切换未执行。 @ https://storage.360buyimg.com/jssss/jdjr-pc-app/script/h5-adapter-child.js:1983
[    5602ms] [WARNING] A preload for 'https://bps.jd.com/js/ts.js' is found, but is not used because the request credentials mode does not match. Consider taking a look at crossorigin attribute. @ https://content.jr.jd.com/jrq/#/grouppc?id=2689640&channelfrom=pc&pcSource=newTabJrq&supportDarkMode=light&componentVersions=1&t=29716491:0
[    5832ms] [LOG] --------------> {templateType: undefined, templateInstanceKey: undefined, templateData: undefined, templateExtStyle: undefined, templateId: undefined} @ https://content.jr.jd.com/jrq/js/app.a9c06fcf.js:0
[    5845ms] [LOG] this.propData.templateData.userExtendInfo.livingStatus ====>  -1 @ https://content.jr.jd.com/jrq/js/app.a9c06fcf.js:0
[    5867ms] [LOG] --------------> {templateType: undefined, templateInstanceKey: undefined, templateData: undefined, templateExtStyle: undefined, templateId: undefined} @ https://content.jr.jd.com/jrq/js/app.a9c06fcf.js:0
[    5876ms] [LOG] this.propData.templateData.userExtendInfo.livingStatus ====>  -1 @ https://content.jr.jd.com/jrq/js/app.a9c06fcf.js:0
[    5882ms] [LOG] --------------> {templateType: undefined, templateInstanceKey: undefined, templateData: undefined, templateExtStyle: undefined, templateId: undefined} @ https://content.jr.jd.com/jrq/js/app.a9c06fcf.js:0
[    5892ms] [LOG] this.propData.templateData.userExtendInfo.livingStatus ====>  0 @ https://content.jr.jd.com/jrq/js/app.a9c06fcf.js:0
[    5907ms] [LOG] --------------> {templateType: undefined, templateInstanceKey: undefined, templateData: undefined, templateExtStyle: undefined, templateId: undefined} @ https://content.jr.jd.com/jrq/js/app.a9c06fcf.js:0
[    5916ms] [LOG] this.propData.templateData.userExtendInfo.livingStatus ====>  -1 @ https://content.jr.jd.com/jrq/js/app.a9c06fcf.js:0
[    5931ms] [LOG] --------------> {templateType: undefined, templateInstanceKey: undefined, templateData: undefined, templateExtStyle: undefined, templateId: undefined} @ https://content.jr.jd.com/jrq/js/app.a9c06fcf.js:0
[    5940ms] [LOG] this.propData.templateData.userExtendInfo.livingStatus ====>  -1 @ https://content.jr.jd.com/jrq/js/app.a9c06fcf.js:0
[    5962ms] [LOG] --------------> {templateType: undefined, templateInstanceKey: undefined, templateData: undefined, templateExtStyle: undefined, templateId: undefined} @ https://content.jr.jd.com/jrq/js/app.a9c06fcf.js:0
[    5970ms] [LOG] this.propData.templateData.userExtendInfo.livingStatus ====>  -1 @ https://content.jr.jd.com/jrq/js/app.a9c06fcf.js:0
[    5985ms] [LOG] --------------> {templateType: undefined, templateInstanceKey: undefined, templateData: undefined, templateExtStyle: undefined, templateId: undefined} @ https://content.jr.jd.com/jrq/js/app.a9c06fcf.js:0
[    5992ms] [LOG] this.propData.templateData.userExtendInfo.livingStatus ====>  -1 @ https://content.jr.jd.com/jrq/js/app.a9c06fcf.js:0
[    5998ms] [LOG] this.getTheme----- --->  light @ https://content.jr.jd.com/jrq/js/app.a9c06fcf.js:0
[    5998ms] [LOG] this.getTheme----- --->  light @ https://content.jr.jd.com/jrq/js/app.a9c06fcf.js:0
[    5999ms] [LOG] this.getTheme----- --->  light @ https://content.jr.jd.com/jrq/js/app.a9c06fcf.js:0
[    6000ms] [LOG] this.getTheme----- --->  light @ https://content.jr.jd.com/jrq/js/app.a9c06fcf.js:0
[    6000ms] [LOG] this.getTheme----- --->  light @ https://content.jr.jd.com/jrq/js/app.a9c06fcf.js:0
[    6001ms] [LOG] this.getTheme----- --->  light @ https://content.jr.jd.com/jrq/js/app.a9c06fcf.js:0
[    6001ms] [LOG] this.getTheme----- --->  light @ https://content.jr.jd.com/jrq/js/app.a9c06fcf.js:0
[    6252ms] [ERROR] Permissions policy violation: accelerometer is not allowed in this document. @ https://storage.360buyimg.com/jssss/jdjr-pc-app/script/h5-adapter-child.js:1556
[    6252ms] [WARNING] The deviceorientation events are blocked by permissions policy. See https://github.com/w3c/webappsec-permissions-policy/blob/master/features.md#sensor-features @ https://storage.360buyimg.com/jssss/jdjr-pc-app/script/h5-adapter-child.js:1556
[    6253ms] [ERROR] Permissions policy violation: accelerometer is not allowed in this document. @ https://storage.360buyimg.com/jssss/jdjr-pc-app/script/h5-adapter-child.js:1556
[    6253ms] [WARNING] The devicemotion events are blocked by permissions policy. See https://github.com/w3c/webappsec-permissions-policy/blob/master/features.md#sensor-features @ https://storage.360buyimg.com/jssss/jdjr-pc-app/script/h5-adapter-child.js:1556
[   12802ms] [WARNING] The resource https://bps.jd.com/js/ts.js was preloaded using link preload but not used within a few seconds from the window's load event. Please make sure it has an appropriate `as` value and it is preloaded intentionally. @ https://content.jr.jd.com/jrq/#/grouppc?id=2689640&channelfrom=pc&pcSource=newTabJrq&supportDarkMode=light&componentVersions=1&t=29716491:0
[   12803ms] [WARNING] The resource https://gias.jd.com/js/m.js was preloaded using link preload but not used within a few seconds from the window's load event. Please make sure it has an appropriate `as` value and it is preloaded intentionally. @ https://content.jr.jd.com/jrq/#/grouppc?id=2689640&channelfrom=pc&pcSource=newTabJrq&supportDarkMode=light&componentVersions=1&t=29716491:0
[   16943ms] [WARNING] The resource https://bps.jd.com/js/ts.js was preloaded using link preload but not used within a few seconds from the window's load event. Please make sure it has an appropriate `as` value and it is preloaded intentionally. @ https://content.jr.jd.com/jrq/#/grouppc?id=2689640&channelfrom=pc&pcSource=newTabJrq&supportDarkMode=light&componentVersions=1&t=29716491:0
[   16945ms] [WARNING] The resource https://gias.jd.com/js/m.js was preloaded using link preload but not used within a few seconds from the window's load event. Please make sure it has an appropriate `as` value and it is preloaded intentionally. @ https://content.jr.jd.com/jrq/#/grouppc?id=2689640&channelfrom=pc&pcSource=newTabJrq&supportDarkMode=light&componentVersions=1&t=29716491:0
[   25043ms] [WARNING] The resource https://bps.jd.com/js/ts.js was preloaded using link preload but not used within a few seconds from the window's load event. Please make sure it has an appropriate `as` value and it is preloaded intentionally. @ https://content.jr.jd.com/jrq/#/grouppc?id=2689640&channelfrom=pc&pcSource=newTabJrq&supportDarkMode=light&componentVersions=1&t=29716491:0
[   25043ms] [WARNING] The resource https://gias.jd.com/js/m.js was preloaded using link preload but not used within a few seconds from the window's load event. Please make sure it has an appropriate `as` value and it is preloaded intentionally. @ https://content.jr.jd.com/jrq/#/grouppc?id=2689640&channelfrom=pc&pcSource=newTabJrq&supportDarkMode=light&componentVersions=1&t=29716491:0
[   55052ms] [LOG] 点击基金: {fundCode: 011452, fundName: 华泰柏瑞质量成长混合C, fundUtmSource: 1295} @ https://jdjr.jd.com/release/goldpc2/js/145.236a4c44.js:0
[   55052ms] [LOG] 打开基金详情: {fundCode: 011452, fundName: 华泰柏瑞质量成长混合C, fundUtmSource: 1295} @ https://jdjr.jd.com/release/goldpc2/js/145.236a4c44.js:0
[   55096ms] [LOG] 销毁旧的 frameStack @ https://jdjr.jd.com/release/goldpc2/js/145.236a4c44.js:0
[   55214ms] [LOG] iframe 栈初始化成功, 标题:  , 显示导航栏: true , showPCfund:  @ https://jdjr.jd.com/release/goldpc2/js/145.236a4c44.js:0
[   55220ms] [LOG] 打开: https://dingpan.jd.com/finance/funddetail/home/?fundCode=011452&fundUtmSource=1295 @ https://jdjr.jd.com/release/goldpc2/js/145.236a4c44.js:0
[   55558ms] [LOG] [API Proxy] 代理脚本已注入 @ https://dingpan.jd.com/finance/funddetail/home/?fundCode=011452&fundUtmSource=1295&_t=1782989830785&parentOrigin=https%3A%2F%2Fjdjr.jd.com&channelfrom=grouppc&ua=jdjr-app:4
[   55559ms] [LOG] [API Proxy] 代理已启用，api.jdjygold.com 的 XHR 请求将被重定向到 /api-proxy @ https://dingpan.jd.com/finance/funddetail/home/?fundCode=011452&fundUtmSource=1295&_t=1782989830785&parentOrigin=https%3A%2F%2Fjdjr.jd.com&channelfrom=grouppc&ua=jdjr-app:21
[   55853ms] [LOG] %c[H5Adapter Child]%c 脚本已加载 color: #1890ff; font-weight: bold; color: inherit; 
- 版本: 0.1.1 
- 环境: 生产环境 (Production) 
- 渠道: grouppc 
- 构建时间: 2026/07/02 16:17:43 
- 当前页面: https://dingpan.jd.com/finance/funddetail/home/?fundCode=011452&fundUtmSource=1295&_t=1782989830785&parentOrigin=https%3A%2F%2Fjdjr.jd.com&channelfrom=grouppc&ua=jdjr-app @ https://storage.360buyimg.com/jssss/jdjr-pc-app/script/h5-adapter-child.js?t=1782989540:464
[   55884ms] [WARNING] [H5Adapter] 未找到可用的主题实例，且 AutoTheme 不可用。主题切换未执行。 @ https://storage.360buyimg.com/jssss/jdjr-pc-app/script/h5-adapter-child.js?t=1782989540:1983
[   56518ms] [WARNING] registerCode上报埋点失败，但不影响后续流程: {status: -101, msg: 不在京东app内} @ https://res.jr.jd.com/cf-local-jssdk/babelnode/jd-jssdk/4.7.8/jd-jssdk.js:2
[   56979ms] [LOG] 跳出率埋点验证 ~ T1｜T2:  jinketiyan_bounce|jinketiyan_d03b709e @ https://storage.360buyimg.com/jdpay-oss/jinke-tiyan/release/bounce/0.0.4/bounce.min.js:0
[   57139ms] [WARNING] Failed to execute 'postMessage' on 'DOMWindow': The target origin provided ('https://qidian.jd.com') does not match the recipient window's origin ('https://jdjr.jd.com'). @ https://qdsdk.jd.com/2.0.0/qd.js:6
[   57139ms] [WARNING] Failed to execute 'postMessage' on 'DOMWindow': The target origin provided ('https://minner.jr.jd.com') does not match the recipient window's origin ('https://jdjr.jd.com'). @ https://qdsdk.jd.com/2.0.0/qd.js:6
[   57403ms] [LOG] 2024-05-29 cfYxCompCyticket @ https://res.jr.jd.com/fundcomp/cyticket/1.0.0/static.umd.js:49
[   57500ms] [LOG] BASE_API== //ms.jr.jd.com @ https://res.jr.jd.com/fundcomp/cf-fund-comp-invest-edu/1.0.0/static.umd.js:9
[   59503ms] [LOG] element JSHandle@node @ https://res.jr.jd.com/fundcomp/cyticket/1.0.0/static.umd.js:49
[   59519ms] [LOG] props 2024-05-27.21 Proxy(Object) @ https://res.jr.jd.com/fundcomp/cyticket/1.0.0/static.umd.js:49
[   59520ms] [LOG] 获取数据 @ https://res.jr.jd.com/fundcomp/cyticket/1.0.0/static.umd.js:49
[   62131ms] [LOG] 风控设备指纹脚本加载成功[{"success":true,"isCache":false,"repeatCount":0}] @ https://res.jr.jd.com/fundcomp/cyticket/1.0.0/static.umd.js:26
[   62133ms] [LOG] getRiskInfo++++++=》{"jsToken":"","fp":"IHG4SdCBD2Yv9e2OUDbiwwgoY5WDhVzQ","sdkToken":"","eid":"QL2MHNHMH3OJS73ZWESBKSFCSYSHP7S336KGK2UJG4LSXKUVLACZTG4HU2UGJJXGUMUQM2Y6T2N6KIHIDGJKXU2PAY"} @ https://res.jr.jd.com/fundcomp/cyticket/1.0.0/static.umd.js:26
[   62145ms] [LOG] 风控deviceInfo参数 {jsToken: , fp: IHG4SdCBD2Yv9e2OUDbiwwgoY5WDhVzQ, sdkToken: , eid: QL2MHNHMH3OJS73ZWESBKSFCSYSHP7S336KGK2UJG4LSXKUVLACZTG4HU2UGJJXGUMUQM2Y6T2N6KIHIDGJKXU2PAY} @ https://res.jr.jd.com/fundcomp/cyticket/1.0.0/static.umd.js:49
