======================================================================
  daily_check 策略回测  ( 2025-01-01 ~ 2025-12-31 )
======================================================================
  初始本金: ¥100,000   最大持仓: 5 只   共识阈值: 2人

  📊 数据规模:
     净值曲线: 273 只基金
     大佬交易: 8856 笔
     name_map: 433 条
     交易日: 365 天 (2025-01-01 ~ 2025-12-31)
     共识信号: 3041 条

──────────────────────────────────────────────────────────────────────
  📈 回测结果
──────────────────────────────────────────────────────────────────────
  最终资产:     ¥  100,773.11
  总收益率:        +0.77%   ( 2025-01-01 ~ 2025-12-31 )
  年化收益:        +0.78%
  夏普比率:         0.19
  最大回撤:        -2.54%
  交易次数:         5 买 /     0 卖
  胜率:              0.0%

  基准 (沪深300):    +19.77%   (年化 +19.84%)
  Alpha (超额):     -19.07%
──────────────────────────────────────────────────────────────────────

  📊 与 best_config 对比 (年化 24.13%, 夏普 1.52, 回撤 4.65%):
     收益:  +0.78% vs +24.13%  → ❌ 较弱
     夏普:  +0.19 vs +1.52  → ❌ 较弱
     回撤:  -2.54% vs +4.65%  → ✅ 更小

  💾 详细: reports\backtest_daily_check_20260713_165023.json

