======================================================================
EXTENDED GRID V2 - 2024-03-11~2026-07-01, 28 months
TP=15 TRAIL=10 (fixed champion)
Grid: HOLD=[30, 45, 60, 90] x MAX_HOLD=[3, 5, 8] x MIN_BUY=[1, 2]
Combos: 24
======================================================================
  h=30 mh=3 mb=1         ret=  58.66% ann= 22.17% sh= 1.50 dd=  -7.07% trd=   72/69 wr=62.3% alp=  58.66% [ 3.1s]
  h=30 mh=3 mb=2         ret=  46.64% ann= 18.07% sh= 1.53 dd=  -6.06% trd=   36/33 wr=75.8% alp=  46.64% [ 2.6s]
  h=30 mh=5 mb=1         ret= 122.69% ann= 41.52% sh= 1.86 dd= -10.73% trd= 108/103 wr=63.1% alp= 122.69% [ 2.9s]
  h=30 mh=5 mb=2         ret=  52.71% ann= 20.16% sh= 1.33 dd=  -9.97% trd=   48/43 wr=76.7% alp=  52.71% [ 2.5s]
  h=30 mh=8 mb=1         ret= 133.46% ann= 44.45% sh= 1.76 dd= -12.64% trd= 148/140 wr=60.7% alp= 133.46% [ 3.1s]
  h=30 mh=8 mb=2         ret=  69.96% ann= 25.87% sh= 1.39 dd=  -7.89% trd=   64/56 wr=75.0% alp=  69.96% [ 2.7s]
  h=45 mh=3 mb=1         ret=  53.48% ann= 20.42% sh= 1.38 dd=  -7.72% trd=   63/60 wr=46.7% alp=  53.48% [ 3.1s]
  h=45 mh=3 mb=2         ret=  36.83% ann= 14.57% sh= 1.26 dd=  -6.20% trd=   30/27 wr=66.7% alp=  36.83% [ 2.8s]
  h=45 mh=5 mb=1         ret=  86.07% ann= 30.91% sh= 1.44 dd= -14.23% trd=   94/89 wr=52.8% alp=  86.07% [ 4.0s]
  h=45 mh=5 mb=2         ret=  45.30% ann= 17.59% sh= 1.13 dd=  -9.82% trd=   43/38 wr=68.4% alp=  45.30% [ 6.2s]
  h=45 mh=8 mb=1         ret= 111.45% ann= 38.38% sh= 1.57 dd= -15.14% trd= 129/121 wr=50.4% alp= 111.45% [ 6.6s]
  h=45 mh=8 mb=2         ret=  70.12% ann= 25.92% sh= 1.39 dd=  -7.70% trd=   59/51 wr=72.5% alp=  70.12% [ 5.2s]
  h=60 mh=3 mb=1         ret=  61.73% ann= 23.19% sh= 1.58 dd=  -7.60% trd=   61/58 wr=53.4% alp=  61.73% [ 5.6s]
  h=60 mh=3 mb=2         ret=  34.53% ann= 13.73% sh= 1.27 dd=  -6.84% trd=   28/25 wr=68.0% alp=  34.53% [ 5.2s]
  h=60 mh=5 mb=1         ret=  97.24% ann= 34.27% sh= 1.54 dd= -14.82% trd=   87/82 wr=57.3% alp=  97.24% [ 5.9s]
  h=60 mh=5 mb=2         ret=  49.37% ann= 19.01% sh= 1.18 dd=  -8.65% trd=   40/35 wr=71.4% alp=  49.37% [ 7.2s]
  h=60 mh=8 mb=1         ret= 109.57% ann= 37.84% sh= 1.54 dd= -15.20% trd= 116/108 wr=52.8% alp= 109.57% [ 7.0s]
  h=60 mh=8 mb=2         ret=  71.56% ann= 26.38% sh= 1.41 dd=  -7.97% trd=   57/49 wr=73.5% alp=  71.56% [ 6.1s]
  h=90 mh=3 mb=1         ret=  62.81% ann= 23.54% sh= 1.54 dd=  -6.14% trd=   55/52 wr=59.6% alp=  62.81% [ 6.6s]
  h=90 mh=3 mb=2         ret=  45.41% ann= 17.63% sh= 1.42 dd=  -6.84% trd=   30/27 wr=74.1% alp=  45.41% [ 5.5s]
  h=90 mh=5 mb=1         ret= 101.38% ann= 35.48% sh= 1.56 dd= -14.82% trd=   85/80 wr=56.2% alp= 101.38% [ 5.8s]
  h=90 mh=5 mb=2         ret=  54.69% ann= 20.83% sh= 1.26 dd=  -8.65% trd=   40/35 wr=77.1% alp=  54.69% [ 5.3s]
  h=90 mh=8 mb=1         ret=  97.70% ann= 34.40% sh= 1.40 dd= -15.20% trd= 115/107 wr=54.2% alp=  97.70% [ 5.6s]
  h=90 mh=8 mb=2         ret=  70.14% ann= 25.93% sh= 1.36 dd=  -7.88% trd=   58/50 wr=70.0% alp=  70.14% [ 5.0s]

======================================================================
TOP 5 by Calmar (annualized / |drawdown|):
----------------------------------------------------------------------
  1. h=30 mh=5 mb=1 ret=122.69% ann=41.52% dd=-10.73% Calmar=3.87
  2. h=90 mh=3 mb=1 ret=62.81% ann=23.54% dd=-6.14% Calmar=3.83
  3. h=30 mh=8 mb=1 ret=133.46% ann=44.45% dd=-12.64% Calmar=3.52
  4. h=45 mh=8 mb=2 ret=70.12% ann=25.92% dd=-7.70% Calmar=3.37
  5. h=60 mh=8 mb=2 ret=71.56% ann=26.38% dd=-7.97% Calmar=3.31

TOP 5 by total return:
  1. h=30 mh=8 mb=1 ret=133.46% sh=1.76 dd=-12.64%
  2. h=30 mh=5 mb=1 ret=122.69% sh=1.86 dd=-10.73%
  3. h=45 mh=8 mb=1 ret=111.45% sh=1.57 dd=-15.14%
  4. h=60 mh=8 mb=1 ret=109.57% sh=1.54 dd=-15.20%
  5. h=90 mh=5 mb=1 ret=101.38% sh=1.56 dd=-14.82%

TOP 5 by Sharpe:
  1. h=30 mh=5 mb=1 ret=122.69% sh=1.86 dd=-10.73%
  2. h=30 mh=8 mb=1 ret=133.46% sh=1.76 dd=-12.64%
  3. h=60 mh=3 mb=1 ret=61.73% sh=1.58 dd=-7.60%
  4. h=45 mh=8 mb=1 ret=111.45% sh=1.57 dd=-15.14%
  5. h=90 mh=5 mb=1 ret=101.38% sh=1.56 dd=-14.82%

======================================================================
CHAMPION (by Calmar):
  hold=30 max_hold=5 min_buy=1 tp=15 trail=10
  total_return = 122.69%
  annualized   = 41.52%
  sharpe       = 1.86
  max_drawdown = -10.73%
  alpha        = 122.69%
  win_rate     = 63.1%
  n_buy/n_sell = 108/103

Written: C:\fund\logs\v2_extended_grid.json
