trading_by_date 总 448 天, 2024-03-11 ~ 2026-07-01
1年窗口交易天数: 248
3年窗口交易天数: 448
1年窗口 双周频 再平衡 24 次

=== 测试: 截止 2025-12-12, 60天窗口 2025-09-09 ~ 2025-12-11 (60天) ===
窗口净买入 TOP5 大佬:
  蓝鲸跃财: 155.2万
  黑夜银翼: 15.7万

窗口内 TOP5 大佬买入的基金 (按笔数):
  12 嘉实上海金ETF发起联接C -> 016582 N
  12 富国中证港股通互联网ETF发起式联接C -> 014674 Y
  10 华夏人工智能ETF联接D -> 021580 N
  9 上银数字经济混合发起式C -> 021594 N
  8 嘉实上证科创板芯片ETF发起联接C -> 017470 Y
  8 东方阿尔法科技智选混合发起C -> 025500 Y
  8 上银国证自由现金流指数C -> 024074 Y
  7 创金合信新材料新能源股票C -> 011143 N
  7 华夏中证光伏产业指数发起式C ->  N
  7 嘉实中证A500ETF联接C -> 022454 N
  6 前海开源嘉鑫混合C -> 001770 N
  6 嘉实低碳精选混合发起式C -> 017037 N
  5 国泰中证港股通科技ETF发起联接C -> 015740 Y
  4 嘉实中证稀土产业ETF联接C -> 011036 Y
  4 华夏创业板新能源ETF发起式联接C -> 024420 N
  3 易方达恒生港股通创新药ETF联接发起式C -> 024329 Y
  3 国泰中证有色金属矿业主题ETF发起联接C ->  N
  3 创金合信资源主题精选股票C ->  N
  3 兴业上证科创板人工智能指数C -> 024751 N
  3 景顺长城中证港股通创新药ETF联接C -> 023598 N

r3m 排行 TOP15 (基于 2025-12-12 截止 chart):
  161226 r3m=49.26
  019005 r3m=49.10
  018291 r3m=37.84
  011369 r3m=33.60
  011370 r3m=33.40
  018155 r3m=32.77
  013840 r3m=29.80
  013841 r3m=29.71
  290008 r3m=29.08
  720001 r3m=28.36
  021523 r3m=28.21
  001480 r3m=27.41
  021528 r3m=27.30
  011452 r3m=27.07
  016371 r3m=26.91

交集 (大佬买入 ∩ r3m TOP30): 0 只
  []
